Log file open, 06/10/18 15:32:00
LogWindows: Failed to load 'aqProf.dll' (GetLastError=126)
LogWindows: File 'aqProf.dll' does not exist
LogWindows: Failed to load 'VtuneApi.dll' (GetLastError=126)
LogWindows: File 'VtuneApi.dll' does not exist
LogWindows: Failed to load 'VtuneApi32e.dll' (GetLastError=126)
LogWindows: File 'VtuneApi32e.dll' does not exist
LogInit: Display: Running engine for game: Calio
LogPlatformFile: Not using cached read wrapper
LogInit: Display: RandInit(1777316969) SRandInit(1777316969).
LogInit: Read version file with build ID '3944462'
LogInit: Overriding engine version to CL 4033788, compatible CL 3944462
LogInit: Registered custom module enumerator with build ID '3944462'
LogTaskGraph: Started task graph with 5 named threads and 23 total threads with 3 sets of task threads.
LogStats: Stats thread started at 0.253820
LogD3D11RHI: Aftermath initialized
LogICUInternationalization: Display: ICU TimeZone Detection - Raw Offset: +1:00, Platform Override: ''
LogModuleManager: Display: Found up-to-date module file ../../../Engine/Plugins/2D/Paper2D/Binaries/Win64/UE4Editor-Paper2D.dll (API version 3944462).
LogModuleManager: Display: Found up-to-date module file ../../../Engine/Plugins/2D/Paper2D/Binaries/Win64/UE4Editor-Paper2DEditor.dll (API version 3944462).
LogModuleManager: Display: Found up-to-date module file ../../../Engine/Plugins/2D/Paper2D/Binaries/Win64/UE4Editor-PaperSpriteSheetImporter.dll (API version 3944462).
LogModuleManager: Display: Found up-to-date module file ../../../Engine/Plugins/2D/Paper2D/Binaries/Win64/UE4Editor-PaperTiledImporter.dll (API version 3944462).
LogModuleManager: Display: Found up-to-date module file ../../../Engine/Plugins/2D/Paper2D/Binaries/Win64/UE4Editor-SmartSnapping.dll (API version 3944462).
LogModuleManager: Display: Found up-to-date module file ../../../Engine/Plugins/Blendables/LightPropagationVolume/Binaries/Win64/UE4Editor-LightPropagationVolumeRuntime.dll (API version 3944462).
LogModuleManager: Display: Found up-to-date module file ../../../Engine/Plugins/Blendables/LightPropagationVolume/Binaries/Win64/UE4Editor-LightPropagationVolumeEditor.dll (API version 3944462).
LogModuleManager: Display: Found up-to-date module file ../../../Engine/Plugins/Developer/CLionSourceCodeAccess/Binaries/Win64/UE4Editor-CLionSourceCodeAccess.dll (API version 3944462).
LogModuleManager: Display: Found up-to-date module file ../../../Engine/Plugins/Developer/GitSourceControl/Binaries/Win64/UE4Editor-GitSourceControl.dll (API version 3944462).
LogModuleManager: Display: Found up-to-date module file ../../../Engine/Plugins/Developer/PerforceSourceControl/Binaries/Win64/UE4Editor-PerforceSourceControl.dll (API version 3944462).
LogModuleManager: Display: Found up-to-date module file ../../../Engine/Plugins/Developer/SubversionSourceControl/Binaries/Win64/UE4Editor-SubversionSourceControl.dll (API version 3944462).
LogModuleManager: Display: Found up-to-date module file ../../../Engine/Plugins/Developer/UObjectPlugin/Binaries/Win64/UE4Editor-UObjectPlugin.dll (API version 3944462).
LogModuleManager: Display: Found up-to-date module file ../../../Engine/Plugins/Developer/VisualStudioCodeSourceCodeAccess/Binaries/Win64/UE4Editor-VisualStudioCodeSourceCodeAccess.dll (API version 3944462).
LogModuleManager: Display: Found up-to-date module file ../../../Engine/Plugins/Developer/VisualStudioSourceCodeAccess/Binaries/Win64/UE4Editor-VisualStudioSourceCodeAccess.dll (API version 3944462).
LogModuleManager: Display: Found up-to-date module file ../../../Engine/Plugins/Editor/AssetManagerEditor/Binaries/Win64/UE4Editor-AssetManagerEditor.dll (API version 3944462).
LogModuleManager: Display: Found up-to-date module file ../../../Engine/Plugins/Editor/CryptoKeys/Binaries/Win64/UE4Editor-CryptoKeys.dll (API version 3944462).
LogModuleManager: Display: Found up-to-date module file ../../../Engine/Plugins/Editor/CryptoKeys/Binaries/Win64/UE4Editor-CryptoKeysOpenSSL.dll (API version 3944462).
LogModuleManager: Display: Found up-to-date module file ../../../Engine/Plugins/Editor/DataValidation/Binaries/Win64/UE4Editor-DataValidation.dll (API version 3944462).
LogModuleManager: Display: Found up-to-date module file ../../../Engine/Plugins/Editor/FacialAnimation/Binaries/Win64/UE4Editor-FacialAnimation.dll (API version 3944462).
LogModuleManager: Display: Found up-to-date module file ../../../Engine/Plugins/Editor/FacialAnimation/Binaries/Win64/UE4Editor-FacialAnimationEditor.dll (API version 3944462).
LogModuleManager: Display: Found up-to-date module file ../../../Engine/Plugins/Editor/GameplayTagsEditor/Binaries/Win64/UE4Editor-GameplayTagsEditor.dll (API version 3944462).
LogModuleManager: Display: Found up-to-date module file ../../../Engine/Plugins/Editor/MobileLauncherProfileWizard/Binaries/Win64/UE4Editor-MobileLauncherProfileWizard.dll (API version 3944462).
LogModuleManager: Display: Found up-to-date module file ../../../Engine/Plugins/Editor/PluginBrowser/Binaries/Win64/UE4Editor-PluginBrowser.dll (API version 3944462).
LogModuleManager: Display: Found up-to-date module file ../../../Engine/Plugins/Editor/SpeedTreeImporter/Binaries/Win64/UE4Editor-SpeedTreeImporter.dll (API version 3944462).
LogModuleManager: Display: Found up-to-date module file ../../../Engine/Plugins/Enterprise/DatasmithContent/Binaries/Win64/UE4Editor-DatasmithContent.dll (API version 3944462).
LogModuleManager: Display: Found up-to-date module file ../../../Engine/Plugins/Experimental/AlembicImporter/Binaries/Win64/UE4Editor-AlembicImporter.dll (API version 3944462).
LogModuleManager: Display: Found up-to-date module file ../../../Engine/Plugins/Experimental/AlembicImporter/Binaries/Win64/UE4Editor-AlembicLibrary.dll (API version 3944462).
LogModuleManager: Display: Found up-to-date module file ../../../Engine/Plugins/Experimental/CharacterAI/Binaries/Win64/UE4Editor-CharacterAI.dll (API version 3944462).
LogModuleManager: Display: Found up-to-date module file ../../../Engine/Plugins/Experimental/HTML5Networking/Binaries/Win64/UE4Editor-HTML5Networking.dll (API version 3944462).
LogModuleManager: Display: Found up-to-date module file ../../../Engine/Plugins/Media/AndroidMedia/Binaries/Win64/UE4Editor-AndroidMediaEditor.dll (API version 3944462).
LogModuleManager: Display: Found up-to-date module file ../../../Engine/Plugins/Media/AndroidMedia/Binaries/Win64/UE4Editor-AndroidMediaFactory.dll (API version 3944462).
LogModuleManager: Display: Found up-to-date module file ../../../Engine/Plugins/Media/AvfMedia/Binaries/Win64/UE4Editor-AvfMediaEditor.dll (API version 3944462).
LogModuleManager: Display: Found up-to-date module file ../../../Engine/Plugins/Media/AvfMedia/Binaries/Win64/UE4Editor-AvfMediaFactory.dll (API version 3944462).
LogModuleManager: Display: Found up-to-date module file ../../../Engine/Plugins/Media/AvfMedia/Binaries/Win64/UE4Editor-AvfMediaFactory.dll (API version 3944462).
LogModuleManager: Display: Found up-to-date module file ../../../Engine/Plugins/Media/ImgMedia/Binaries/Win64/UE4Editor-ImgMedia.dll (API version 3944462).
LogModuleManager: Display: Found up-to-date module file ../../../Engine/Plugins/Media/ImgMedia/Binaries/Win64/UE4Editor-ImgMediaEditor.dll (API version 3944462).
LogModuleManager: Display: Found up-to-date module file ../../../Engine/Plugins/Media/ImgMedia/Binaries/Win64/UE4Editor-ImgMediaFactory.dll (API version 3944462).
LogModuleManager: Display: Found up-to-date module file ../../../Engine/Plugins/Media/ImgMedia/Binaries/Win64/UE4Editor-ImgMediaFactory.dll (API version 3944462).
LogModuleManager: Display: Found up-to-date module file ../../../Engine/Plugins/Media/ImgMedia/Binaries/Win64/UE4Editor-OpenExrWrapper.dll (API version 3944462).
LogModuleManager: Display: Found up-to-date module file ../../../Engine/Plugins/Media/LinearTimecode/Binaries/Win64/UE4Editor-LinearTimecode.dll (API version 3944462).
LogModuleManager: Display: Found up-to-date module file ../../../Engine/Plugins/Media/MediaCompositing/Binaries/Win64/UE4Editor-MediaCompositing.dll (API version 3944462).
LogModuleManager: Display: Found up-to-date module file ../../../Engine/Plugins/Media/MediaCompositing/Binaries/Win64/UE4Editor-MediaCompositingEditor.dll (API version 3944462).
LogModuleManager: Display: Found up-to-date module file ../../../Engine/Plugins/Media/MediaPlayerEditor/Binaries/Win64/UE4Editor-MediaPlayerEditor.dll (API version 3944462).
LogModuleManager: Display: Found up-to-date module file ../../../Engine/Plugins/Media/WmfMedia/Binaries/Win64/UE4Editor-WmfMedia.dll (API version 3944462).
LogModuleManager: Display: Found up-to-date module file ../../../Engine/Plugins/Media/WmfMedia/Binaries/Win64/UE4Editor-WmfMediaEditor.dll (API version 3944462).
LogModuleManager: Display: Found up-to-date module file ../../../Engine/Plugins/Media/WmfMedia/Binaries/Win64/UE4Editor-WmfMediaFactory.dll (API version 3944462).
LogModuleManager: Display: Found up-to-date module file ../../../Engine/Plugins/Media/WmfMedia/Binaries/Win64/UE4Editor-WmfMediaFactory.dll (API version 3944462).
LogModuleManager: Display: Found up-to-date module file ../../../Engine/Plugins/Messaging/TcpMessaging/Binaries/Win64/UE4Editor-TcpMessaging.dll (API version 3944462).
LogModuleManager: Display: Found up-to-date module file ../../../Engine/Plugins/Messaging/UdpMessaging/Binaries/Win64/UE4Editor-UdpMessaging.dll (API version 3944462).
LogModuleManager: Display: Found up-to-date module file ../../../Engine/Plugins/MovieScene/ActorSequence/Binaries/Win64/UE4Editor-ActorSequence.dll (API version 3944462).
LogModuleManager: Display: Found up-to-date module file ../../../Engine/Plugins/MovieScene/LevelSequenceEditor/Binaries/Win64/UE4Editor-LevelSequenceEditor.dll (API version 3944462).
LogModuleManager: Display: Found up-to-date module file ../../../Engine/Plugins/MovieScene/MatineeToLevelSequence/Binaries/Win64/UE4Editor-MatineeToLevelSequence.dll (API version 3944462).
LogModuleManager: Display: Found up-to-date module file ../../../Engine/Plugins/NetcodeUnitTest/NetcodeUnitTest/Binaries/Win64/UE4Editor-NetcodeUnitTest.dll (API version 3944462).
LogModuleManager: Display: Found up-to-date module file ../../../Engine/Plugins/NetcodeUnitTest/NUTUnrealEngine4/Binaries/Win64/UE4Editor-NUTUnrealEngine4.dll (API version 3944462).
LogModuleManager: Display: Found up-to-date module file ../../../Engine/Plugins/Online/OnlineSubsystem/Binaries/Win64/UE4Editor-OnlineSubsystem.dll (API version 3944462).
LogModuleManager: Display: Found up-to-date module file ../../../Engine/Plugins/Runtime/AndroidPermission/Binaries/Win64/UE4Editor-AndroidPermission.dll (API version 3944462).
LogModuleManager: Display: Found up-to-date module file ../../../Engine/Plugins/Online/OnlineSubsystemNull/Binaries/Win64/UE4Editor-OnlineSubsystemNull.dll (API version 3944462).
LogModuleManager: Display: Found up-to-date module file ../../../Engine/Plugins/Online/OnlineSubsystemUtils/Binaries/Win64/UE4Editor-OnlineSubsystemUtils.dll (API version 3944462).
LogModuleManager: Display: Found up-to-date module file ../../../Engine/Plugins/Online/OnlineSubsystemUtils/Binaries/Win64/UE4Editor-OnlineBlueprintSupport.dll (API version 3944462).
LogModuleManager: Display: Found up-to-date module file ../../../Engine/Plugins/Runtime/AndroidDeviceProfileSelector/Binaries/Win64/UE4Editor-AndroidDeviceProfileSelector.dll (API version 3944462).
LogModuleManager: Display: Found up-to-date module file ../../../Engine/Plugins/Runtime/AppleARKit/Binaries/Win64/UE4Editor-AppleARKit.dll (API version 3944462).
LogModuleManager: Display: Found up-to-date module file ../../../Engine/Plugins/Runtime/ProceduralMeshComponent/Binaries/Win64/UE4Editor-ProceduralMeshComponent.dll (API version 3944462).
LogModuleManager: Display: Found up-to-date module file ../../../Engine/Plugins/Runtime/ProceduralMeshComponent/Binaries/Win64/UE4Editor-ProceduralMeshComponentEditor.dll (API version 3944462).
LogModuleManager: Display: Found up-to-date module file ../../../Engine/Plugins/Animation/LiveLink/Binaries/Win64/UE4Editor-LiveLink.dll (API version 3944462).
LogModuleManager: Display: Found up-to-date module file ../../../Engine/Plugins/Animation/LiveLink/Binaries/Win64/UE4Editor-LiveLinkEditor.dll (API version 3944462).
LogModuleManager: Display: Found up-to-date module file ../../../Engine/Plugins/Runtime/ArchVisCharacter/Binaries/Win64/UE4Editor-ArchVisCharacter.dll (API version 3944462).
LogModuleManager: Display: Found up-to-date module file ../../../Engine/Plugins/Runtime/AudioCapture/Binaries/Win64/UE4Editor-AudioCapture.dll (API version 3944462).
LogModuleManager: Display: Found up-to-date module file ../../../Engine/Plugins/Runtime/AudioCapture/Binaries/Win64/UE4Editor-AudioCaptureEditor.dll (API version 3944462).
LogModuleManager: Display: Found up-to-date module file ../../../Engine/Plugins/Runtime/CableComponent/Binaries/Win64/UE4Editor-CableComponent.dll (API version 3944462).
LogModuleManager: Display: Found up-to-date module file ../../../Engine/Plugins/Runtime/CustomMeshComponent/Binaries/Win64/UE4Editor-CustomMeshComponent.dll (API version 3944462).
LogModuleManager: Display: Found up-to-date module file ../../../Engine/Plugins/Runtime/ExampleDeviceProfileSelector/Binaries/Win64/UE4Editor-ExampleDeviceProfileSelector.dll (API version 3944462).
LogModuleManager: Display: Found up-to-date module file ../../../Engine/Plugins/Runtime/ImmediatePhysics/Binaries/Win64/UE4Editor-ImmediatePhysics.dll (API version 3944462).
LogModuleManager: Display: Found up-to-date module file ../../../Engine/Plugins/Runtime/ImmediatePhysics/Binaries/Win64/UE4Editor-ImmediatePhysicsEditor.dll (API version 3944462).
LogModuleManager: Display: Found up-to-date module file ../../../Engine/Plugins/Runtime/LocationServicesBPLibrary/Binaries/Win64/UE4Editor-LocationServicesBPLibrary.dll (API version 3944462).
LogModuleManager: Display: Found up-to-date module file ../../../Engine/Plugins/Runtime/MobilePatchingUtils/Binaries/Win64/UE4Editor-MobilePatchingUtils.dll (API version 3944462).
LogModuleManager: Display: Found up-to-date module file ../../../Engine/Plugins/Runtime/Oculus/OculusVR/Binaries/Win64/UE4Editor-OculusHMD.dll (API version 3944462).
LogModuleManager: Display: Found up-to-date module file ../../../Engine/Plugins/Runtime/Oculus/OculusVR/Binaries/Win64/UE4Editor-OculusInput.dll (API version 3944462).
LogModuleManager: Display: Found up-to-date module file ../../../Engine/Plugins/Runtime/Oculus/OculusVR/Binaries/Win64/UE4Editor-OculusEditor.dll (API version 3944462).
LogModuleManager: Display: Found up-to-date module file ../../../Engine/Plugins/Runtime/PhysXVehicles/Binaries/Win64/UE4Editor-PhysXVehicles.dll (API version 3944462).
LogModuleManager: Display: Found up-to-date module file ../../../Engine/Plugins/Runtime/PhysXVehicles/Binaries/Win64/UE4Editor-PhysXVehiclesEditor.dll (API version 3944462).
LogModuleManager: Display: Found up-to-date module file ../../../Engine/Plugins/Runtime/RuntimePhysXCooking/Binaries/Win64/UE4Editor-RuntimePhysXCooking.dll (API version 3944462).
LogModuleManager: Display: Found up-to-date module file ../../../Engine/Plugins/Runtime/Steam/SteamVR/Binaries/Win64/UE4Editor-SteamVR.dll (API version 3944462).
LogModuleManager: Display: Found up-to-date module file ../../../Engine/Plugins/Runtime/Steam/SteamVR/Binaries/Win64/UE4Editor-SteamVRController.dll (API version 3944462).
LogModuleManager: Display: Found up-to-date module file ../../../Engine/Plugins/Runtime/WindowsMoviePlayer/Binaries/Win64/UE4Editor-WindowsMoviePlayer.dll (API version 3944462).
LogPluginManager: Mounting plugin Paper2D
LogPluginManager: Mounting plugin LiveLink
LogPluginManager: Mounting plugin LightPropagationVolume
LogPluginManager: Mounting plugin CLionSourceCodeAccess
LogPluginManager: Mounting plugin CodeLiteSourceCodeAccess
LogPluginManager: Mounting plugin GitSourceControl
LogPluginManager: Mounting plugin KDevelopSourceCodeAccess
LogPluginManager: Mounting plugin NullSourceCodeAccess
LogPluginManager: Mounting plugin PerforceSourceControl
LogPluginManager: Mounting plugin SubversionSourceControl
LogPluginManager: Mounting plugin UObjectPlugin
LogPluginManager: Mounting plugin VisualStudioCodeSourceCodeAccess
LogPluginManager: Mounting plugin VisualStudioSourceCodeAccess
LogPluginManager: Mounting plugin XCodeSourceCodeAccess
LogPluginManager: Mounting plugin AssetManagerEditor
LogPluginManager: Mounting plugin CryptoKeys
LogPluginManager: Mounting plugin DataValidation
LogPluginManager: Mounting plugin FacialAnimation
LogPluginManager: Mounting plugin GameplayTagsEditor
LogPluginManager: Mounting plugin MobileLauncherProfileWizard
LogPluginManager: Mounting plugin PluginBrowser
LogPluginManager: Mounting plugin SpeedTreeImporter
LogPluginManager: Mounting plugin DatasmithContent
LogPluginManager: Mounting plugin AlembicImporter
LogPluginManager: Mounting plugin CharacterAI
LogPluginManager: Mounting plugin HTML5Networking
LogPluginManager: Mounting plugin AndroidMedia
LogPluginManager: Mounting plugin AvfMedia
LogPluginManager: Mounting plugin ImgMedia
LogPluginManager: Mounting plugin LinearTimecode
LogPluginManager: Mounting plugin MediaCompositing
LogPluginManager: Mounting plugin MediaPlayerEditor
LogPluginManager: Mounting plugin WmfMedia
LogPluginManager: Mounting plugin TcpMessaging
LogPluginManager: Mounting plugin UdpMessaging
LogPluginManager: Mounting plugin ActorSequence
LogPluginManager: Mounting plugin LevelSequenceEditor
LogPluginManager: Mounting plugin MatineeToLevelSequence
LogPluginManager: Mounting plugin NetcodeUnitTest
LogPluginManager: Mounting plugin NUTUnrealEngine4
LogPluginManager: Mounting plugin OnlineSubsystemGooglePlay
LogPluginManager: Mounting plugin OnlineSubsystemIOS
LogPluginManager: Mounting plugin OnlineSubsystem
LogPluginManager: Mounting plugin OnlineSubsystemNull
LogPluginManager: Mounting plugin OnlineSubsystemUtils
LogPluginManager: Mounting plugin AndroidDeviceProfileSelector
LogPluginManager: Mounting plugin AndroidMoviePlayer
LogPluginManager: Mounting plugin AndroidPermission
LogPluginManager: Mounting plugin AppleARKit
LogPluginManager: Mounting plugin AppleMoviePlayer
LogPluginManager: Mounting plugin ArchVisCharacter
LogPluginManager: Mounting plugin AudioCapture
LogPluginManager: Mounting plugin CableComponent
LogPluginManager: Mounting plugin CustomMeshComponent
LogPluginManager: Mounting plugin ExampleDeviceProfileSelector
LogPluginManager: Mounting plugin GoogleCloudMessaging
LogPluginManager: Mounting plugin ImmediatePhysics
LogPluginManager: Mounting plugin IOSDeviceProfileSelector
LogPluginManager: Mounting plugin LinuxDeviceProfileSelector
LogPluginManager: Mounting plugin LocationServicesBPLibrary
LogPluginManager: Mounting plugin MobilePatchingUtils
LogPluginManager: Mounting plugin OculusVR
LogPluginManager: Plugin shader directory ../../../Engine/Plugins/Runtime/Oculus/OculusVR/Shaders found
LogPluginManager: Mapping shader source directory ../../../Engine/Plugins/Runtime/Oculus/OculusVR/Shaders to virtual directory /Plugin/OculusVR
LogPluginManager: Mounting plugin PhysXVehicles
LogPluginManager: Mounting plugin ProceduralMeshComponent
LogPluginManager: Mounting plugin RuntimePhysXCooking
LogPluginManager: Mounting plugin SteamVR
LogPluginManager: Mounting plugin WindowsMoviePlayer
LogStreaming: Display: Took  0.782s to configure plugins.
LogInit: Using libcurl 7.47.1
LogInit:  - built for x86_64-pc-win32
LogInit:  - supports SSL with OpenSSL/1.0.2g
LogInit:  - supports HTTP deflate (compression) using libz 1.2.8
LogInit:  - other features:
LogInit:      CURL_VERSION_SSL
LogInit:      CURL_VERSION_LIBZ
LogInit:      CURL_VERSION_IPV6
LogInit:      CURL_VERSION_ASYNCHDNS
LogInit:      CURL_VERSION_LARGEFILE
LogInit:      CURL_VERSION_IDN
LogInit:  CurlRequestOptions (configurable via config and command line):
LogInit:  - bVerifyPeer = false  - Libcurl will NOT verify peer certificate
LogInit:  - bUseHttpProxy = false  - Libcurl will NOT use HTTP proxy
LogInit:  - bDontReuseConnections = false  - Libcurl will reuse connections
LogInit:  - CertBundlePath = nullptr  - Libcurl will use whatever was configured at build time.
LogInit:  - MaxHostConnections = 16  - Libcurl will limit the number of connections to a host
LogInit:  - LocalHostAddr = Default
LogInit: WinSock: version 1.1 (2.2), MaxSocks=32767, MaxUdp=65467
LogInit: WinSock: I am Leons-PC (192.168.178.39:0)
LogInit: Build: ++UE4+Release-4.19-CL-4033788
LogInit: Engine Version: 4.19.2-4033788+++UE4+Release-4.19
LogInit: Compatible Engine Version: 4.19.0-3944462+++UE4+Release-4.19
LogInit: Net CL: 3944462
LogDevObjectVersion: Number of dev versions registered: 18
LogDevObjectVersion:   Dev-Blueprints (B0D832E4-1F89-4F0D-ACCF-7EB736FD4AA2): 10
LogDevObjectVersion:   Dev-Build (E1C64328-A22C-4D53-A36C-8E866417BD8C): 0
LogDevObjectVersion:   Dev-Core (375EC13C-06E4-48FB-B500-84F0262A717E): 2
LogDevObjectVersion:   Dev-Editor (E4B068ED-F494-42E9-A231-DA0B2E46BB41): 23
LogDevObjectVersion:   Dev-Framework (CFFC743F-43B0-4480-9391-14DF171D2073): 33
LogDevObjectVersion:   Dev-Mobile (B02B49B5-BB20-44E9-A304-32B752E40360): 2
LogDevObjectVersion:   Dev-Networking (A4E4105C-59A1-49B5-A7C5-40C4547EDFEE): 0
LogDevObjectVersion:   Dev-Online (39C831C9-5AE6-47DC-9A44-9C173E1C8E7C): 0
LogDevObjectVersion:   Dev-Physics (78F01B33-EBEA-4F98-B9B4-84EACCB95AA2): 0
LogDevObjectVersion:   Dev-Platform (6631380F-2D4D-43E0-8009-CF276956A95A): 0
LogDevObjectVersion:   Dev-Rendering (12F88B9F-8875-4AFC-A67C-D90C383ABD29): 25
LogDevObjectVersion:   Dev-Sequencer (7B5AE74C-D270-4C10-A958-57980B212A5A): 6
LogDevObjectVersion:   Dev-VR (D7296918-1DD6-4BDD-9DE2-64A83CC13884): 1
LogDevObjectVersion:   Dev-LoadTimes (C2A15278-BFE7-4AFE-6C17-90FF531DF755): 1
LogDevObjectVersion:   Private-Geometry (6EACA3D4-40EC-4CC1-B786-8BED09428FC5): 2
LogDevObjectVersion:   Dev-AnimPhys (29E575DD-E0A3-4627-9D10-D276232CDCEA): 16
LogDevObjectVersion:   Dev-ReflectionCapture (6B266CEC-1EC7-4B8F-A30B-E4D90942FC07): 1
LogDevObjectVersion:   Dev-Automation (0DF73D61-A23F-47EA-B727-89E90C41499A): 1
LogInit: Compiled (64-bit): Apr 27 2018 02:06:57
LogInit: Compiled with Visual C++: 19.00.24215.01
LogInit: Build Configuration: Development
LogInit: Branch Name: ++UE4+Release-4.19
LogInit: Command Line: -EpicPortal 
LogInit: Base Directory: I:/UnrealEngine/UE_4.19/Engine/Binaries/Win64/
LogInit: Installed Engine Build: 1
LogStreaming: Display: Took  0.000s to delete old logs.
LogInit: Presizing for max 8388607 objects, including 0 objects not considered by GC, pre-allocating 0 bytes for permanent pool.
LogInit: Object subsystem initialized
[2018.06.10-13.32.01:300][  0]LogInit: Selected Device Profile: [Windows]
[2018.06.10-13.32.01:300][  0]LogInit: Applying CVar settings loaded from the selected device profile: [Windows]
[2018.06.10-13.32.01:313][  0]LogInit: Computer: LEONS-PC
[2018.06.10-13.32.01:313][  0]LogInit: User: Leon
[2018.06.10-13.32.01:313][  0]LogInit: CPU Page size=4096, Cores=4
[2018.06.10-13.32.01:313][  0]LogInit: High frequency timer resolution =3.914067 MHz
[2018.06.10-13.32.01:313][  0]LogMemory: Memory total: Physical=6.4GB (7GB approx)
[2018.06.10-13.32.01:313][  0]LogMemory: Platform Memory Stats for Windows
[2018.06.10-13.32.01:313][  0]LogMemory: Process Physical Memory: 275.24 MB used, 275.24 MB peak
[2018.06.10-13.32.01:313][  0]LogMemory: Process Virtual Memory: 264.57 MB used, 264.57 MB peak
[2018.06.10-13.32.01:313][  0]LogMemory: Physical Memory: 5954.62 MB used,  597.58 MB free, 6552.20 MB total
[2018.06.10-13.32.01:313][  0]LogMemory: Virtual Memory: 645.19 MB used,  597.58 MB free, 134217728.00 MB total
[2018.06.10-13.32.01:361][  0]LogInit: Using OS detected language (de-DE).
[2018.06.10-13.32.01:361][  0]LogInit: Using OS detected locale (de-DE).
[2018.06.10-13.32.01:367][  0]LogTextLocalizationManager: No localization for 'de-DE' exists, so 'en' will be used for the language.
[2018.06.10-13.32.01:750][  0]LogStreaming: Display: Took  0.389s to EndInitTextLocalization.
[2018.06.10-13.32.01:751][  0]LogInit: Setting process to per monitor DPI aware
[2018.06.10-13.32.01:821][  0]LogSlate: New Slate User Created.  User Index 0, Is Virtual User: 0
[2018.06.10-13.32.01:821][  0]LogSlate: Slate User Registered.  User Index 0, Is Virtual User: 0
[2018.06.10-13.32.02:112][  0]LogD3D11RHI: D3D11 adapters:
[2018.06.10-13.32.02:204][  0]LogD3D11RHI:    0. 'NVIDIA GeForce GTX 980 Ti' (Feature Level 11_0)
[2018.06.10-13.32.02:204][  0]LogD3D11RHI:       6097/0/3276 MB DedicatedVideo/DedicatedSystem/SharedSystem, Outputs:3, VendorId:0x10de
[2018.06.10-13.32.02:221][  0]LogD3D11RHI:    1. 'Microsoft Basic Render Driver' (Feature Level 11_0)
[2018.06.10-13.32.02:221][  0]LogD3D11RHI:       0/0/3276 MB DedicatedVideo/DedicatedSystem/SharedSystem, Outputs:0, VendorId:0x1414
[2018.06.10-13.32.02:221][  0]LogD3D11RHI: Chosen D3D11 Adapter: 0
[2018.06.10-13.32.02:228][  0]LogD3D11RHI: Creating new Direct3DDevice
[2018.06.10-13.32.02:228][  0]LogD3D11RHI:     GPU DeviceId: 0x17c8 (for the marketing name, search the web for "GPU Device Id")
[2018.06.10-13.32.02:228][  0]LogWindows: EnumDisplayDevices:
[2018.06.10-13.32.02:228][  0]LogWindows:    0. 'NVIDIA GeForce GTX 980 Ti' (P:0 D:1)
[2018.06.10-13.32.02:228][  0]LogWindows:    1. 'NVIDIA GeForce GTX 980 Ti' (P:1 D:1)
[2018.06.10-13.32.02:228][  0]LogWindows:    2. 'NVIDIA GeForce GTX 980 Ti' (P:0 D:1)
[2018.06.10-13.32.02:228][  0]LogWindows:    3. 'NVIDIA GeForce GTX 980 Ti' (P:0 D:0)
[2018.06.10-13.32.02:228][  0]LogWindows: DebugString: FoundDriverCount:4 
[2018.06.10-13.32.02:228][  0]LogD3D11RHI:     Adapter Name: NVIDIA GeForce GTX 980 Ti
[2018.06.10-13.32.02:228][  0]LogD3D11RHI:   Driver Version: 391.35 (internal:23.21.13.9135, unified:391.35)
[2018.06.10-13.32.02:228][  0]LogD3D11RHI:      Driver Date: 3-23-2018
[2018.06.10-13.32.02:228][  0]LogRHI: Texture pool is 4268 MB (70% of 6097 MB)
[2018.06.10-13.32.02:260][  0]LogD3D11RHI: [Aftermath] Aftermath enabled and primed
[2018.06.10-13.32.02:260][  0]LogD3D11RHI: [Aftermath] Aftermath enabled and primed
[2018.06.10-13.32.02:260][  0]LogD3D11RHI: Async texture creation enabled
[2018.06.10-13.32.02:292][  0]LogD3D11RHI: GPU Timing Frequency: 1000.000000 (Debug: 2 2)
[2018.06.10-13.32.02:428][  0]LogShaderCompilers: Guid format shader working directory is 8 characters bigger than the processId version (../../../../../Unreal Engine 4/Calio/Intermediate/Shaders/WorkingDirectory/14564/).
[2018.06.10-13.32.02:428][  0]LogShaderCompilers: Cleaned the shader compiler working directory 'C:/Users/Leon/AppData/Local/Temp/UnrealShaderWorkingDir/41F9D2244F5C9F9D615BFA9DB1549A5C/'.
[2018.06.10-13.32.02:740][  0]LogTemp: Display: Loaded TP AllDesktopTargetPlatform
[2018.06.10-13.32.02:751][  0]LogTemp: Display: Loaded TP MacClientTargetPlatform
[2018.06.10-13.32.02:762][  0]LogTemp: Display: Loaded TP MacNoEditorTargetPlatform
[2018.06.10-13.32.02:772][  0]LogTemp: Display: Loaded TP MacServerTargetPlatform
[2018.06.10-13.32.02:784][  0]LogTemp: Display: Loaded TP MacTargetPlatform
[2018.06.10-13.32.02:795][  0]LogTemp: Display: Loaded TP WindowsClientTargetPlatform
[2018.06.10-13.32.02:806][  0]LogTemp: Display: Loaded TP WindowsNoEditorTargetPlatform
[2018.06.10-13.32.02:817][  0]LogTemp: Display: Loaded TP WindowsServerTargetPlatform
[2018.06.10-13.32.02:822][  0]LogTemp: Display: Loaded TP WindowsTargetPlatform
[2018.06.10-13.32.02:832][  0]LogTemp: Display: Loaded TP Android_ASTCTargetPlatform
[2018.06.10-13.32.02:841][  0]LogTemp: Display: Loaded TP Android_ATCTargetPlatform
[2018.06.10-13.32.02:851][  0]LogTemp: Display: Loaded TP Android_DXTTargetPlatform
[2018.06.10-13.32.02:861][  0]LogTemp: Display: Loaded TP Android_ETC1aTargetPlatform
[2018.06.10-13.32.02:870][  0]LogTemp: Display: Loaded TP Android_ETC1TargetPlatform
[2018.06.10-13.32.02:880][  0]LogTemp: Display: Loaded TP Android_ETC2TargetPlatform
[2018.06.10-13.32.02:905][  0]LogTemp: Display: Loaded TP Android_MultiTargetPlatform
[2018.06.10-13.32.02:905][  0]LogTemp: Display: Loaded TP Android_PVRTCTargetPlatform
[2018.06.10-13.32.02:915][  0]LogTemp: Display: Loaded TP AndroidTargetPlatform
[2018.06.10-13.32.02:917][  0]LogTemp: Display: Loaded TP HTML5TargetPlatform
[2018.06.10-13.32.02:952][  0]LogTemp: Display: Loaded TP IOSTargetPlatform
[2018.06.10-13.32.02:961][  0]LogTemp: Display: Loaded TP TVOSTargetPlatform
[2018.06.10-13.32.02:971][  0]LogTemp: Display: Loaded TP LinuxClientTargetPlatform
[2018.06.10-13.32.02:981][  0]LogTemp: Display: Loaded TP LinuxNoEditorTargetPlatform
[2018.06.10-13.32.02:991][  0]LogTemp: Display: Loaded TP LinuxServerTargetPlatform
[2018.06.10-13.32.03:001][  0]LogTemp: Display: Loaded TP LinuxTargetPlatform
[2018.06.10-13.32.03:001][  0]LogTargetPlatformManager: Display: Building Assets For Windows
[2018.06.10-13.32.03:127][  0]LogXGEController: Cannot use XGE Controller as Incredibuild is not installed on this machine.
[2018.06.10-13.32.03:127][  0]LogShaderCompilers: Cannot use XGE Shader Compiler as Incredibuild is not installed on this machine.
[2018.06.10-13.32.03:127][  0]LogShaderCompilers: Display: Using Local Shader Compiler.
[2018.06.10-13.32.03:703][  0]LogDerivedDataCache: Display: Max Cache Size: 512 MB
[2018.06.10-13.32.03:807][  0]LogDerivedDataCache: Loaded boot cache 0.10s 74MB C:/Users/Leon/AppData/Local/UnrealEngine/4.19/DerivedDataCache/Boot.ddc.
[2018.06.10-13.32.03:808][  0]LogDerivedDataCache: Display: Loaded Boot cache: C:/Users/Leon/AppData/Local/UnrealEngine/4.19/DerivedDataCache/Boot.ddc
[2018.06.10-13.32.03:808][  0]LogDerivedDataCache: FDerivedDataBackendGraph:  Pak pak cache file ../../../../../Unreal Engine 4/Calio/DerivedDataCache/DDC.ddp not found, will not use a pak cache.
[2018.06.10-13.32.03:809][  0]LogDerivedDataCache: Unable to find inner node Pak for hierarchical cache Hierarchy.
[2018.06.10-13.32.03:809][  0]LogDerivedDataCache: FDerivedDataBackendGraph:  CompressedPak pak cache file ../../../../../Unreal Engine 4/Calio/DerivedDataCache/Compressed.ddp not found, will not use a pak cache.
[2018.06.10-13.32.03:809][  0]LogDerivedDataCache: Unable to find inner node CompressedPak for hierarchical cache Hierarchy.
[2018.06.10-13.32.03:826][  0]LogDerivedDataCache: Display: Pak cache opened for reading ../../../Engine/DerivedDataCache/Compressed.ddp.
[2018.06.10-13.32.03:838][  0]LogDerivedDataCache: Using Local data cache path C:/Users/Leon/AppData/Local/UnrealEngine/Common/DerivedDataCache: Writable
[2018.06.10-13.32.03:838][  0]LogDerivedDataCache: Shared data cache path not found in *engine.ini, will not use an Shared cache.
[2018.06.10-13.32.03:838][  0]LogDerivedDataCache: Unable to find inner node Shared for hierarchical cache Hierarchy.
[2018.06.10-13.32.03:849][  0]LogMaterial: Verifying Global Shaders for PCD3D_SM5
[2018.06.10-13.32.03:850][  0]LogSlate: Using Freetype 2.6.0
[2018.06.10-13.32.03:851][  0]LogSlate: SlateFontCache - WITH_FREETYPE: 1, WITH_HARFBUZZ: 1
[2018.06.10-13.32.03:851][  0]LogSlate: SlateFontCache - WITH_FREETYPE: 1, WITH_HARFBUZZ: 1
[2018.06.10-13.32.04:063][  0]LogAssetRegistry: FAssetRegistry took 0.0249 seconds to start up
[2018.06.10-13.32.04:360][  0]LogInit: Selected Device Profile: [Windows]
[2018.06.10-13.32.04:484][  0]LogSimplygon: Simplygon DLL not present - disabling.
[2018.06.10-13.32.04:486][  0]LogMeshReduction: Using SimplygonSwarm for distributed automatic mesh merging
[2018.06.10-13.32.04:486][  0]LogMeshReduction: Using QuadricMeshReduction for automatic static mesh reduction
[2018.06.10-13.32.04:486][  0]LogMeshReduction: No automatic skeletal mesh reduction module available
[2018.06.10-13.32.04:486][  0]LogMeshReduction: No automatic mesh merging module available
[2018.06.10-13.32.04:486][  0]LogMeshMerging: No automatic mesh merging module available
[2018.06.10-13.32.04:532][  0]LogNetVersion: Calio , NetCL: 3944462, EngineNetVer: 2, GameNetVer: 0 (Checksum: 3925421375)
[2018.06.10-13.32.04:899][  0]LogPackageLocalizationCache: Processed 9 localized package path(s) for 1 prioritized culture(s) in 0.033271 seconds
[2018.06.10-13.32.04:904][  0]LogUObjectArray: 36728 objects as part of root set at end of initial load.
[2018.06.10-13.32.04:904][  0]LogUObjectAllocator: 7314304 out of 0 bytes used by permanent object pool.
[2018.06.10-13.32.04:904][  0]LogUObjectArray: CloseDisregardForGC: 0/0 objects in disregard for GC pool
[2018.06.10-13.32.06:373][  0]LogTcpMessaging: Initializing TcpMessaging bridge
[2018.06.10-13.32.06:399][  0]LogUdpMessaging: Initializing bridge on interface 0.0.0.0:0 to multicast group 230.0.0.1:6666.
[2018.06.10-13.32.06:717][  0]SourceControl: Source control is disabled
[2018.06.10-13.32.06:717][  0]SourceControl: Source control is disabled
[2018.06.10-13.32.06:732][  0]SourceControl: Source control is disabled
[2018.06.10-13.32.06:746][  0]SourceControl: Source control is disabled
[2018.06.10-13.32.07:154][  0]LogAndroidPermission: UAndroidPermissionCallbackProxy::GetInstance
[2018.06.10-13.32.07:369][  0]LogOcInput: OculusInput pre-init called
[2018.06.10-13.32.07:461][  0]LogEngine: Initializing Engine...
[2018.06.10-13.32.07:463][  0]LogHMD: Failed to initialize OpenVR with code 110
[2018.06.10-13.32.07:464][  0]LogStats: UGameplayTagsManager::ConstructGameplayTagTree: Construct from data asset -  0.000 s
[2018.06.10-13.32.07:464][  0]LogStats: UGameplayTagsManager::ConstructGameplayTagTree: GameplayTagTreeChangedEvent.Broadcast -  0.000 s
[2018.06.10-13.32.07:729][  0]LogAIModule: Creating AISystem for world Untitled
[2018.06.10-13.32.07:784][  0]LogInit: XAudio2 using 'Lautsprecher (Sound Blaster Z)' : 6 channels at 48 kHz using 32 bits per sample (channel mask 0x3f)
[2018.06.10-13.32.07:797][  0]LogInit: FAudioDevice initialized.
[2018.06.10-13.32.08:331][  0]LogDerivedDataCache: Saved boot cache 0.53s 74MB C:/Users/Leon/AppData/Local/UnrealEngine/4.19/DerivedDataCache/Boot.ddc.
[2018.06.10-13.32.08:588][  0]LogInit: Texture streaming: Enabled
[2018.06.10-13.32.08:613][  0]LogEngineSessionManager: EngineSessionManager initialized
[2018.06.10-13.32.08:637][  0]LogInit: Transaction tracking system initialized
[2018.06.10-13.32.08:662][  0]BlueprintLog: New page: Editor Load
[2018.06.10-13.32.08:725][  0]LocalizationService: Localization service is disabled
[2018.06.10-13.32.08:826][  0]LogConsoleResponse: Display: 
[2018.06.10-13.32.08:959][  0]LogCook: Display: Max memory allowance for cook 16384mb min free memory 0mb
[2018.06.10-13.32.08:959][  0]LogCook: Display: Mobile HDR setting 1
[2018.06.10-13.32.08:959][  0]LogGameplayTags: Display: UGameplayTagsManager::DoneAddingNativeTags. DelegateIsBound: 0
[2018.06.10-13.32.08:959][  0]LogStats: UGameplayTagsManager::ConstructGameplayTagTree: Construct from data asset -  0.000 s
[2018.06.10-13.32.08:959][  0]LogStats: UGameplayTagsManager::ConstructGameplayTagTree: GameplayTagTreeChangedEvent.Broadcast -  0.000 s
[2018.06.10-13.32.09:259][  0]LogFileCache: Scanning file cache for directory 'I:/Unreal Engine 4/Calio/Content/' took 0.01s
[2018.06.10-13.32.09:259][  0]SourceControl: Source control is disabled
[2018.06.10-13.32.09:259][  0]Cmd: MAP LOAD FILE="../../../../../Unreal Engine 4/Calio/Content/ThirdPersonBP/Maps/ThirdPersonExampleMap.umap" TEMPLATE=0 SHOWPROGRESS=1 FEATURELEVEL=3
[2018.06.10-13.32.09:262][  0]LightingResults: New page: Lighting Build
[2018.06.10-13.32.09:264][  0]MapCheck: New page: Map Check
[2018.06.10-13.32.09:264][  0]LightingResults: New page: Lighting Build
[2018.06.10-13.32.09:317][  0]LogUObjectGlobals: Created PersistentFrame Addr=0x0000024993de59c0, Size=64, Default__ThirdPerson_AnimBP_C Function /Game/Mannequin/Animations/ThirdPerson_AnimBP.ThirdPerson_AnimBP_C:ExecuteUbergraph_ThirdPerson_AnimBP
[2018.06.10-13.32.09:334][  0]LogUObjectGlobals: Destroyed PersistentFrame Addr=0x0000024993de59c0, Size=64
[2018.06.10-13.32.09:334][  0]LogUObjectGlobals: Created PersistentFrame Addr=0x0000024993de5ac0, Size=64, Default__ThirdPerson_AnimBP_C Function /Engine/Transient.REINST_ThirdPerson_AnimBP_C_0:ExecuteUbergraph_ThirdPerson_AnimBP
[2018.06.10-13.32.09:348][  0]LogUObjectGlobals: Created PersistentFrame Addr=0x0000024996e7e700, Size=72, Default__ThirdPerson_AnimBP_C Function /Game/Mannequin/Animations/ThirdPerson_AnimBP.ThirdPerson_AnimBP_C:ExecuteUbergraph_ThirdPerson_AnimBP
[2018.06.10-13.32.09:402][  0]LogUObjectGlobals: Created PersistentFrame Addr=0x0000024996b6e840, Size=296, Default__ThirdPersonCharacter_C Function /Game/ThirdPersonBP/Blueprints/ThirdPersonCharacter.ThirdPersonCharacter_C:ExecuteUbergraph_ThirdPersonCharacter
[2018.06.10-13.32.09:407][  0]LogUObjectGlobals: Destroyed PersistentFrame Addr=0x0000024996b6e840, Size=296
[2018.06.10-13.32.09:408][  0]LogUObjectGlobals: Created PersistentFrame Addr=0x0000024996b6e840, Size=296, Default__ThirdPersonCharacter_C Function /Engine/Transient.REINST_ThirdPersonCharacter_C_4:ExecuteUbergraph_ThirdPersonCharacter
[2018.06.10-13.32.09:414][  0]LogUObjectGlobals: Created PersistentFrame Addr=0x0000024996b6c400, Size=296, Default__ThirdPersonCharacter_C Function /Game/ThirdPersonBP/Blueprints/ThirdPersonCharacter.ThirdPersonCharacter_C:ExecuteUbergraph_ThirdPersonCharacter
[2018.06.10-13.32.09:716][  0]LogSkeletalMesh: Skeletal Mesh found in DDC [15.167089ms] /Game/Mannequin/Character/Mesh/SK_Mannequin.SK_Mannequin
[2018.06.10-13.32.09:726][  0]LogAIModule: Creating AISystem for world ThirdPersonExampleMap
[2018.06.10-13.32.09:749][  0]LogEditorServer: Finished looking for orphan Actors (0.000 secs)
[2018.06.10-13.32.09:760][  0]LogUObjectGlobals: Destroyed PersistentFrame Addr=0x0000024993de5ac0, Size=64
[2018.06.10-13.32.09:760][  0]LogUObjectGlobals: Destroyed PersistentFrame Addr=0x0000024996b6e840, Size=296
[2018.06.10-13.32.09:761][  0]Cmd: MAP CHECKDEP NOCLEARLOG
[2018.06.10-13.32.09:803][  0]MapCheck: Map check complete: 0 Error(s), 0 Warning(s), took 42,09ms to complete.
[2018.06.10-13.32.09:803][  0]LogFileHelpers: Loading map 'ThirdPersonExampleMap' took 0.544
[2018.06.10-13.32.09:891][  0]LogWindowsTextInputMethodSystem: Display: IME system now deactivated.
[2018.06.10-13.32.09:891][  0]LogWindowsTextInputMethodSystem: Display: IME system now deactivated.
[2018.06.10-13.32.10:014][  0]LogCollectionManager: Loaded 0 collections in 0.001332 seconds
[2018.06.10-13.32.10:086][  0]LogFileCache: Scanning file cache for directory 'I:/Unreal Engine 4/Calio/Saved/Collections/' took 0.01s
[2018.06.10-13.32.10:087][  0]LogFileCache: Scanning file cache for directory 'I:/Unreal Engine 4/Calio/Content/Developers/Leon/Collections/' took 0.01s
[2018.06.10-13.32.10:087][  0]LogFileCache: Scanning file cache for directory 'I:/Unreal Engine 4/Calio/Content/Collections/' took 0.01s
[2018.06.10-13.32.10:087][  0]LogCollectionManager: Rebuilt the GUID cache for 0 collections in 0.000001 seconds
[2018.06.10-13.32.10:096][  0]LogContentBrowser: Native class hierarchy populated in 0.0086 seconds. Added 2452 classes and 558 folders.
[2018.06.10-13.32.10:106][  0]LogContentBrowser: Native class hierarchy updated for 'WidgetCarousel' in 0.0003 seconds. Added 0 classes and 0 folders.
[2018.06.10-13.32.10:205][  0]LogContentBrowser: Native class hierarchy updated for 'AddContentDialog' in 0.0002 seconds. Added 0 classes and 0 folders.
[2018.06.10-13.32.10:215][  0]LogContentBrowser: Native class hierarchy updated for 'SceneOutliner' in 0.0003 seconds. Added 1 classes and 2 folders.
[2018.06.10-13.32.10:279][  0]LogSlate: Took 0.000318 seconds to synchronously load lazily loaded font '../../../Engine/Content/Slate/Fonts/Roboto-Regular.ttf' (155K)
[2018.06.10-13.32.10:285][  0]LogSlate: Took 0.000311 seconds to synchronously load lazily loaded font '../../../Engine/Content/Slate/Fonts/Roboto-Bold.ttf' (160K)
[2018.06.10-13.32.10:292][  0]LogSlate: Took 0.002474 seconds to synchronously load lazily loaded font '../../../Engine/Content/Editor/Slate/Fonts/FontAwesome.ttf' (139K)
[2018.06.10-13.32.10:387][  0]LogRenderer: Reallocating scene render targets to support 1092x572 Format 10 NumSamples 1 (Frame:1).
[2018.06.10-13.32.10:595][  0]LogContentBrowser: Native class hierarchy updated for 'HierarchicalLODOutliner' in 0.0002 seconds. Added 0 classes and 0 folders.
[2018.06.10-13.32.10:595][  0]LogLoad: (Engine Initialization) Total time: 11.30 seconds
[2018.06.10-13.32.10:595][  0]LogLoad: (Engine Initialization) Total Blueprint compile time: 0.00 seconds
[2018.06.10-13.32.10:625][  0]LogContentStreaming: Texture pool size now 1000 MB
[2018.06.10-13.32.10:643][  0]LogSlate: Took 0.001309 seconds to synchronously load lazily loaded font '../../../Engine/Content/Slate/Fonts/Roboto-Light.ttf' (167K)
[2018.06.10-13.32.10:743][  1]LogAssetRegistry: Asset discovery search completed in 6.7017 seconds
[2018.06.10-13.32.10:744][  1]LogCollectionManager: Rebuilt the object cache for 0 collections in 0.000001 seconds (found 0 objects)
[2018.06.10-13.32.10:744][  1]LogCollectionManager: Fixed up redirectors for 0 collections in 0.000038 seconds (updated 0 objects)
[2018.06.10-13.32.16:920][675]LogSlate: FSceneViewport::OnFocusLost() reason 2
[2018.06.10-13.32.18:263][833]LogSlate: FSceneViewport::OnFocusLost() reason 2
[2018.06.10-13.32.19:980][ 31]LogWindows: Warning: CreateProc failed: Das System kann die angegebene Datei nicht finden. (0x00000002)
[2018.06.10-13.32.19:980][ 31]LogWindows: Warning: URL: C:/Program Files/Git/bin/git.exe version
[2018.06.10-13.32.19:981][ 31]LogWindows: Warning: CreateProc failed: Das System kann die angegebene Datei nicht finden. (0x00000002)
[2018.06.10-13.32.19:981][ 31]LogWindows: Warning: URL: C:/Program Files (x86)/Git/bin/git.exe version
[2018.06.10-13.32.19:985][ 31]LogWindows: Warning: CreateProc failed: Das System kann die angegebene Datei nicht finden. (0x00000002)
[2018.06.10-13.32.19:985][ 31]LogWindows: Warning: URL: C:\Users\Leon\AppData\Local/Programs/Git/cmd/git.exe version
[2018.06.10-13.32.19:985][ 31]LogWindows: Warning: CreateProc failed: Das System kann die angegebene Datei nicht finden. (0x00000002)
[2018.06.10-13.32.19:985][ 31]LogWindows: Warning: URL: C:/Program Files (x86)/SmartGit/git/bin/git.exe version
[2018.06.10-13.32.19:985][ 31]LogWindows: Warning: CreateProc failed: Das System kann die angegebene Datei nicht finden. (0x00000002)
[2018.06.10-13.32.19:985][ 31]LogWindows: Warning: URL: C:/Program Files (x86)/SmartGit/bin/git.exe version
[2018.06.10-13.32.26:662][496]LogSlate: Window 'Source Control Login' being destroyed
[2018.06.10-13.32.40:001][682]LogSlate: FSceneViewport::OnFocusLost() reason 0
[2018.06.10-13.33.04:041][133]LogSlate: Took 0.000282 seconds to synchronously load lazily loaded font '../../../Engine/Content/Slate/Fonts/Roboto-Light.ttf' (167K)
[2018.06.10-13.33.04:104][133]Cmd: OBJ SAVEPACKAGE PACKAGE="/Game/ThirdPersonBP/Test" FILE="../../../../../Unreal Engine 4/Calio/Content/ThirdPersonBP/Test.umap" SILENT=true AUTOSAVING=false KEEPDIRTY=false
[2018.06.10-13.33.04:122][133]LogSavePackage: Save=5.82ms
[2018.06.10-13.33.04:122][133]LogSavePackage: Moving '../../../../../Unreal Engine 4/Calio/Saved/TestB9187D7A4C6CB4E27C8905976055306C.tmp' to '../../../../../Unreal Engine 4/Calio/Content/ThirdPersonBP/Test.umap'
[2018.06.10-13.33.04:124][133]LogSavePackage: Display: Finished SavePackage ../../../../../Unreal Engine 4/Calio/Content/ThirdPersonBP/Test.umap
[2018.06.10-13.33.04:806][133]SourceControl: Error: git-lfs clean -- 'Content/ThirdPersonBP/Test.umap': git-lfs: command not found
[2018.06.10-13.33.04:806][133]SourceControl: Error: error: external filter git-lfs clean -- %f failed -1
[2018.06.10-13.33.04:806][133]SourceControl: Error: error: external filter git-lfs clean -- %f failed
[2018.06.10-13.33.04:806][133]SourceControl: Error: fatal: Content/ThirdPersonBP/Test.umap: clean filter 'lfs' failed
[2018.06.10-13.33.04:817][133]LogFileHelpers: Saving map 'Test' took 0.761
[2018.06.10-13.33.05:055][133]SourceControl: Error: git-lfs clean -- 'Content/ThirdPersonBP/Test.umap': git-lfs: command not found
[2018.06.10-13.33.05:055][133]SourceControl: Error: error: external filter git-lfs clean -- %f failed -1
[2018.06.10-13.33.05:055][133]SourceControl: Error: error: external filter git-lfs clean -- %f failed
[2018.06.10-13.33.05:055][133]SourceControl: Error: fatal: Content/ThirdPersonBP/Test.umap: clean filter 'lfs' failed
[2018.06.10-13.33.16:524][923]SourceControl: Error: git-lfs clean -- 'Content/ThirdPersonBP/Test.umap': git-lfs: command not found
[2018.06.10-13.33.16:524][923]SourceControl: Error: error: external filter git-lfs clean -- %f failed -1
[2018.06.10-13.33.16:524][923]SourceControl: Error: error: external filter git-lfs clean -- %f failed
[2018.06.10-13.33.16:524][923]SourceControl: Error: fatal: Content/ThirdPersonBP/Test.umap: clean filter 'lfs' failed
[2018.06.10-13.33.20:846][406]LogSavePackage: Save=97.50ms
[2018.06.10-13.33.20:846][406]LogSavePackage: Moving '../../../../../Unreal Engine 4/Calio/Saved/ThirdPersonExampleMapBB90ACD945C32D5AE23D9690728A3950.tmp' to '../../../../../Unreal Engine 4/Calio/Content/ThirdPersonBP/Maps/ThirdPersonExampleMap.umap'
[2018.06.10-13.33.20:849][406]LogSavePackage: Display: Finished SavePackage ../../../../../Unreal Engine 4/Calio/Content/ThirdPersonBP/Maps/ThirdPersonExampleMap.umap
[2018.06.10-13.33.21:133][406]LogSavePackage: Save=147.97ms
[2018.06.10-13.33.21:133][406]LogSavePackage: Moving '../../../../../Unreal Engine 4/Calio/Saved/ThirdPersonExampleMap_BuiltData7ACF9920424227DE69FCC8A79F0DD3EA.tmp' to '../../../../../Unreal Engine 4/Calio/Content/ThirdPersonBP/Maps/ThirdPersonExampleMap_BuiltData.uasset'
[2018.06.10-13.33.21:137][406]LogSavePackage: Display: Finished SavePackage ../../../../../Unreal Engine 4/Calio/Content/ThirdPersonBP/Maps/ThirdPersonExampleMap_BuiltData.uasset
[2018.06.10-13.33.32:734][726]Cmd: OBJ SAVEPACKAGE PACKAGE="/Game/ThirdPersonBP/FinalTest" FILE="../../../../../Unreal Engine 4/Calio/Content/ThirdPersonBP/FinalTest.umap" SILENT=true AUTOSAVING=false KEEPDIRTY=false
[2018.06.10-13.33.32:747][726]LogSavePackage: Save=2.57ms
[2018.06.10-13.33.32:747][726]LogSavePackage: Moving '../../../../../Unreal Engine 4/Calio/Saved/FinalTest760A7F094EC6938BED55099B28780521.tmp' to '../../../../../Unreal Engine 4/Calio/Content/ThirdPersonBP/FinalTest.umap'
[2018.06.10-13.33.32:749][726]LogSavePackage: Display: Finished SavePackage ../../../../../Unreal Engine 4/Calio/Content/ThirdPersonBP/FinalTest.umap
[2018.06.10-13.33.32:942][726]SourceControl: Error: git-lfs clean -- 'Content/ThirdPersonBP/FinalTest.umap': git-lfs: command not found
[2018.06.10-13.33.32:942][726]SourceControl: Error: error: external filter git-lfs clean -- %f failed -1
[2018.06.10-13.33.32:942][726]SourceControl: Error: error: external filter git-lfs clean -- %f failed
[2018.06.10-13.33.32:942][726]SourceControl: Error: fatal: Content/ThirdPersonBP/FinalTest.umap: clean filter 'lfs' failed
[2018.06.10-13.33.32:950][726]LogFileHelpers: Saving map 'FinalTest' took 0.261
[2018.06.10-13.33.33:144][726]SourceControl: Error: git-lfs clean -- 'Content/ThirdPersonBP/FinalTest.umap': git-lfs: command not found
[2018.06.10-13.33.33:144][726]SourceControl: Error: error: external filter git-lfs clean -- %f failed -1
[2018.06.10-13.33.33:144][726]SourceControl: Error: error: external filter git-lfs clean -- %f failed
[2018.06.10-13.33.33:144][726]SourceControl: Error: fatal: Content/ThirdPersonBP/FinalTest.umap: clean filter 'lfs' failed
[2018.06.10-13.33.39:570][493]LogDirectoryWatcher: Warning: Failed to begin reading directory changes for ../../../../../Unreal Engine 4/Calio/Plugins/. Error: Das System kann die angegebene Datei nicht finden. (0x00000002)
[2018.06.10-13.33.47:557][430]LogSlate: Window 'Plugins' being destroyed
[2018.06.10-13.33.47:562][430]LogSlate: Window 'Plugins' being destroyed
[2018.06.10-13.33.47:562][430]LogDirectoryWatcher: A directory notification for '../../../Engine/Plugins/' was aborted.
[2018.06.10-13.33.50:510][754]SourceControl: Error: git-lfs clean -- 'Content/ThirdPersonBP/FinalTest.umap': git-lfs: command not found
[2018.06.10-13.33.50:510][754]SourceControl: Error: error: external filter git-lfs clean -- %f failed -1
[2018.06.10-13.33.50:510][754]SourceControl: Error: error: external filter git-lfs clean -- %f failed
[2018.06.10-13.33.50:510][754]SourceControl: Error: fatal: Content/ThirdPersonBP/FinalTest.umap: clean filter 'lfs' failed
[2018.06.10-13.33.54:988][262]SourceControl: fatal: I:/UnrealEngine/UE_4.19/Engine/Content: 'I:/UnrealEngine/UE_4.19/Engine/Content' is outside repository
[2018.06.10-13.33.55:079][262]LogPackageName: Error: Illegal call to DoesPackageExist: '../../../../../Unreal Engine 4/Calio/Calio.uproject' is not a standard unreal filename or a long path name. Reason: Path should be no less than 4 characters long.
[2018.06.10-13.33.55:370][262]LogStats: FPlatformStackWalk::StackWalkAndDump -  0.291 s
[2018.06.10-13.33.55:370][262]LogOutputDevice: Error: === Handled ensure: ===
[2018.06.10-13.33.55:370][262]LogOutputDevice: Error: 
[2018.06.10-13.33.55:370][262]LogOutputDevice: Error: Ensure condition failed: false [File:D:\Build\++UE4+Release-4.19+Compile\Sync\Engine\Source\Runtime\CoreUObject\Private\Misc\PackageName.cpp] [Line: 818]
[2018.06.10-13.33.55:370][262]LogOutputDevice: Error: Illegal call to DoesPackageExist: '../../../../../Unreal Engine 4/Calio/Calio.uproject' is not a standard unreal filename or a long path name. Reason: Path should be no less than 4 characters long.
[2018.06.10-13.33.55:370][262]LogOutputDevice: Error: Stack: 
[2018.06.10-13.33.55:370][262]LogOutputDevice: Error: [Callstack] 0x000000006BA9B706 UE4Editor-Core.dll!UnknownFunction []
[2018.06.10-13.33.55:370][262]LogOutputDevice: Error: [Callstack] 0x000000006B7FAE3A UE4Editor-Core.dll!UnknownFunction []
[2018.06.10-13.33.55:370][262]LogOutputDevice: Error: [Callstack] 0x000000006B80ECD6 UE4Editor-Core.dll!UnknownFunction []
[2018.06.10-13.33.55:370][262]LogOutputDevice: Error: [Callstack] 0x000000006B06DD3B UE4Editor-CoreUObject.dll!UnknownFunction []
[2018.06.10-13.33.55:370][262]LogOutputDevice: Error: [Callstack] 0x0000000062046A12 UE4Editor-SourceControl.dll!UnknownFunction []
[2018.06.10-13.33.55:370][262]LogOutputDevice: Error: [Callstack] 0x0000000062046BA7 UE4Editor-SourceControl.dll!UnknownFunction []
[2018.06.10-13.33.55:370][262]LogOutputDevice: Error: [Callstack] 0x000000005E9450CE UE4Editor-SourceControlWindows.dll!UnknownFunction []
[2018.06.10-13.33.55:370][262]LogOutputDevice: Error: [Callstack] 0x000000005E904805 UE4Editor-SourceControlWindows.dll!UnknownFunction []
[2018.06.10-13.33.55:370][262]LogOutputDevice: Error: [Callstack] 0x000000005E903DDD UE4Editor-SourceControlWindows.dll!UnknownFunction []
[2018.06.10-13.33.55:370][262]LogOutputDevice: Error: [Callstack] 0x000000005E9190B4 UE4Editor-SourceControlWindows.dll!UnknownFunction []
[2018.06.10-13.33.55:370][262]LogOutputDevice: Error: [Callstack] 0x0000000055B74669 UE4Editor-GitSourceControl.dll!UnknownFunction []
[2018.06.10-13.33.55:370][262]LogOutputDevice: Error: [Callstack] 0x000000006204B9BC UE4Editor-SourceControl.dll!UnknownFunction []
[2018.06.10-13.33.55:370][262]LogOutputDevice: Error: [Callstack] 0x000000006685DF0A UE4Editor-UnrealEd.dll!UnknownFunction []
[2018.06.10-13.33.55:370][262]LogOutputDevice: Error: [Callstack] 0x00000000670F9626 UE4Editor-UnrealEd.dll!UnknownFunction []
[2018.06.10-13.33.55:370][262]LogOutputDevice: Error: [Callstack] 0x00000000B5475EAC UE4Editor.exe!UnknownFunction []
[2018.06.10-13.33.55:370][262]LogOutputDevice: Error: [Callstack] 0x00000000B5486BD0 UE4Editor.exe!UnknownFunction []
[2018.06.10-13.33.55:370][262]LogOutputDevice: Error: [Callstack] 0x00000000B5486C4A UE4Editor.exe!UnknownFunction []
[2018.06.10-13.33.55:370][262]LogOutputDevice: Error: [Callstack] 0x00000000B5494177 UE4Editor.exe!UnknownFunction []
[2018.06.10-13.33.55:370][262]LogOutputDevice: Error: [Callstack] 0x00000000B5495B87 UE4Editor.exe!UnknownFunction []
[2018.06.10-13.33.55:370][262]LogOutputDevice: Error: [Callstack] 0x00000000C14F2774 KERNEL32.DLL!UnknownFunction []
[2018.06.10-13.33.55:370][262]LogOutputDevice: Error: [Callstack] 0x00000000C1AD0D61 ntdll.dll!UnknownFunction []
[2018.06.10-13.33.55:370][262]LogOutputDevice: Error: 
[2018.06.10-13.33.55:376][262]LogStats:                SubmitErrorReport -  0.000 s
[2018.06.10-13.33.56:147][262]LogStats:                    SendNewReport -  0.771 s
[2018.06.10-13.33.56:147][262]LogStats:             FDebug::EnsureFailed -  1.068 s
[2018.06.10-13.34.07:018][262]LogSlate: Window 'Submit Files' being destroyed
[2018.06.10-13.34.14:954][858]LogSlate: Window 'Pick Parent Class' being destroyed
[2018.06.10-13.34.21:832][637]Cmd: OBJ SAVEPACKAGE PACKAGE="/Game/ThirdPersonBP/testbp" FILE="../../../../../Unreal Engine 4/Calio/Content/ThirdPersonBP/testbp.uasset" SILENT=true
[2018.06.10-13.34.21:840][637]LogSavePackage: Save=5.75ms
[2018.06.10-13.34.21:840][637]LogSavePackage: Moving '../../../../../Unreal Engine 4/Calio/Saved/testbpA2B2AB7B410FFD2EE6F0F594E821DF2A.tmp' to '../../../../../Unreal Engine 4/Calio/Content/ThirdPersonBP/testbp.uasset'
[2018.06.10-13.34.21:841][637]LogSavePackage: Display: Finished SavePackage ../../../../../Unreal Engine 4/Calio/Content/ThirdPersonBP/testbp.uasset
[2018.06.10-13.34.22:033][637]SourceControl: Error: git-lfs clean -- 'Content/ThirdPersonBP/testbp.uasset': git-lfs: command not found
[2018.06.10-13.34.22:033][637]SourceControl: Error: error: external filter git-lfs clean -- %f failed -1
[2018.06.10-13.34.22:033][637]SourceControl: Error: error: external filter git-lfs clean -- %f failed
[2018.06.10-13.34.22:033][637]SourceControl: Error: fatal: Content/ThirdPersonBP/testbp.uasset: clean filter 'lfs' failed
[2018.06.10-13.34.22:227][637]SourceControl: Error: git-lfs clean -- 'Content/ThirdPersonBP/testbp.uasset': git-lfs: command not found
[2018.06.10-13.34.22:227][637]SourceControl: Error: error: external filter git-lfs clean -- %f failed -1
[2018.06.10-13.34.22:227][637]SourceControl: Error: error: external filter git-lfs clean -- %f failed
[2018.06.10-13.34.22:227][637]SourceControl: Error: fatal: Content/ThirdPersonBP/testbp.uasset: clean filter 'lfs' failed
[2018.06.10-13.34.25:167][981]LogSlate: Window 'Calio - Unreal Editor' being destroyed
[2018.06.10-13.34.25:169][981]LogWindowsTextInputMethodSystem: Display: IME system now deactivated.
[2018.06.10-13.34.25:169][981]LogWindowsTextInputMethodSystem: Display: IME system now deactivated.
[2018.06.10-13.34.25:347][982]Cmd: QUIT_EDITOR
[2018.06.10-13.34.25:380][982]LogSlate: Slate User Destroyed.  User Index 0, Is Virtual User: 0
[2018.06.10-13.34.25:380][982]LogExit: Preparing to exit.
[2018.06.10-13.34.25:827][982]LogDirectoryWatcher: A directory notification for 'I:/Unreal Engine 4/Calio/Content/' was aborted.
[2018.06.10-13.34.25:848][982]LogExit: Editor shut down
[2018.06.10-13.34.25:852][982]LogExit: Transaction tracking system shut down
[2018.06.10-13.34.25:853][982]LogUObjectGlobals: Destroyed PersistentFrame Addr=0x0000024996e7e700, Size=72
[2018.06.10-13.34.25:853][982]LogUObjectGlobals: Destroyed PersistentFrame Addr=0x0000024996b6c400, Size=296
[2018.06.10-13.34.25:909][982]LogDirectoryWatcher: A directory notification for '../../../Engine/Content/' was aborted.
[2018.06.10-13.34.25:909][982]LogDirectoryWatcher: A directory notification for '../../../../../Unreal Engine 4/Calio/Content/' was aborted.
[2018.06.10-13.34.25:909][982]LogDirectoryWatcher: A directory notification for '../../Plugins/2D/Paper2D/Content/' was aborted.
[2018.06.10-13.34.25:909][982]LogDirectoryWatcher: A directory notification for '../../Plugins/Enterprise/DatasmithContent/Content/' was aborted.
[2018.06.10-13.34.25:909][982]LogDirectoryWatcher: A directory notification for '../../Plugins/Media/MediaCompositing/Content/' was aborted.
[2018.06.10-13.34.25:909][982]LogDirectoryWatcher: A directory notification for '../../Plugins/Runtime/AppleARKit/Content/' was aborted.
[2018.06.10-13.34.25:909][982]LogDirectoryWatcher: A directory notification for '../../Plugins/Runtime/Oculus/OculusVR/Content/' was aborted.
[2018.06.10-13.34.25:909][982]LogDirectoryWatcher: A directory notification for '../../Plugins/Runtime/Steam/SteamVR/Content/' was aborted.
[2018.06.10-13.34.25:997][982]LogExit: Object subsystem successfully closed.
[2018.06.10-13.34.26:021][982]LogShaderCompilers: Display: Shaders left to compile 0
[2018.06.10-13.34.26:024][982]LogD3D11RHI: Shutdown
[2018.06.10-13.34.26:024][982]LogD3D11RHI: CleanupD3DDevice
[2018.06.10-13.34.26:027][982]LogD3D11RHI: ~FD3D11DynamicRHI
[2018.06.10-13.34.26:051][982]LogModuleManager: Shutting down and abandoning module HierarchicalLODOutliner (574)
[2018.06.10-13.34.26:051][982]LogModuleManager: Shutting down and abandoning module SceneOutliner (572)
[2018.06.10-13.34.26:051][982]LogModuleManager: Shutting down and abandoning module AddContentDialog (570)
[2018.06.10-13.34.26:052][982]LogDirectoryWatcher: A directory notification for 'I:/UnrealEngine/UE_4.19/FeaturePacks/' was aborted.
[2018.06.10-13.34.26:053][982]LogModuleManager: Shutting down and abandoning module WidgetCarousel (569)
[2018.06.10-13.34.26:053][982]LogModuleManager: Shutting down and abandoning module EditorWidgets (566)
[2018.06.10-13.34.26:053][982]LogModuleManager: Shutting down and abandoning module CollectionManager (564)
[2018.06.10-13.34.26:053][982]LogDirectoryWatcher: A directory notification for 'I:/Unreal Engine 4/Calio/Content/Collections/' was aborted.
[2018.06.10-13.34.26:053][982]LogDirectoryWatcher: A directory notification for 'I:/Unreal Engine 4/Calio/Content/Developers/Leon/Collections/' was aborted.
[2018.06.10-13.34.26:053][982]LogDirectoryWatcher: A directory notification for 'I:/Unreal Engine 4/Calio/Saved/Collections/' was aborted.
[2018.06.10-13.34.26:053][982]LogModuleManager: Shutting down and abandoning module StatsViewer (562)
[2018.06.10-13.34.26:053][982]LogModuleManager: Shutting down and abandoning module FoliageEdit (560)
[2018.06.10-13.34.26:053][982]LogModuleManager: Shutting down and abandoning module LandscapeEditor (558)
[2018.06.10-13.34.26:054][982]LogModuleManager: Shutting down and abandoning module MeshPaintMode (556)
[2018.06.10-13.34.26:054][982]LogModuleManager: Shutting down and abandoning module SceneDepthPickerMode (554)
[2018.06.10-13.34.26:054][982]LogModuleManager: Shutting down and abandoning module ActorPickerMode (552)
[2018.06.10-13.34.26:054][982]LogModuleManager: Shutting down and abandoning module GeometryMode (550)
[2018.06.10-13.34.26:054][982]LogModuleManager: Shutting down and abandoning module TextureAlignMode (548)
[2018.06.10-13.34.26:054][982]LogModuleManager: Shutting down and abandoning module BspMode (546)
[2018.06.10-13.34.26:054][982]LogModuleManager: Shutting down and abandoning module PIEPreviewDeviceProfileSelector (544)
[2018.06.10-13.34.26:054][982]LogModuleManager: Shutting down and abandoning module HardwareSurvey (542)
[2018.06.10-13.34.26:054][982]LogModuleManager: Shutting down and abandoning module SequenceRecorderSections (540)
[2018.06.10-13.34.26:054][982]LogModuleManager: Shutting down and abandoning module AutomationWorker (538)
[2018.06.10-13.34.26:054][982]LogModuleManager: Shutting down and abandoning module AudioCaptureEditor (536)
[2018.06.10-13.34.26:054][982]LogModuleManager: Shutting down and abandoning module SequenceRecorder (535)
[2018.06.10-13.34.26:054][982]LogModuleManager: Shutting down and abandoning module MatineeToLevelSequence (532)
[2018.06.10-13.34.26:054][982]LogModuleManager: Shutting down and abandoning module LevelSequenceEditor (530)
[2018.06.10-13.34.26:055][982]LogModuleManager: Shutting down and abandoning module PlacementMode (529)
[2018.06.10-13.34.26:055][982]LogModuleManager: Shutting down and abandoning module MaterialEditor (528)
[2018.06.10-13.34.26:057][982]LogModuleManager: Shutting down and abandoning module WmfMediaFactory (524)
[2018.06.10-13.34.26:057][982]LogModuleManager: Shutting down and abandoning module WmfMediaEditor (522)
[2018.06.10-13.34.26:057][982]LogModuleManager: Shutting down and abandoning module MediaPlayerEditor (520)
[2018.06.10-13.34.26:057][982]LogModuleManager: Shutting down and abandoning module OpenExrWrapper (518)
[2018.06.10-13.34.26:057][982]LogModuleManager: Shutting down and abandoning module ImgMediaFactory (516)
[2018.06.10-13.34.26:057][982]LogModuleManager: Shutting down and abandoning module ImgMediaEditor (514)
[2018.06.10-13.34.26:057][982]LogModuleManager: Shutting down and abandoning module AvfMediaFactory (512)
[2018.06.10-13.34.26:057][982]LogModuleManager: Shutting down and abandoning module AvfMediaEditor (510)
[2018.06.10-13.34.26:057][982]LogModuleManager: Shutting down and abandoning module AndroidMediaFactory (508)
[2018.06.10-13.34.26:057][982]LogModuleManager: Shutting down and abandoning module AndroidMediaEditor (506)
[2018.06.10-13.34.26:057][982]LogModuleManager: Shutting down and abandoning module CharacterAI (504)
[2018.06.10-13.34.26:057][982]LogModuleManager: Shutting down and abandoning module SmartSnapping (502)
[2018.06.10-13.34.26:057][982]LogModuleManager: Shutting down and abandoning module SessionServices (500)
[2018.06.10-13.34.26:057][982]LogModuleManager: Shutting down and abandoning module ViewportSnapping (498)
[2018.06.10-13.34.26:057][982]LogModuleManager: Shutting down and abandoning module ViewportInteraction (496)
[2018.06.10-13.34.26:057][982]LogModuleManager: Shutting down and abandoning module ClothPainter (494)
[2018.06.10-13.34.26:058][982]LogModuleManager: Shutting down and abandoning module SkeletalMeshEditor (493)
[2018.06.10-13.34.26:059][982]LogModuleManager: Shutting down and abandoning module LogVisualizer (490)
[2018.06.10-13.34.26:059][982]LogModuleManager: Shutting down and abandoning module IntroTutorials (488)
[2018.06.10-13.34.26:060][982]LogModuleManager: Shutting down and abandoning module GameProjectGeneration (487)
[2018.06.10-13.34.26:061][982]LogModuleManager: Shutting down and abandoning module IOSPlatformEditor (484)
[2018.06.10-13.34.26:061][982]LogModuleManager: Shutting down and abandoning module HTML5PlatformEditor (482)
[2018.06.10-13.34.26:061][982]LogModuleManager: Shutting down and abandoning module AndroidPlatformEditor (480)
[2018.06.10-13.34.26:061][982]LogModuleManager: Shutting down and abandoning module AndroidDeviceDetection (479)
[2018.06.10-13.34.26:815][982]LogModuleManager: Shutting down and abandoning module WindowsPlatformEditor (476)
[2018.06.10-13.34.26:815][982]LogModuleManager: Shutting down and abandoning module IOSRuntimeSettings (474)
[2018.06.10-13.34.26:815][982]LogModuleManager: Shutting down and abandoning module AndroidRuntimeSettings (472)
[2018.06.10-13.34.26:815][982]LogModuleManager: Shutting down and abandoning module InputBindingEditor (470)
[2018.06.10-13.34.26:818][982]LogModuleManager: Shutting down and abandoning module MergeActors (468)
[2018.06.10-13.34.26:819][982]LogModuleManager: Shutting down and abandoning module LocalizationDashboard (466)
[2018.06.10-13.34.26:819][982]LogModuleManager: Shutting down and abandoning module LocalizationService (465)
[2018.06.10-13.34.26:819][982]LogModuleManager: Shutting down and abandoning module HardwareTargeting (462)
[2018.06.10-13.34.26:819][982]LogModuleManager: Shutting down and abandoning module DeviceProfileEditor (460)
[2018.06.10-13.34.26:820][982]LogModuleManager: Shutting down and abandoning module UndoHistory (458)
[2018.06.10-13.34.26:820][982]LogModuleManager: Shutting down and abandoning module XmlParser (456)
[2018.06.10-13.34.26:820][982]LogModuleManager: Shutting down and abandoning module Blutility (454)
[2018.06.10-13.34.26:820][982]LogModuleManager: Shutting down and abandoning module ProjectSettingsViewer (452)
[2018.06.10-13.34.26:820][982]LogModuleManager: Shutting down and abandoning module ProjectTargetPlatformEditor (451)
[2018.06.10-13.34.26:820][982]LogModuleManager: Shutting down and abandoning module EditorSettingsViewer (448)
[2018.06.10-13.34.26:820][982]LogModuleManager: Shutting down and abandoning module SettingsEditor (446)
[2018.06.10-13.34.26:821][982]LogModuleManager: Shutting down and abandoning module ProjectLauncher (444)
[2018.06.10-13.34.26:821][982]LogModuleManager: Shutting down and abandoning module SessionFrontend (442)
[2018.06.10-13.34.26:821][982]LogModuleManager: Shutting down and abandoning module ProfilerClient (440)
[2018.06.10-13.34.26:821][982]LogModuleManager: Shutting down and abandoning module DeviceManager (438)
[2018.06.10-13.34.26:822][982]LogModuleManager: Shutting down and abandoning module TargetDeviceServices (437)
[2018.06.10-13.34.26:885][982]LogModuleManager: Shutting down and abandoning module AutomationController (434)
[2018.06.10-13.34.26:888][982]LogModuleManager: Shutting down and abandoning module AutomationWindow (432)
[2018.06.10-13.34.26:889][982]LogModuleManager: Shutting down and abandoning module Layers (430)
[2018.06.10-13.34.26:890][982]LogModuleManager: Shutting down and abandoning module ComponentVisualizers (428)
[2018.06.10-13.34.26:890][982]LogModuleManager: Shutting down and abandoning module DetailCustomizations (426)
[2018.06.10-13.34.26:891][982]LogModuleManager: Shutting down and abandoning module PackagesDialog (424)
[2018.06.10-13.34.26:891][982]LogModuleManager: Shutting down and abandoning module Persona (422)
[2018.06.10-13.34.26:892][982]LogModuleManager: Shutting down and abandoning module AdvancedPreviewScene (421)
[2018.06.10-13.34.26:892][982]LogModuleManager: Shutting down and abandoning module AnimGraph (419)
[2018.06.10-13.34.26:892][982]LogModuleManager: Shutting down and abandoning module Kismet (416)
[2018.06.10-13.34.26:892][982]LogModuleManager: Shutting down and abandoning module GraphEditor (414)
[2018.06.10-13.34.26:894][982]LogModuleManager: Shutting down and abandoning module ClassViewer (412)
[2018.06.10-13.34.26:895][982]LogModuleManager: Shutting down and abandoning module Toolbox (410)
[2018.06.10-13.34.26:895][982]LogModuleManager: Shutting down and abandoning module ModuleUI (408)
[2018.06.10-13.34.26:896][982]LogModuleManager: Shutting down and abandoning module MovieSceneTools (406)
[2018.06.10-13.34.26:896][982]LogModuleManager: Shutting down and abandoning module OutputLog (404)
[2018.06.10-13.34.26:897][982]LogModuleManager: Shutting down and abandoning module GammaUI (402)
[2018.06.10-13.34.26:897][982]LogModuleManager: Shutting down and abandoning module Documentation (400)
[2018.06.10-13.34.26:897][982]LogModuleManager: Shutting down and abandoning module MovieSceneTracks (398)
[2018.06.10-13.34.26:897][982]LogModuleManager: Shutting down and abandoning module MovieScene (396)
[2018.06.10-13.34.26:897][982]LogModuleManager: Shutting down and abandoning module StreamingPauseRendering (394)
[2018.06.10-13.34.26:897][982]LogModuleManager: Shutting down and abandoning module LauncherPlatform (392)
[2018.06.10-13.34.26:897][982]LogModuleManager: Shutting down and abandoning module AnalyticsET (390)
[2018.06.10-13.34.26:897][982]LogModuleManager: Shutting down and abandoning module PortalServices (388)
[2018.06.10-13.34.26:897][982]LogModuleManager: Shutting down and abandoning module PortalRpc (386)
[2018.06.10-13.34.26:897][982]LogModuleManager: Shutting down and abandoning module MessagingRpc (384)
[2018.06.10-13.34.26:897][982]LogModuleManager: Shutting down and abandoning module AIModule (382)
[2018.06.10-13.34.26:897][982]LogModuleManager: Shutting down and abandoning module GameplayDebugger (381)
[2018.06.10-13.34.26:897][982]LogModuleManager: Shutting down and abandoning module AITestSuite (379)
[2018.06.10-13.34.26:898][982]LogModuleManager: Shutting down and abandoning module DesktopPlatform (376)
[2018.06.10-13.34.26:898][982]LogModuleManager: Shutting down and abandoning module ProfilerService (374)
[2018.06.10-13.34.27:070][982]LogModuleManager: Shutting down and abandoning module TaskGraph (372)
[2018.06.10-13.34.27:071][982]LogModuleManager: Shutting down and abandoning module SteamVRController (370)
[2018.06.10-13.34.27:071][982]LogModuleManager: Shutting down and abandoning module ProceduralMeshComponentEditor (368)
[2018.06.10-13.34.27:071][982]LogModuleManager: Shutting down and abandoning module ProceduralMeshComponent (366)
[2018.06.10-13.34.27:071][982]LogModuleManager: Shutting down and abandoning module OculusInput (364)
[2018.06.10-13.34.27:071][982]LogModuleManager: Shutting down and abandoning module MobilePatchingUtils (362)
[2018.06.10-13.34.27:071][982]LogModuleManager: Shutting down and abandoning module CustomMeshComponent (360)
[2018.06.10-13.34.27:071][982]LogModuleManager: Shutting down and abandoning module CableComponent (358)
[2018.06.10-13.34.27:071][982]LogModuleManager: Shutting down and abandoning module AudioCapture (356)
[2018.06.10-13.34.27:071][982]LogModuleManager: Shutting down and abandoning module ArchVisCharacter (354)
[2018.06.10-13.34.27:071][982]LogModuleManager: Shutting down and abandoning module AndroidPermission (352)
[2018.06.10-13.34.27:071][982]LogModuleManager: Shutting down and abandoning module NUTUnrealEngine4 (348)
[2018.06.10-13.34.27:071][982]LogModuleManager: Shutting down and abandoning module NetcodeUnitTest (346)
[2018.06.10-13.34.27:072][982]LogModuleManager: Shutting down and abandoning module MediaCompositingEditor (344)
[2018.06.10-13.34.27:072][982]LogModuleManager: Shutting down and abandoning module MediaCompositing (342)
[2018.06.10-13.34.27:072][982]LogModuleManager: Shutting down and abandoning module LinearTimecode (340)
[2018.06.10-13.34.27:072][982]LogModuleManager: Shutting down and abandoning module ImgMedia (338)
[2018.06.10-13.34.27:075][982]LogModuleManager: Shutting down and abandoning module HTML5Networking (336)
[2018.06.10-13.34.27:075][982]LogModuleManager: Shutting down and abandoning module AlembicImporter (334)
[2018.06.10-13.34.27:075][982]LogModuleManager: Shutting down and abandoning module AlembicLibrary (333)
[2018.06.10-13.34.27:075][982]LogModuleManager: Shutting down and abandoning module GeometryCache (332)
[2018.06.10-13.34.27:075][982]LogModuleManager: Shutting down and abandoning module GeometryCacheEd (331)
[2018.06.10-13.34.27:075][982]LogModuleManager: Shutting down and abandoning module DatasmithContent (326)
[2018.06.10-13.34.27:075][982]LogModuleManager: Shutting down and abandoning module SpeedTreeImporter (324)
[2018.06.10-13.34.27:075][982]LogModuleManager: Shutting down and abandoning module PluginBrowser (322)
[2018.06.10-13.34.27:075][982]LogModuleManager: Shutting down and abandoning module MobileLauncherProfileWizard (320)
[2018.06.10-13.34.27:076][982]LogModuleManager: Shutting down and abandoning module CryptoKeysOpenSSL (318)
[2018.06.10-13.34.27:076][982]LogModuleManager: Shutting down and abandoning module CryptoKeys (316)
[2018.06.10-13.34.27:076][982]LogModuleManager: Shutting down and abandoning module VisualStudioSourceCodeAccess (314)
[2018.06.10-13.34.27:076][982]LogModuleManager: Shutting down and abandoning module VisualStudioCodeSourceCodeAccess (312)
[2018.06.10-13.34.27:076][982]LogModuleManager: Shutting down and abandoning module UObjectPlugin (310)
[2018.06.10-13.34.27:076][982]LogModuleManager: Shutting down and abandoning module SubversionSourceControl (308)
[2018.06.10-13.34.27:077][982]LogModuleManager: Shutting down and abandoning module PerforceSourceControl (306)
[2018.06.10-13.34.27:077][982]LogModuleManager: Shutting down and abandoning module GitSourceControl (304)
[2018.06.10-13.34.27:078][982]LogModuleManager: Shutting down and abandoning module SourceControl (303)
[2018.06.10-13.34.27:078][982]LogModuleManager: Shutting down and abandoning module CLionSourceCodeAccess (300)
[2018.06.10-13.34.27:078][982]LogModuleManager: Shutting down and abandoning module LightPropagationVolumeEditor (298)
[2018.06.10-13.34.27:078][982]LogModuleManager: Shutting down and abandoning module PaperTiledImporter (296)
[2018.06.10-13.34.27:078][982]LogModuleManager: Shutting down and abandoning module PaperSpriteSheetImporter (294)
[2018.06.10-13.34.27:078][982]LogModuleManager: Shutting down and abandoning module Paper2DEditor (292)
[2018.06.10-13.34.27:078][982]LogModuleManager: Shutting down and abandoning module MeshPaint (291)
[2018.06.10-13.34.27:078][982]LogModuleManager: Shutting down and abandoning module RuntimePhysXCooking (288)
[2018.06.10-13.34.27:078][982]LogModuleManager: Shutting down and abandoning module PhysXVehiclesEditor (286)
[2018.06.10-13.34.27:078][982]LogModuleManager: Shutting down and abandoning module PhysXVehicles (284)
[2018.06.10-13.34.27:078][982]LogModuleManager: Shutting down and abandoning module OculusEditor (282)
[2018.06.10-13.34.27:078][982]LogModuleManager: Shutting down and abandoning module LocationServicesBPLibrary (280)
[2018.06.10-13.34.27:078][982]LogModuleManager: Shutting down and abandoning module ImmediatePhysicsEditor (278)
[2018.06.10-13.34.27:078][982]LogModuleManager: Shutting down and abandoning module ImmediatePhysics (276)
[2018.06.10-13.34.27:079][982]LogModuleManager: Shutting down and abandoning module ActorSequence (274)
[2018.06.10-13.34.27:079][982]LogModuleManager: Shutting down and abandoning module UdpMessaging (272)
[2018.06.10-13.34.27:180][982]LogModuleManager: Shutting down and abandoning module TcpMessaging (270)
[2018.06.10-13.34.27:280][982]LogModuleManager: Shutting down and abandoning module GameplayTagsEditor (268)
[2018.06.10-13.34.27:280][982]LogModuleManager: Shutting down and abandoning module FacialAnimationEditor (266)
[2018.06.10-13.34.27:281][982]LogModuleManager: Shutting down and abandoning module FacialAnimation (264)
[2018.06.10-13.34.27:281][982]LogModuleManager: Shutting down and abandoning module DataValidation (262)
[2018.06.10-13.34.27:281][982]LogModuleManager: Shutting down and abandoning module AssetManagerEditor (260)
[2018.06.10-13.34.27:281][982]LogModuleManager: Shutting down and abandoning module LevelEditor (259)
[2018.06.10-13.34.27:282][982]LogModuleManager: Shutting down and abandoning module PixelInspectorModule (258)
[2018.06.10-13.34.27:282][982]LogModuleManager: Shutting down and abandoning module CommonMenuExtensions (256)
[2018.06.10-13.34.27:282][982]LogModuleManager: Shutting down and abandoning module MainFrame (254)
[2018.06.10-13.34.27:282][982]LogModuleManager: Shutting down and abandoning module HotReload (253)
[2018.06.10-13.34.27:282][982]LogModuleManager: Shutting down and abandoning module ContentBrowser (249)
[2018.06.10-13.34.27:283][982]LogModuleManager: Shutting down and abandoning module TreeMap (247)
[2018.06.10-13.34.27:283][982]LogModuleManager: Shutting down and abandoning module LightPropagationVolumeRuntime (244)
[2018.06.10-13.34.27:283][982]LogModuleManager: Shutting down and abandoning module LiveLinkEditor (242)
[2018.06.10-13.34.27:284][982]LogModuleManager: Shutting down and abandoning module LiveLink (240)
[2018.06.10-13.34.28:156][982]LogModuleManager: Shutting down and abandoning module Paper2D (238)
[2018.06.10-13.34.28:159][982]LogModuleManager: Shutting down and abandoning module WindowsMoviePlayer (236)
[2018.06.10-13.34.28:160][982]LogModuleManager: Shutting down and abandoning module WmfMedia (234)
[2018.06.10-13.34.28:161][982]LogModuleManager: Shutting down and abandoning module Media (233)
[2018.06.10-13.34.28:168][982]LogModuleManager: Shutting down and abandoning module PacketHandler (230)
[2018.06.10-13.34.28:169][982]LogModuleManager: Shutting down and abandoning module ClothingSystemEditor (228)
[2018.06.10-13.34.28:169][982]LogModuleManager: Shutting down and abandoning module ClothingSystemRuntime (226)
[2018.06.10-13.34.28:169][982]LogModuleManager: Shutting down and abandoning module MediaAssets (224)
[2018.06.10-13.34.28:169][982]LogModuleManager: Shutting down and abandoning module Overlay (222)
[2018.06.10-13.34.28:169][982]LogModuleManager: Shutting down and abandoning module OverlayEditor (221)
[2018.06.10-13.34.28:170][982]LogModuleManager: Shutting down and abandoning module VREditor (218)
[2018.06.10-13.34.28:170][982]LogModuleManager: Shutting down and abandoning module StringTableEditor (216)
[2018.06.10-13.34.28:170][982]LogModuleManager: Shutting down and abandoning module GameplayTasksEditor (214)
[2018.06.10-13.34.28:170][982]LogModuleManager: Shutting down and abandoning module BehaviorTreeEditor (212)
[2018.06.10-13.34.28:172][982]LogModuleManager: Shutting down and abandoning module FunctionalTesting (210)
[2018.06.10-13.34.28:172][982]LogModuleManager: Shutting down and abandoning module CollisionAnalyzer (208)
[2018.06.10-13.34.28:173][982]LogModuleManager: Shutting down and abandoning module WorkspaceMenuStructure (207)
[2018.06.10-13.34.28:173][982]LogModuleManager: Shutting down and abandoning module UMG (204)
[2018.06.10-13.34.28:174][982]LogModuleManager: Shutting down and abandoning module UMGEditor (203)
[2018.06.10-13.34.28:175][982]LogModuleManager: Shutting down and abandoning module Sequencer (202)
[2018.06.10-13.34.28:176][982]LogModuleManager: Shutting down and abandoning module MessageLog (199)
[2018.06.10-13.34.28:176][982]LogModuleManager: Shutting down and abandoning module SlateReflector (194)
[2018.06.10-13.34.28:178][982]LogModuleManager: Shutting down and abandoning module Slate (192)
[2018.06.10-13.34.28:178][982]LogModuleManager: Shutting down and abandoning module EditorStyle (190)
[2018.06.10-13.34.28:182][982]LogModuleManager: Shutting down and abandoning module MRMesh (188)
[2018.06.10-13.34.28:182][982]LogModuleManager: Shutting down and abandoning module SourceCodeAccess (186)
[2018.06.10-13.34.28:182][982]LogModuleManager: Shutting down and abandoning module HeadMountedDisplay (184)
[2018.06.10-13.34.28:182][982]LogModuleManager: Shutting down and abandoning module XAudio2 (182)
[2018.06.10-13.34.28:182][982]LogModuleManager: Shutting down and abandoning module Networking (180)
[2018.06.10-13.34.28:182][982]LogModuleManager: Shutting down and abandoning module Core (178)
[2018.06.10-13.34.28:182][982]LogModuleManager: Shutting down and abandoning module LevelSequence (176)
[2018.06.10-13.34.28:182][982]LogModuleManager: Shutting down and abandoning module KismetCompiler (174)
[2018.06.10-13.34.28:182][982]LogModuleManager: Shutting down and abandoning module MeshUtilities (172)
[2018.06.10-13.34.28:183][982]LogModuleManager: Shutting down and abandoning module MeshMergeUtilities (171)
[2018.06.10-13.34.28:183][982]LogModuleManager: Shutting down and abandoning module MeshReductionInterface (170)
[2018.06.10-13.34.28:183][982]LogModuleManager: Shutting down and abandoning module SimplygonSwarm (169)
[2018.06.10-13.34.28:183][982]LogModuleManager: Shutting down and abandoning module SimplygonMeshReduction (167)
[2018.06.10-13.34.28:184][982]LogModuleManager: Shutting down and abandoning module QuadricMeshReduction (165)
[2018.06.10-13.34.28:184][982]LogModuleManager: Shutting down and abandoning module MaterialBaking (161)
[2018.06.10-13.34.28:184][982]LogModuleManager: Shutting down and abandoning module DirectoryWatcher (157)
[2018.06.10-13.34.28:186][982]LogModuleManager: Shutting down and abandoning module DerivedDataCache (154)
[2018.06.10-13.34.28:256][982]LogDerivedDataCache: Shutdown
[2018.06.10-13.34.28:256][982]LogModuleManager: Shutting down and abandoning module XGEController (152)
[2018.06.10-13.34.28:256][982]LogModuleManager: Shutting down and abandoning module TargetPlatform (150)
[2018.06.10-13.34.28:256][982]LogModuleManager: Shutting down and abandoning module VulkanShaderFormat (149)
[2018.06.10-13.34.28:259][982]LogModuleManager: Shutting down and abandoning module ShaderFormatVectorVM (147)
[2018.06.10-13.34.28:259][982]LogModuleManager: Shutting down and abandoning module ShaderFormatOpenGL (145)
[2018.06.10-13.34.28:259][982]LogModuleManager: Shutting down and abandoning module ShaderFormatD3D (143)
[2018.06.10-13.34.28:259][982]LogModuleManager: Shutting down and abandoning module MetalShaderFormat (141)
[2018.06.10-13.34.28:260][982]LogModuleManager: Shutting down and abandoning module TextureFormatUncompressed (139)
[2018.06.10-13.34.28:260][982]LogModuleManager: Shutting down and abandoning module TextureFormatPVR (137)
[2018.06.10-13.34.28:260][982]LogModuleManager: Shutting down and abandoning module TextureFormatDXT (135)
[2018.06.10-13.34.28:260][982]LogModuleManager: Shutting down and abandoning module TextureFormatIntelISPCTexComp (133)
[2018.06.10-13.34.28:260][982]LogModuleManager: Shutting down and abandoning module TextureFormatASTC (131)
[2018.06.10-13.34.28:260][982]LogModuleManager: Shutting down and abandoning module ImageWrapper (130)
[2018.06.10-13.34.28:260][982]LogModuleManager: Shutting down and abandoning module TextureFormatAndroid (127)
[2018.06.10-13.34.28:260][982]LogModuleManager: Shutting down and abandoning module AudioFormatOpus (125)
[2018.06.10-13.34.28:260][982]LogModuleManager: Shutting down and abandoning module AudioFormatOgg (123)
[2018.06.10-13.34.28:260][982]LogModuleManager: Shutting down and abandoning module AudioFormatADPCM (121)
[2018.06.10-13.34.28:260][982]LogModuleManager: Shutting down and abandoning module LinuxTargetPlatform (119)
[2018.06.10-13.34.28:260][982]LogModuleManager: Shutting down and abandoning module LinuxServerTargetPlatform (117)
[2018.06.10-13.34.28:260][982]LogModuleManager: Shutting down and abandoning module LinuxNoEditorTargetPlatform (115)
[2018.06.10-13.34.28:260][982]LogModuleManager: Shutting down and abandoning module LinuxClientTargetPlatform (113)
[2018.06.10-13.34.28:260][982]LogModuleManager: Shutting down and abandoning module TVOSTargetPlatform (111)
[2018.06.10-13.34.28:260][982]LogModuleManager: Shutting down and abandoning module Messaging (109)
[2018.06.10-13.34.28:260][982]LogModuleManager: Shutting down and abandoning module IOSTargetPlatform (107)
[2018.06.10-13.34.28:260][982]LogModuleManager: Shutting down and abandoning module HTML5TargetPlatform (105)
[2018.06.10-13.34.28:260][982]LogModuleManager: Shutting down and abandoning module AndroidTargetPlatform (103)
[2018.06.10-13.34.28:260][982]LogModuleManager: Shutting down and abandoning module Android_PVRTCTargetPlatform (101)
[2018.06.10-13.34.28:260][982]LogModuleManager: Shutting down and abandoning module Android_MultiTargetPlatform (99)
[2018.06.10-13.34.28:260][982]LogModuleManager: Shutting down and abandoning module Android_ETC2TargetPlatform (97)
[2018.06.10-13.34.28:260][982]LogModuleManager: Shutting down and abandoning module Android_ETC1TargetPlatform (95)
[2018.06.10-13.34.28:260][982]LogModuleManager: Shutting down and abandoning module Android_ETC1aTargetPlatform (93)
[2018.06.10-13.34.28:260][982]LogModuleManager: Shutting down and abandoning module Android_DXTTargetPlatform (91)
[2018.06.10-13.34.28:260][982]LogModuleManager: Shutting down and abandoning module Android_ATCTargetPlatform (89)
[2018.06.10-13.34.28:260][982]LogModuleManager: Shutting down and abandoning module Android_ASTCTargetPlatform (87)
[2018.06.10-13.34.28:260][982]LogModuleManager: Shutting down and abandoning module WindowsTargetPlatform (85)
[2018.06.10-13.34.28:260][982]LogModuleManager: Shutting down and abandoning module WindowsServerTargetPlatform (83)
[2018.06.10-13.34.28:260][982]LogModuleManager: Shutting down and abandoning module WindowsNoEditorTargetPlatform (81)
[2018.06.10-13.34.28:260][982]LogModuleManager: Shutting down and abandoning module WindowsClientTargetPlatform (79)
[2018.06.10-13.34.28:260][982]LogModuleManager: Shutting down and abandoning module MacTargetPlatform (77)
[2018.06.10-13.34.28:260][982]LogModuleManager: Shutting down and abandoning module MacServerTargetPlatform (75)
[2018.06.10-13.34.28:260][982]LogModuleManager: Shutting down and abandoning module MacNoEditorTargetPlatform (73)
[2018.06.10-13.34.28:260][982]LogModuleManager: Shutting down and abandoning module MacClientTargetPlatform (71)
[2018.06.10-13.34.28:260][982]LogModuleManager: Shutting down and abandoning module AllDesktopTargetPlatform (69)
[2018.06.10-13.34.28:260][982]LogModuleManager: Shutting down and abandoning module InputCore (66)
[2018.06.10-13.34.28:260][982]LogModuleManager: Shutting down and abandoning module Settings (64)
[2018.06.10-13.34.28:260][982]LogModuleManager: Shutting down and abandoning module PhysXCooking (62)
[2018.06.10-13.34.28:260][982]LogModuleManager: Shutting down and abandoning module SteamVR (60)
[2018.06.10-13.34.28:260][982]LogModuleManager: Shutting down and abandoning module OculusHMD (58)
[2018.06.10-13.34.28:261][982]LogModuleManager: Shutting down and abandoning module ExampleDeviceProfileSelector (56)
[2018.06.10-13.34.28:261][982]LogModuleManager: Shutting down and abandoning module AppleARKit (54)
[2018.06.10-13.34.28:261][982]LogModuleManager: Shutting down and abandoning module AugmentedReality (51)
[2018.06.10-13.34.28:261][982]LogModuleManager: Shutting down and abandoning module OnlineBlueprintSupport (48)
[2018.06.10-13.34.28:261][982]LogModuleManager: Shutting down and abandoning module OnlineSubsystem (44)
[2018.06.10-13.34.28:262][982]LogModuleManager: Shutting down and abandoning module XMPP (43)
[2018.06.10-13.34.28:262][982]LogModuleManager: Shutting down and abandoning module HTTP (41)
[2018.06.10-13.34.28:263][982]LogHttp: Display: Http module shutting down, but needs to wait on 1 outstanding Http requests:
[2018.06.10-13.34.28:263][982]LogHttp: Display: 	verb=[POST] url=[https://datarouter.ol.epicgames.com/datarouter/api/v1/public/data?SessionID=%7B96F105AB-4CD1-9E0E-7E99-058EC4758F7F%7D&AppID=UEEditor.Rocket.Release&AppVersion=4.19.2-4033788%2B%2B%2BUE4%2BRelease-4.19&UserID=a88b0e5044989ebf4097258caa292ed4%7C547dec53e2fc4847b271f87a9413d028%7Cb30ac96c-2a1f-4419-8a2c-475f19de51c5&AppEnvironment=datacollector-binary&UploadType=eteventstream] status=Processing
[2018.06.10-13.34.28:296][982]LogModuleManager: Shutting down and abandoning module SSL (40)
[2018.06.10-13.34.28:297][982]LogModuleManager: Shutting down and abandoning module AnimationModifiers (36)
[2018.06.10-13.34.28:298][982]LogModuleManager: Shutting down and abandoning module PropertyEditor (35)
[2018.06.10-13.34.28:298][982]LogModuleManager: Shutting down and abandoning module AudioEditor (32)
[2018.06.10-13.34.28:299][982]LogModuleManager: Shutting down and abandoning module TextureCompressor (30)
[2018.06.10-13.34.28:300][982]LogModuleManager: Shutting down and abandoning module ShaderCore (28)
[2018.06.10-13.34.28:300][982]LogModuleManager: Shutting down and abandoning module Landscape (26)
[2018.06.10-13.34.28:300][982]LogModuleManager: Shutting down and abandoning module SlateRHIRenderer (24)
[2018.06.10-13.34.28:301][982]LogModuleManager: Shutting down and abandoning module OpenGLDrv (22)
[2018.06.10-13.34.28:302][982]LogModuleManager: Shutting down and abandoning module D3D11RHI (20)
[2018.06.10-13.34.28:302][982]LogModuleManager: Shutting down and abandoning module AnimGraphRuntime (18)
[2018.06.10-13.34.28:302][982]LogModuleManager: Shutting down and abandoning module Renderer (16)
[2018.06.10-13.34.28:302][982]LogModuleManager: Shutting down and abandoning module Engine (14)
[2018.06.10-13.34.28:302][982]LogModuleManager: Shutting down and abandoning module CoreUObject (12)
[2018.06.10-13.34.28:302][982]LogModuleManager: Shutting down and abandoning module NetworkFile (10)
[2018.06.10-13.34.28:302][982]LogModuleManager: Shutting down and abandoning module CookedIterativeFile (8)
[2018.06.10-13.34.28:302][982]LogModuleManager: Shutting down and abandoning module StreamingFile (6)
[2018.06.10-13.34.28:302][982]LogModuleManager: Shutting down and abandoning module SandboxFile (4)
[2018.06.10-13.34.28:302][982]LogModuleManager: Shutting down and abandoning module PakFile (2)
[2018.06.10-13.34.28:309][982]LogExit: Exiting.
[2018.06.10-13.34.28:317][982]Log file closed, 06/10/18 15:34:28
