Log file open, 06/10/18 19:48:11
LogWindows: Failed to load 'aqProf.dll' (GetLastError=126)
LogWindows: File 'aqProf.dll' does not exist
LogWindows: Failed to load 'VtuneApi.dll' (GetLastError=126)
LogWindows: File 'VtuneApi.dll' does not exist
LogWindows: Failed to load 'VtuneApi32e.dll' (GetLastError=126)
LogWindows: File 'VtuneApi32e.dll' does not exist
LogInit: Display: Running engine for game: Calio
LogPlatformFile: Not using cached read wrapper
LogInit: Display: RandInit(238820678) SRandInit(238820678).
LogInit: Read version file with build ID '3944462'
LogInit: Overriding engine version to CL 4033788, compatible CL 3944462
LogInit: Registered custom module enumerator with build ID '3944462'
LogTaskGraph: Started task graph with 5 named threads and 14 total threads with 3 sets of task threads.
LogStats: Stats thread started at 0.394681
LogD3D11RHI: Aftermath initialized
LogICUInternationalization: Display: ICU TimeZone Detection - Raw Offset: +1:00, Platform Override: ''
LogModuleManager: Display: Found up-to-date module file ../../../Engine/Plugins/Marketplace/Substance/Binaries/Win64/UE4Editor-SubstanceCore.dll (API version 3944462).
LogModuleManager: Display: Found up-to-date module file ../../../Engine/Plugins/Marketplace/Substance/Binaries/Win64/UE4Editor-SubstanceEditor.dll (API version 3944462).
LogModuleManager: Display: Found up-to-date module file ../../../Engine/Plugins/Marketplace/Substance/Binaries/Win64/UE4Editor-SubstanceSource.dll (API version 3944462).
LogModuleManager: Display: Found up-to-date module file ../../../Engine/Plugins/Marketplace/Substance/Binaries/Win64/UE4Editor-SubstanceLiveLink.dll (API version 3944462).
LogModuleManager: Display: Found up-to-date module file ../../../Engine/Plugins/2D/Paper2D/Binaries/Win64/UE4Editor-Paper2D.dll (API version 3944462).
LogModuleManager: Display: Found up-to-date module file ../../../Engine/Plugins/2D/Paper2D/Binaries/Win64/UE4Editor-Paper2DEditor.dll (API version 3944462).
LogModuleManager: Display: Found up-to-date module file ../../../Engine/Plugins/2D/Paper2D/Binaries/Win64/UE4Editor-PaperSpriteSheetImporter.dll (API version 3944462).
LogModuleManager: Display: Found up-to-date module file ../../../Engine/Plugins/2D/Paper2D/Binaries/Win64/UE4Editor-PaperTiledImporter.dll (API version 3944462).
LogModuleManager: Display: Found up-to-date module file ../../../Engine/Plugins/2D/Paper2D/Binaries/Win64/UE4Editor-SmartSnapping.dll (API version 3944462).
LogModuleManager: Display: Found up-to-date module file ../../../Engine/Plugins/Blendables/LightPropagationVolume/Binaries/Win64/UE4Editor-LightPropagationVolumeRuntime.dll (API version 3944462).
LogModuleManager: Display: Found up-to-date module file ../../../Engine/Plugins/Blendables/LightPropagationVolume/Binaries/Win64/UE4Editor-LightPropagationVolumeEditor.dll (API version 3944462).
LogModuleManager: Display: Found up-to-date module file ../../../Engine/Plugins/Developer/CLionSourceCodeAccess/Binaries/Win64/UE4Editor-CLionSourceCodeAccess.dll (API version 3944462).
LogModuleManager: Display: Found up-to-date module file ../../../Engine/Plugins/Developer/GitSourceControl/Binaries/Win64/UE4Editor-GitSourceControl.dll (API version 3944462).
LogModuleManager: Display: Found up-to-date module file ../../../Engine/Plugins/Developer/PerforceSourceControl/Binaries/Win64/UE4Editor-PerforceSourceControl.dll (API version 3944462).
LogModuleManager: Display: Found up-to-date module file ../../../Engine/Plugins/Developer/SubversionSourceControl/Binaries/Win64/UE4Editor-SubversionSourceControl.dll (API version 3944462).
LogModuleManager: Display: Found up-to-date module file ../../../Engine/Plugins/Developer/UObjectPlugin/Binaries/Win64/UE4Editor-UObjectPlugin.dll (API version 3944462).
LogModuleManager: Display: Found up-to-date module file ../../../Engine/Plugins/Developer/VisualStudioCodeSourceCodeAccess/Binaries/Win64/UE4Editor-VisualStudioCodeSourceCodeAccess.dll (API version 3944462).
LogModuleManager: Display: Found up-to-date module file ../../../Engine/Plugins/Developer/VisualStudioSourceCodeAccess/Binaries/Win64/UE4Editor-VisualStudioSourceCodeAccess.dll (API version 3944462).
LogModuleManager: Display: Found up-to-date module file ../../../Engine/Plugins/Editor/AssetManagerEditor/Binaries/Win64/UE4Editor-AssetManagerEditor.dll (API version 3944462).
LogModuleManager: Display: Found up-to-date module file ../../../Engine/Plugins/Editor/CryptoKeys/Binaries/Win64/UE4Editor-CryptoKeys.dll (API version 3944462).
LogModuleManager: Display: Found up-to-date module file ../../../Engine/Plugins/Editor/CryptoKeys/Binaries/Win64/UE4Editor-CryptoKeysOpenSSL.dll (API version 3944462).
LogModuleManager: Display: Found up-to-date module file ../../../Engine/Plugins/Editor/DataValidation/Binaries/Win64/UE4Editor-DataValidation.dll (API version 3944462).
LogModuleManager: Display: Found up-to-date module file ../../../Engine/Plugins/Editor/FacialAnimation/Binaries/Win64/UE4Editor-FacialAnimation.dll (API version 3944462).
LogModuleManager: Display: Found up-to-date module file ../../../Engine/Plugins/Editor/FacialAnimation/Binaries/Win64/UE4Editor-FacialAnimationEditor.dll (API version 3944462).
LogModuleManager: Display: Found up-to-date module file ../../../Engine/Plugins/Editor/GameplayTagsEditor/Binaries/Win64/UE4Editor-GameplayTagsEditor.dll (API version 3944462).
LogModuleManager: Display: Found up-to-date module file ../../../Engine/Plugins/Editor/MobileLauncherProfileWizard/Binaries/Win64/UE4Editor-MobileLauncherProfileWizard.dll (API version 3944462).
LogModuleManager: Display: Found up-to-date module file ../../../Engine/Plugins/Editor/PluginBrowser/Binaries/Win64/UE4Editor-PluginBrowser.dll (API version 3944462).
LogModuleManager: Display: Found up-to-date module file ../../../Engine/Plugins/Editor/SpeedTreeImporter/Binaries/Win64/UE4Editor-SpeedTreeImporter.dll (API version 3944462).
LogModuleManager: Display: Found up-to-date module file ../../../Engine/Plugins/Enterprise/DatasmithContent/Binaries/Win64/UE4Editor-DatasmithContent.dll (API version 3944462).
LogModuleManager: Display: Found up-to-date module file ../../../Engine/Plugins/Experimental/AlembicImporter/Binaries/Win64/UE4Editor-AlembicImporter.dll (API version 3944462).
LogModuleManager: Display: Found up-to-date module file ../../../Engine/Plugins/Experimental/AlembicImporter/Binaries/Win64/UE4Editor-AlembicLibrary.dll (API version 3944462).
LogModuleManager: Display: Found up-to-date module file ../../../Engine/Plugins/Experimental/CharacterAI/Binaries/Win64/UE4Editor-CharacterAI.dll (API version 3944462).
LogModuleManager: Display: Found up-to-date module file ../../../Engine/Plugins/Experimental/HTML5Networking/Binaries/Win64/UE4Editor-HTML5Networking.dll (API version 3944462).
LogModuleManager: Display: Found up-to-date module file ../../../Engine/Plugins/Media/AndroidMedia/Binaries/Win64/UE4Editor-AndroidMediaEditor.dll (API version 3944462).
LogModuleManager: Display: Found up-to-date module file ../../../Engine/Plugins/Media/AndroidMedia/Binaries/Win64/UE4Editor-AndroidMediaFactory.dll (API version 3944462).
LogModuleManager: Display: Found up-to-date module file ../../../Engine/Plugins/Media/AvfMedia/Binaries/Win64/UE4Editor-AvfMediaEditor.dll (API version 3944462).
LogModuleManager: Display: Found up-to-date module file ../../../Engine/Plugins/Media/AvfMedia/Binaries/Win64/UE4Editor-AvfMediaFactory.dll (API version 3944462).
LogModuleManager: Display: Found up-to-date module file ../../../Engine/Plugins/Media/AvfMedia/Binaries/Win64/UE4Editor-AvfMediaFactory.dll (API version 3944462).
LogModuleManager: Display: Found up-to-date module file ../../../Engine/Plugins/Media/ImgMedia/Binaries/Win64/UE4Editor-ImgMedia.dll (API version 3944462).
LogModuleManager: Display: Found up-to-date module file ../../../Engine/Plugins/Media/ImgMedia/Binaries/Win64/UE4Editor-ImgMediaEditor.dll (API version 3944462).
LogModuleManager: Display: Found up-to-date module file ../../../Engine/Plugins/Media/ImgMedia/Binaries/Win64/UE4Editor-ImgMediaFactory.dll (API version 3944462).
LogModuleManager: Display: Found up-to-date module file ../../../Engine/Plugins/Media/ImgMedia/Binaries/Win64/UE4Editor-ImgMediaFactory.dll (API version 3944462).
LogModuleManager: Display: Found up-to-date module file ../../../Engine/Plugins/Media/ImgMedia/Binaries/Win64/UE4Editor-OpenExrWrapper.dll (API version 3944462).
LogModuleManager: Display: Found up-to-date module file ../../../Engine/Plugins/Media/LinearTimecode/Binaries/Win64/UE4Editor-LinearTimecode.dll (API version 3944462).
LogModuleManager: Display: Found up-to-date module file ../../../Engine/Plugins/Media/MediaCompositing/Binaries/Win64/UE4Editor-MediaCompositing.dll (API version 3944462).
LogModuleManager: Display: Found up-to-date module file ../../../Engine/Plugins/Media/MediaCompositing/Binaries/Win64/UE4Editor-MediaCompositingEditor.dll (API version 3944462).
LogModuleManager: Display: Found up-to-date module file ../../../Engine/Plugins/Media/MediaPlayerEditor/Binaries/Win64/UE4Editor-MediaPlayerEditor.dll (API version 3944462).
LogModuleManager: Display: Found up-to-date module file ../../../Engine/Plugins/Media/WmfMedia/Binaries/Win64/UE4Editor-WmfMedia.dll (API version 3944462).
LogModuleManager: Display: Found up-to-date module file ../../../Engine/Plugins/Media/WmfMedia/Binaries/Win64/UE4Editor-WmfMediaEditor.dll (API version 3944462).
LogModuleManager: Display: Found up-to-date module file ../../../Engine/Plugins/Media/WmfMedia/Binaries/Win64/UE4Editor-WmfMediaFactory.dll (API version 3944462).
LogModuleManager: Display: Found up-to-date module file ../../../Engine/Plugins/Media/WmfMedia/Binaries/Win64/UE4Editor-WmfMediaFactory.dll (API version 3944462).
LogModuleManager: Display: Found up-to-date module file ../../../Engine/Plugins/Messaging/TcpMessaging/Binaries/Win64/UE4Editor-TcpMessaging.dll (API version 3944462).
LogModuleManager: Display: Found up-to-date module file ../../../Engine/Plugins/Messaging/UdpMessaging/Binaries/Win64/UE4Editor-UdpMessaging.dll (API version 3944462).
LogModuleManager: Display: Found up-to-date module file ../../../Engine/Plugins/MovieScene/ActorSequence/Binaries/Win64/UE4Editor-ActorSequence.dll (API version 3944462).
LogModuleManager: Display: Found up-to-date module file ../../../Engine/Plugins/MovieScene/LevelSequenceEditor/Binaries/Win64/UE4Editor-LevelSequenceEditor.dll (API version 3944462).
LogModuleManager: Display: Found up-to-date module file ../../../Engine/Plugins/MovieScene/MatineeToLevelSequence/Binaries/Win64/UE4Editor-MatineeToLevelSequence.dll (API version 3944462).
LogModuleManager: Display: Found up-to-date module file ../../../Engine/Plugins/NetcodeUnitTest/NetcodeUnitTest/Binaries/Win64/UE4Editor-NetcodeUnitTest.dll (API version 3944462).
LogModuleManager: Display: Found up-to-date module file ../../../Engine/Plugins/NetcodeUnitTest/NUTUnrealEngine4/Binaries/Win64/UE4Editor-NUTUnrealEngine4.dll (API version 3944462).
LogModuleManager: Display: Found up-to-date module file ../../../Engine/Plugins/Online/OnlineSubsystem/Binaries/Win64/UE4Editor-OnlineSubsystem.dll (API version 3944462).
LogModuleManager: Display: Found up-to-date module file ../../../Engine/Plugins/Runtime/AndroidPermission/Binaries/Win64/UE4Editor-AndroidPermission.dll (API version 3944462).
LogModuleManager: Display: Found up-to-date module file ../../../Engine/Plugins/Online/OnlineSubsystemNull/Binaries/Win64/UE4Editor-OnlineSubsystemNull.dll (API version 3944462).
LogModuleManager: Display: Found up-to-date module file ../../../Engine/Plugins/Online/OnlineSubsystemUtils/Binaries/Win64/UE4Editor-OnlineSubsystemUtils.dll (API version 3944462).
LogModuleManager: Display: Found up-to-date module file ../../../Engine/Plugins/Online/OnlineSubsystemUtils/Binaries/Win64/UE4Editor-OnlineBlueprintSupport.dll (API version 3944462).
LogModuleManager: Display: Found up-to-date module file ../../../Engine/Plugins/Runtime/AndroidDeviceProfileSelector/Binaries/Win64/UE4Editor-AndroidDeviceProfileSelector.dll (API version 3944462).
LogModuleManager: Display: Found up-to-date module file ../../../Engine/Plugins/Runtime/AppleARKit/Binaries/Win64/UE4Editor-AppleARKit.dll (API version 3944462).
LogModuleManager: Display: Found up-to-date module file ../../../Engine/Plugins/Runtime/ProceduralMeshComponent/Binaries/Win64/UE4Editor-ProceduralMeshComponent.dll (API version 3944462).
LogModuleManager: Display: Found up-to-date module file ../../../Engine/Plugins/Runtime/ProceduralMeshComponent/Binaries/Win64/UE4Editor-ProceduralMeshComponentEditor.dll (API version 3944462).
LogModuleManager: Display: Found up-to-date module file ../../../Engine/Plugins/Animation/LiveLink/Binaries/Win64/UE4Editor-LiveLink.dll (API version 3944462).
LogModuleManager: Display: Found up-to-date module file ../../../Engine/Plugins/Animation/LiveLink/Binaries/Win64/UE4Editor-LiveLinkEditor.dll (API version 3944462).
LogModuleManager: Display: Found up-to-date module file ../../../Engine/Plugins/Runtime/ArchVisCharacter/Binaries/Win64/UE4Editor-ArchVisCharacter.dll (API version 3944462).
LogModuleManager: Display: Found up-to-date module file ../../../Engine/Plugins/Runtime/AudioCapture/Binaries/Win64/UE4Editor-AudioCapture.dll (API version 3944462).
LogModuleManager: Display: Found up-to-date module file ../../../Engine/Plugins/Runtime/AudioCapture/Binaries/Win64/UE4Editor-AudioCaptureEditor.dll (API version 3944462).
LogModuleManager: Display: Found up-to-date module file ../../../Engine/Plugins/Runtime/CableComponent/Binaries/Win64/UE4Editor-CableComponent.dll (API version 3944462).
LogModuleManager: Display: Found up-to-date module file ../../../Engine/Plugins/Runtime/CustomMeshComponent/Binaries/Win64/UE4Editor-CustomMeshComponent.dll (API version 3944462).
LogModuleManager: Display: Found up-to-date module file ../../../Engine/Plugins/Runtime/ExampleDeviceProfileSelector/Binaries/Win64/UE4Editor-ExampleDeviceProfileSelector.dll (API version 3944462).
LogModuleManager: Display: Found up-to-date module file ../../../Engine/Plugins/Runtime/ImmediatePhysics/Binaries/Win64/UE4Editor-ImmediatePhysics.dll (API version 3944462).
LogModuleManager: Display: Found up-to-date module file ../../../Engine/Plugins/Runtime/ImmediatePhysics/Binaries/Win64/UE4Editor-ImmediatePhysicsEditor.dll (API version 3944462).
LogModuleManager: Display: Found up-to-date module file ../../../Engine/Plugins/Runtime/LocationServicesBPLibrary/Binaries/Win64/UE4Editor-LocationServicesBPLibrary.dll (API version 3944462).
LogModuleManager: Display: Found up-to-date module file ../../../Engine/Plugins/Runtime/MobilePatchingUtils/Binaries/Win64/UE4Editor-MobilePatchingUtils.dll (API version 3944462).
LogModuleManager: Display: Found up-to-date module file ../../../Engine/Plugins/Runtime/Oculus/OculusVR/Binaries/Win64/UE4Editor-OculusHMD.dll (API version 3944462).
LogModuleManager: Display: Found up-to-date module file ../../../Engine/Plugins/Runtime/Oculus/OculusVR/Binaries/Win64/UE4Editor-OculusInput.dll (API version 3944462).
LogModuleManager: Display: Found up-to-date module file ../../../Engine/Plugins/Runtime/Oculus/OculusVR/Binaries/Win64/UE4Editor-OculusEditor.dll (API version 3944462).
LogModuleManager: Display: Found up-to-date module file ../../../Engine/Plugins/Runtime/PhysXVehicles/Binaries/Win64/UE4Editor-PhysXVehicles.dll (API version 3944462).
LogModuleManager: Display: Found up-to-date module file ../../../Engine/Plugins/Runtime/PhysXVehicles/Binaries/Win64/UE4Editor-PhysXVehiclesEditor.dll (API version 3944462).
LogModuleManager: Display: Found up-to-date module file ../../../Engine/Plugins/Runtime/RuntimePhysXCooking/Binaries/Win64/UE4Editor-RuntimePhysXCooking.dll (API version 3944462).
LogModuleManager: Display: Found up-to-date module file ../../../Engine/Plugins/Runtime/Steam/SteamVR/Binaries/Win64/UE4Editor-SteamVR.dll (API version 3944462).
LogModuleManager: Display: Found up-to-date module file ../../../Engine/Plugins/Runtime/Steam/SteamVR/Binaries/Win64/UE4Editor-SteamVRController.dll (API version 3944462).
LogModuleManager: Display: Found up-to-date module file ../../../Engine/Plugins/Runtime/WindowsMoviePlayer/Binaries/Win64/UE4Editor-WindowsMoviePlayer.dll (API version 3944462).
LogPluginManager: Mounting plugin Paper2D
LogPluginManager: Mounting plugin LiveLink
LogPluginManager: Mounting plugin LightPropagationVolume
LogPluginManager: Mounting plugin CLionSourceCodeAccess
LogPluginManager: Mounting plugin CodeLiteSourceCodeAccess
LogPluginManager: Mounting plugin GitSourceControl
LogPluginManager: Mounting plugin KDevelopSourceCodeAccess
LogPluginManager: Mounting plugin NullSourceCodeAccess
LogPluginManager: Mounting plugin PerforceSourceControl
LogPluginManager: Mounting plugin SubversionSourceControl
LogPluginManager: Mounting plugin UObjectPlugin
LogPluginManager: Mounting plugin VisualStudioCodeSourceCodeAccess
LogPluginManager: Mounting plugin VisualStudioSourceCodeAccess
LogPluginManager: Mounting plugin XCodeSourceCodeAccess
LogPluginManager: Mounting plugin AssetManagerEditor
LogPluginManager: Mounting plugin CryptoKeys
LogPluginManager: Mounting plugin DataValidation
LogPluginManager: Mounting plugin FacialAnimation
LogPluginManager: Mounting plugin GameplayTagsEditor
LogPluginManager: Mounting plugin MobileLauncherProfileWizard
LogPluginManager: Mounting plugin PluginBrowser
LogPluginManager: Mounting plugin SpeedTreeImporter
LogPluginManager: Mounting plugin DatasmithContent
LogPluginManager: Mounting plugin AlembicImporter
LogPluginManager: Mounting plugin CharacterAI
LogPluginManager: Mounting plugin HTML5Networking
LogPluginManager: Mounting plugin Substance
LogPluginManager: Mounting plugin AndroidMedia
LogPluginManager: Mounting plugin AvfMedia
LogPluginManager: Mounting plugin ImgMedia
LogPluginManager: Mounting plugin LinearTimecode
LogPluginManager: Mounting plugin MediaCompositing
LogPluginManager: Mounting plugin MediaPlayerEditor
LogPluginManager: Mounting plugin WmfMedia
LogPluginManager: Mounting plugin TcpMessaging
LogPluginManager: Mounting plugin UdpMessaging
LogPluginManager: Mounting plugin ActorSequence
LogPluginManager: Mounting plugin LevelSequenceEditor
LogPluginManager: Mounting plugin MatineeToLevelSequence
LogPluginManager: Mounting plugin NetcodeUnitTest
LogPluginManager: Mounting plugin NUTUnrealEngine4
LogPluginManager: Mounting plugin OnlineSubsystemGooglePlay
LogPluginManager: Mounting plugin OnlineSubsystemIOS
LogPluginManager: Mounting plugin OnlineSubsystem
LogPluginManager: Mounting plugin OnlineSubsystemNull
LogPluginManager: Mounting plugin OnlineSubsystemUtils
LogPluginManager: Mounting plugin AndroidDeviceProfileSelector
LogPluginManager: Mounting plugin AndroidMoviePlayer
LogPluginManager: Mounting plugin AndroidPermission
LogPluginManager: Mounting plugin AppleARKit
LogPluginManager: Mounting plugin AppleMoviePlayer
LogPluginManager: Mounting plugin ArchVisCharacter
LogPluginManager: Mounting plugin AudioCapture
LogPluginManager: Mounting plugin CableComponent
LogPluginManager: Mounting plugin CustomMeshComponent
LogPluginManager: Mounting plugin ExampleDeviceProfileSelector
LogPluginManager: Mounting plugin GoogleCloudMessaging
LogPluginManager: Mounting plugin ImmediatePhysics
LogPluginManager: Mounting plugin IOSDeviceProfileSelector
LogPluginManager: Mounting plugin LinuxDeviceProfileSelector
LogPluginManager: Mounting plugin LocationServicesBPLibrary
LogPluginManager: Mounting plugin MobilePatchingUtils
LogPluginManager: Mounting plugin OculusVR
LogPluginManager: Plugin shader directory ../../../Engine/Plugins/Runtime/Oculus/OculusVR/Shaders found
LogPluginManager: Mapping shader source directory ../../../Engine/Plugins/Runtime/Oculus/OculusVR/Shaders to virtual directory /Plugin/OculusVR
LogPluginManager: Mounting plugin PhysXVehicles
LogPluginManager: Mounting plugin ProceduralMeshComponent
LogPluginManager: Mounting plugin RuntimePhysXCooking
LogPluginManager: Mounting plugin SteamVR
LogPluginManager: Mounting plugin WindowsMoviePlayer
LogStreaming: Display: Took  3.277s to configure plugins.
LogInit: Using libcurl 7.47.1
LogInit:  - built for x86_64-pc-win32
LogInit:  - supports SSL with OpenSSL/1.0.2g
LogInit:  - supports HTTP deflate (compression) using libz 1.2.8
LogInit:  - other features:
LogInit:      CURL_VERSION_SSL
LogInit:      CURL_VERSION_LIBZ
LogInit:      CURL_VERSION_IPV6
LogInit:      CURL_VERSION_ASYNCHDNS
LogInit:      CURL_VERSION_LARGEFILE
LogInit:      CURL_VERSION_IDN
LogInit:  CurlRequestOptions (configurable via config and command line):
LogInit:  - bVerifyPeer = false  - Libcurl will NOT verify peer certificate
LogInit:  - bUseHttpProxy = false  - Libcurl will NOT use HTTP proxy
LogInit:  - bDontReuseConnections = false  - Libcurl will reuse connections
LogInit:  - CertBundlePath = nullptr  - Libcurl will use whatever was configured at build time.
LogInit:  - MaxHostConnections = 16  - Libcurl will limit the number of connections to a host
LogInit:  - LocalHostAddr = Default
LogInit: WinSock: version 1.1 (2.2), MaxSocks=32767, MaxUdp=65467
LogInit: WinSock: I am DESKTOP-Q2U86QD (192.168.180.118:0)
LogInit: Build: ++UE4+Release-4.19-CL-4033788
LogInit: Engine Version: 4.19.2-4033788+++UE4+Release-4.19
LogInit: Compatible Engine Version: 4.19.0-3944462+++UE4+Release-4.19
LogInit: Net CL: 3944462
LogDevObjectVersion: Number of dev versions registered: 18
LogDevObjectVersion:   Dev-Blueprints (B0D832E4-1F89-4F0D-ACCF-7EB736FD4AA2): 10
LogDevObjectVersion:   Dev-Build (E1C64328-A22C-4D53-A36C-8E866417BD8C): 0
LogDevObjectVersion:   Dev-Core (375EC13C-06E4-48FB-B500-84F0262A717E): 2
LogDevObjectVersion:   Dev-Editor (E4B068ED-F494-42E9-A231-DA0B2E46BB41): 23
LogDevObjectVersion:   Dev-Framework (CFFC743F-43B0-4480-9391-14DF171D2073): 33
LogDevObjectVersion:   Dev-Mobile (B02B49B5-BB20-44E9-A304-32B752E40360): 2
LogDevObjectVersion:   Dev-Networking (A4E4105C-59A1-49B5-A7C5-40C4547EDFEE): 0
LogDevObjectVersion:   Dev-Online (39C831C9-5AE6-47DC-9A44-9C173E1C8E7C): 0
LogDevObjectVersion:   Dev-Physics (78F01B33-EBEA-4F98-B9B4-84EACCB95AA2): 0
LogDevObjectVersion:   Dev-Platform (6631380F-2D4D-43E0-8009-CF276956A95A): 0
LogDevObjectVersion:   Dev-Rendering (12F88B9F-8875-4AFC-A67C-D90C383ABD29): 25
LogDevObjectVersion:   Dev-Sequencer (7B5AE74C-D270-4C10-A958-57980B212A5A): 6
LogDevObjectVersion:   Dev-VR (D7296918-1DD6-4BDD-9DE2-64A83CC13884): 1
LogDevObjectVersion:   Dev-LoadTimes (C2A15278-BFE7-4AFE-6C17-90FF531DF755): 1
LogDevObjectVersion:   Private-Geometry (6EACA3D4-40EC-4CC1-B786-8BED09428FC5): 2
LogDevObjectVersion:   Dev-AnimPhys (29E575DD-E0A3-4627-9D10-D276232CDCEA): 16
LogDevObjectVersion:   Dev-ReflectionCapture (6B266CEC-1EC7-4B8F-A30B-E4D90942FC07): 1
LogDevObjectVersion:   Dev-Automation (0DF73D61-A23F-47EA-B727-89E90C41499A): 1
LogInit: Compiled (64-bit): Apr 27 2018 02:06:57
LogInit: Compiled with Visual C++: 19.00.24215.01
LogInit: Build Configuration: Development
LogInit: Branch Name: ++UE4+Release-4.19
LogInit: Command Line: 
LogInit: Base Directory: D:/Program Files/Epic Games/UE_4.19/Engine/Binaries/Win64/
LogInit: Installed Engine Build: 1
LogStreaming: Display: Took  0.004s to delete old logs.
LogInit: Presizing for max 8388607 objects, including 0 objects not considered by GC, pre-allocating 0 bytes for permanent pool.
LogInit: Object subsystem initialized
[2018.06.10-17.48.16:113][  0]LogInit: Selected Device Profile: [Windows]
[2018.06.10-17.48.16:113][  0]LogInit: Applying CVar settings loaded from the selected device profile: [Windows]
[2018.06.10-17.48.16:193][  0]LogInit: Computer: DESKTOP-Q2U86QD
[2018.06.10-17.48.16:193][  0]LogInit: User: optim
[2018.06.10-17.48.16:193][  0]LogInit: CPU Page size=4096, Cores=4
[2018.06.10-17.48.16:193][  0]LogInit: High frequency timer resolution =2.942899 MHz
[2018.06.10-17.48.16:193][  0]LogMemory: Memory total: Physical=8.0GB (8GB approx)
[2018.06.10-17.48.16:193][  0]LogMemory: Platform Memory Stats for Windows
[2018.06.10-17.48.16:193][  0]LogMemory: Process Physical Memory: 272.70 MB used, 272.70 MB peak
[2018.06.10-17.48.16:193][  0]LogMemory: Process Virtual Memory: 261.84 MB used, 261.84 MB peak
[2018.06.10-17.48.16:193][  0]LogMemory: Physical Memory: 6352.13 MB used,  1837.98 MB free, 8190.11 MB total
[2018.06.10-17.48.16:193][  0]LogMemory: Virtual Memory: 4775.98 MB used,  1837.98 MB free, 134217728.00 MB total
[2018.06.10-17.48.16:222][  0]LogInit: Using OS detected language (de-DE).
[2018.06.10-17.48.16:222][  0]LogInit: Using OS detected locale (de-DE).
[2018.06.10-17.48.16:313][  0]LogTextLocalizationManager: No localization for 'de-DE' exists, so 'en' will be used for the language.
[2018.06.10-17.48.17:508][  0]LogStreaming: Display: Took  1.287s to EndInitTextLocalization.
[2018.06.10-17.48.17:509][  0]LogInit: Setting process to per monitor DPI aware
[2018.06.10-17.48.17:686][  0]LogSlate: New Slate User Created.  User Index 0, Is Virtual User: 0
[2018.06.10-17.48.17:686][  0]LogSlate: Slate User Registered.  User Index 0, Is Virtual User: 0
[2018.06.10-17.48.24:136][  0]LogD3D11RHI: D3D11 adapters:
[2018.06.10-17.48.24:356][  0]LogD3D11RHI:    0. 'NVIDIA GeForce GTX 1050 Ti' (Feature Level 11_0)
[2018.06.10-17.48.24:356][  0]LogD3D11RHI:       4029/0/4095 MB DedicatedVideo/DedicatedSystem/SharedSystem, Outputs:1, VendorId:0x10de
[2018.06.10-17.48.24:360][  0]LogD3D11RHI:    1. 'Microsoft Basic Render Driver' (Feature Level 11_0)
[2018.06.10-17.48.24:360][  0]LogD3D11RHI:       0/0/4095 MB DedicatedVideo/DedicatedSystem/SharedSystem, Outputs:0, VendorId:0x1414
[2018.06.10-17.48.24:360][  0]LogD3D11RHI: Chosen D3D11 Adapter: 0
[2018.06.10-17.48.24:385][  0]LogD3D11RHI: Creating new Direct3DDevice
[2018.06.10-17.48.24:385][  0]LogD3D11RHI:     GPU DeviceId: 0x1c82 (for the marketing name, search the web for "GPU Device Id")
[2018.06.10-17.48.24:385][  0]LogWindows: EnumDisplayDevices:
[2018.06.10-17.48.24:387][  0]LogWindows:    0. 'NVIDIA GeForce GTX 1050 Ti' (P:1 D:1)
[2018.06.10-17.48.24:388][  0]LogWindows:    1. 'NVIDIA GeForce GTX 1050 Ti' (P:0 D:0)
[2018.06.10-17.48.24:389][  0]LogWindows:    2. 'NVIDIA GeForce GTX 1050 Ti' (P:0 D:0)
[2018.06.10-17.48.24:389][  0]LogWindows:    3. 'NVIDIA GeForce GTX 1050 Ti' (P:0 D:0)
[2018.06.10-17.48.24:389][  0]LogWindows: DebugString: GetVideoDriverDetailsInvalid PrimaryIsNotTheChoosenAdapter GetVideoDriverDetailsInvalid PrimaryIsNotTheChoosenAdapter GetVideoDriverDetailsInvalid PrimaryIsNotTheChoosenAdapter GetVideoDriverDetailsInvalid PrimaryIsNotTheChoosenAdapter FoundDriverCount:0 
[2018.06.10-17.48.24:389][  0]LogD3D11RHI:     Adapter Name: NVIDIA GeForce GTX 1050 Ti
[2018.06.10-17.48.24:389][  0]LogD3D11RHI:   Driver Version: Unknown (internal:Unknown, unified:Unknown)
[2018.06.10-17.48.24:389][  0]LogD3D11RHI:      Driver Date: Unknown
[2018.06.10-17.48.24:390][  0]LogRHI: Texture pool is 2820 MB (70% of 4029 MB)
[2018.06.10-17.48.24:479][  0]LogD3D11RHI: [Aftermath] Aftermath enabled but failed to initialize
[2018.06.10-17.48.24:479][  0]LogD3D11RHI: [Aftermath] Aftermath enabled and primed
[2018.06.10-17.48.24:479][  0]LogD3D11RHI: Async texture creation enabled
[2018.06.10-17.48.24:706][  0]LogD3D11RHI: GPU Timing Frequency: 1000.000000 (Debug: 2 2)
[2018.06.10-17.48.24:756][  0]LogShaderCompilers: Guid format shader working directory is 8 characters bigger than the processId version (C:/Users/optim/Documents/GitHub/Calio/Intermediate/Shaders/WorkingDirectory/16824/).
[2018.06.10-17.48.24:757][  0]LogShaderCompilers: Cleaned the shader compiler working directory 'C:/Users/optim/AppData/Local/Temp/UnrealShaderWorkingDir/3526EEA74500F08F8704A786D8378B40/'.
[2018.06.10-17.48.26:292][  0]LogTemp: Display: Loaded TP AllDesktopTargetPlatform
[2018.06.10-17.48.26:346][  0]LogTemp: Display: Loaded TP MacClientTargetPlatform
[2018.06.10-17.48.26:379][  0]LogTemp: Display: Loaded TP MacNoEditorTargetPlatform
[2018.06.10-17.48.26:416][  0]LogTemp: Display: Loaded TP MacServerTargetPlatform
[2018.06.10-17.48.26:561][  0]LogTemp: Display: Loaded TP MacTargetPlatform
[2018.06.10-17.48.26:601][  0]LogTemp: Display: Loaded TP WindowsClientTargetPlatform
[2018.06.10-17.48.26:637][  0]LogTemp: Display: Loaded TP WindowsNoEditorTargetPlatform
[2018.06.10-17.48.26:674][  0]LogTemp: Display: Loaded TP WindowsServerTargetPlatform
[2018.06.10-17.48.26:698][  0]LogTemp: Display: Loaded TP WindowsTargetPlatform
[2018.06.10-17.48.26:738][  0]LogTemp: Display: Loaded TP Android_ASTCTargetPlatform
[2018.06.10-17.48.26:852][  0]LogTemp: Display: Loaded TP Android_ATCTargetPlatform
[2018.06.10-17.48.26:902][  0]LogTemp: Display: Loaded TP Android_DXTTargetPlatform
[2018.06.10-17.48.26:933][  0]LogTemp: Display: Loaded TP Android_ETC1aTargetPlatform
[2018.06.10-17.48.26:969][  0]LogTemp: Display: Loaded TP Android_ETC1TargetPlatform
[2018.06.10-17.48.27:009][  0]LogTemp: Display: Loaded TP Android_ETC2TargetPlatform
[2018.06.10-17.48.27:097][  0]LogTemp: Display: Loaded TP Android_MultiTargetPlatform
[2018.06.10-17.48.27:097][  0]LogTemp: Display: Loaded TP Android_PVRTCTargetPlatform
[2018.06.10-17.48.27:146][  0]LogTemp: Display: Loaded TP AndroidTargetPlatform
[2018.06.10-17.48.27:149][  0]LogTemp: Display: Loaded TP HTML5TargetPlatform
[2018.06.10-17.48.27:319][  0]LogTemp: Display: Loaded TP IOSTargetPlatform
[2018.06.10-17.48.27:345][  0]LogTemp: Display: Loaded TP TVOSTargetPlatform
[2018.06.10-17.48.27:375][  0]LogTemp: Display: Loaded TP LinuxClientTargetPlatform
[2018.06.10-17.48.27:418][  0]LogTemp: Display: Loaded TP LinuxNoEditorTargetPlatform
[2018.06.10-17.48.27:446][  0]LogTemp: Display: Loaded TP LinuxServerTargetPlatform
[2018.06.10-17.48.27:596][  0]LogTemp: Display: Loaded TP LinuxTargetPlatform
[2018.06.10-17.48.27:596][  0]LogTargetPlatformManager: Display: Building Assets For Windows
[2018.06.10-17.48.27:811][  0]LogXGEController: Cannot use XGE Controller as Incredibuild is not installed on this machine.
[2018.06.10-17.48.27:811][  0]LogShaderCompilers: Cannot use XGE Shader Compiler as Incredibuild is not installed on this machine.
[2018.06.10-17.48.27:811][  0]LogShaderCompilers: Display: Using Local Shader Compiler.
[2018.06.10-17.48.32:630][  0]LogDerivedDataCache: Display: Max Cache Size: 512 MB
[2018.06.10-17.48.33:387][  0]LogDerivedDataCache: Loaded boot cache 0.76s 74MB C:/Users/optim/AppData/Local/UnrealEngine/4.19/DerivedDataCache/Boot.ddc.
[2018.06.10-17.48.33:387][  0]LogDerivedDataCache: Display: Loaded Boot cache: C:/Users/optim/AppData/Local/UnrealEngine/4.19/DerivedDataCache/Boot.ddc
[2018.06.10-17.48.33:388][  0]LogDerivedDataCache: FDerivedDataBackendGraph:  Pak pak cache file C:/Users/optim/Documents/GitHub/Calio/DerivedDataCache/DDC.ddp not found, will not use a pak cache.
[2018.06.10-17.48.33:388][  0]LogDerivedDataCache: Unable to find inner node Pak for hierarchical cache Hierarchy.
[2018.06.10-17.48.33:388][  0]LogDerivedDataCache: FDerivedDataBackendGraph:  CompressedPak pak cache file C:/Users/optim/Documents/GitHub/Calio/DerivedDataCache/Compressed.ddp not found, will not use a pak cache.
[2018.06.10-17.48.33:388][  0]LogDerivedDataCache: Unable to find inner node CompressedPak for hierarchical cache Hierarchy.
[2018.06.10-17.48.33:448][  0]LogDerivedDataCache: Display: Pak cache opened for reading ../../../Engine/DerivedDataCache/Compressed.ddp.
[2018.06.10-17.48.33:473][  0]LogDerivedDataCache: Using Local data cache path C:/Users/optim/AppData/Local/UnrealEngine/Common/DerivedDataCache: Writable
[2018.06.10-17.48.33:473][  0]LogDerivedDataCache: Shared data cache path not found in *engine.ini, will not use an Shared cache.
[2018.06.10-17.48.33:473][  0]LogDerivedDataCache: Unable to find inner node Shared for hierarchical cache Hierarchy.
[2018.06.10-17.48.33:521][  0]LogMaterial: Verifying Global Shaders for PCD3D_SM5
[2018.06.10-17.48.33:523][  0]LogSlate: Using Freetype 2.6.0
[2018.06.10-17.48.33:561][  0]LogSlate: SlateFontCache - WITH_FREETYPE: 1, WITH_HARFBUZZ: 1
[2018.06.10-17.48.33:561][  0]LogSlate: SlateFontCache - WITH_FREETYPE: 1, WITH_HARFBUZZ: 1
[2018.06.10-17.48.35:532][  0]LogAssetRegistry: FAssetRegistry took 0.0869 seconds to start up
[2018.06.10-17.48.36:453][  0]LogInit: Selected Device Profile: [Windows]
[2018.06.10-17.48.36:863][  0]LogSimplygon: Simplygon DLL not present - disabling.
[2018.06.10-17.48.36:868][  0]LogMeshReduction: Using SimplygonSwarm for distributed automatic mesh merging
[2018.06.10-17.48.36:868][  0]LogMeshReduction: Using QuadricMeshReduction for automatic static mesh reduction
[2018.06.10-17.48.36:868][  0]LogMeshReduction: No automatic skeletal mesh reduction module available
[2018.06.10-17.48.36:868][  0]LogMeshReduction: No automatic mesh merging module available
[2018.06.10-17.48.36:868][  0]LogMeshMerging: No automatic mesh merging module available
[2018.06.10-17.48.37:058][  0]LogNetVersion: Calio , NetCL: 3944462, EngineNetVer: 2, GameNetVer: 0 (Checksum: 3925421375)
[2018.06.10-17.48.38:416][  0]LogPackageLocalizationCache: Processed 9 localized package path(s) for 1 prioritized culture(s) in 0.130529 seconds
[2018.06.10-17.48.38:434][  0]LogUObjectArray: 36728 objects as part of root set at end of initial load.
[2018.06.10-17.48.38:434][  0]LogUObjectAllocator: 7314304 out of 0 bytes used by permanent object pool.
[2018.06.10-17.48.38:434][  0]LogUObjectArray: CloseDisregardForGC: 0/0 objects in disregard for GC pool
[2018.06.10-17.48.51:195][  0]LogSubstanceCoreModule: Substance [CPU] Engine Loaded, Max Texture Size = 2048
[2018.06.10-17.48.51:272][  0]LogTcpMessaging: Initializing TcpMessaging bridge
[2018.06.10-17.48.51:327][  0]LogUdpMessaging: Initializing bridge on interface 0.0.0.0:0 to multicast group 230.0.0.1:6666.
[2018.06.10-17.48.52:251][  0]SourceControl: Source control is disabled
[2018.06.10-17.48.57:818][  0]LogAndroidPermission: UAndroidPermissionCallbackProxy::GetInstance
[2018.06.10-17.48.58:282][  0]LogOcInput: OculusInput pre-init called
[2018.06.10-17.48.59:863][  0]LogEngine: Initializing Engine...
[2018.06.10-17.48.59:865][  0]LogHMD: Failed to initialize OpenVR with code 110
[2018.06.10-17.48.59:934][  0]LogStats: UGameplayTagsManager::ConstructGameplayTagTree: Construct from data asset -  0.000 s
[2018.06.10-17.48.59:935][  0]LogStats: UGameplayTagsManager::ConstructGameplayTagTree: GameplayTagTreeChangedEvent.Broadcast -  0.000 s
[2018.06.10-17.49.01:075][  0]LogAIModule: Creating AISystem for world Untitled
[2018.06.10-17.49.01:089][  0]LogInit: XAudio2 using 'Lautsprecher (High Definition Audio-Gerät)' : 2 channels at 48 kHz using 16 bits per sample (channel mask 0x3)
[2018.06.10-17.49.01:141][  0]LogInit: FAudioDevice initialized.
[2018.06.10-17.49.01:655][  0]LogDerivedDataCache: Saved boot cache 0.51s 74MB C:/Users/optim/AppData/Local/UnrealEngine/4.19/DerivedDataCache/Boot.ddc.
[2018.06.10-17.49.01:740][  0]LogInit: Texture streaming: Enabled
[2018.06.10-17.49.01:771][  0]LogEngineSessionManager: EngineSessionManager initialized
[2018.06.10-17.49.01:802][  0]LogInit: Transaction tracking system initialized
[2018.06.10-17.49.01:838][  0]BlueprintLog: New page: Editor Load
[2018.06.10-17.49.02:061][  0]LocalizationService: Localization service is disabled
[2018.06.10-17.49.02:593][  0]LogConsoleResponse: Display: 
[2018.06.10-17.49.03:352][  0]LogCook: Display: Max memory allowance for cook 16384mb min free memory 0mb
[2018.06.10-17.49.03:353][  0]LogCook: Display: Mobile HDR setting 1
[2018.06.10-17.49.03:353][  0]LogGameplayTags: Display: UGameplayTagsManager::DoneAddingNativeTags. DelegateIsBound: 0
[2018.06.10-17.49.03:353][  0]LogStats: UGameplayTagsManager::ConstructGameplayTagTree: Construct from data asset -  0.000 s
[2018.06.10-17.49.03:353][  0]LogStats: UGameplayTagsManager::ConstructGameplayTagTree: GameplayTagTreeChangedEvent.Broadcast -  0.000 s
[2018.06.10-17.49.04:204][  0]LogFileCache: Scanning file cache for directory 'C:/Users/optim/Documents/GitHub/Calio/Content/' took 0.04s
[2018.06.10-17.49.04:704][  0]Cmd: MAP LOAD FILE="C:/Users/optim/Documents/GitHub/Calio/Content/ThirdPersonBP/Maps/ThirdPersonExampleMap.umap" TEMPLATE=0 SHOWPROGRESS=1 FEATURELEVEL=3
[2018.06.10-17.49.04:741][  0]LogSlate: Took 0.001106 seconds to synchronously load lazily loaded font '../../../Engine/Content/Slate/Fonts/Roboto-Regular.ttf' (155K)
[2018.06.10-17.56.33:068][  0]LogSlate: Window 'Message' being destroyed
[2018.06.10-17.56.33:079][  0]LightingResults: New page: Lighting Build
[2018.06.10-17.56.33:086][  0]MapCheck: New page: Map Check
[2018.06.10-17.56.33:086][  0]LightingResults: New page: Lighting Build
[2018.06.10-17.56.33:128][  0]LogAIModule: Creating AISystem for world Untitled
[2018.06.10-17.56.33:131][  0]LoadErrors: New page: New Map
[2018.06.10-17.56.33:253][  0]LogCollectionManager: Loaded 0 collections in 0.001927 seconds
[2018.06.10-17.56.33:297][  0]LogFileCache: Scanning file cache for directory 'C:/Users/optim/Documents/GitHub/Calio/Saved/Collections/' took 0.01s
[2018.06.10-17.56.33:297][  0]LogFileCache: Scanning file cache for directory 'C:/Users/optim/Documents/GitHub/Calio/Content/Developers/optim/Collections/' took 0.01s
[2018.06.10-17.56.33:297][  0]LogFileCache: Scanning file cache for directory 'C:/Users/optim/Documents/GitHub/Calio/Content/Collections/' took 0.01s
[2018.06.10-17.56.33:298][  0]LogCollectionManager: Rebuilt the GUID cache for 0 collections in 0.000001 seconds
[2018.06.10-17.56.33:316][  0]LogContentBrowser: Native class hierarchy populated in 0.0180 seconds. Added 2466 classes and 564 folders.
[2018.06.10-17.56.33:324][  0]LogContentBrowser: Native class hierarchy updated for 'WidgetCarousel' in 0.0003 seconds. Added 0 classes and 0 folders.
[2018.06.10-17.56.34:773][  0]LogContentBrowser: Native class hierarchy updated for 'AddContentDialog' in 0.0004 seconds. Added 0 classes and 0 folders.
[2018.06.10-17.56.34:907][  0]LogContentBrowser: Native class hierarchy updated for 'SceneOutliner' in 0.0004 seconds. Added 1 classes and 2 folders.
[2018.06.10-17.56.34:983][  0]LogContentBrowser: Native class hierarchy updated for 'HierarchicalLODOutliner' in 0.0004 seconds. Added 0 classes and 0 folders.
[2018.06.10-17.56.34:983][  0]LogLoad: (Engine Initialization) Total time: 504.86 seconds
[2018.06.10-17.56.34:983][  0]LogLoad: (Engine Initialization) Total Blueprint compile time: 0.00 seconds
[2018.06.10-17.56.35:013][  0]LogContentStreaming: Texture pool size now 1000 MB
[2018.06.10-17.56.35:071][  0]LogSlate: Took 0.054629 seconds to synchronously load lazily loaded font '../../../Engine/Content/Editor/Slate/Fonts/FontAwesome.ttf' (139K)
[2018.06.10-17.56.35:073][  0]LogSlate: Took 0.001208 seconds to synchronously load lazily loaded font '../../../Engine/Content/Slate/Fonts/Roboto-Bold.ttf' (160K)
[2018.06.10-17.56.35:314][  1]LogSubstanceLiveLink: Warning: Unable to send data along socket, closing connection
[2018.06.10-17.56.35:427][  2]LogRenderer: Reallocating scene render targets to support 804x596 Format 10 NumSamples 1 (Frame:1).
[2018.06.10-17.56.35:820][  2]LogSlate: FSceneViewport::OnFocusLost() reason 0
[2018.06.10-17.56.35:844][  2]LogAssetRegistry: Asset discovery search completed in 480.3353 seconds
[2018.06.10-17.56.35:848][  2]LogCollectionManager: Rebuilt the object cache for 0 collections in 0.000001 seconds (found 0 objects)
[2018.06.10-17.56.35:848][  2]LogCollectionManager: Fixed up redirectors for 0 collections in 0.000133 seconds (updated 0 objects)
[2018.06.10-17.56.38:884][184]LogSlate: Window 'Message Log' being destroyed
[2018.06.10-17.56.38:890][184]LogSlate: Window 'Message Log' being destroyed
[2018.06.10-17.56.40:672][297]LogUObjectGlobals: Created PersistentFrame Addr=0x0000024d17396440, Size=64, Default__ThirdPerson_AnimBP_C Function /Game/Mannequin/Animations/ThirdPerson_AnimBP.ThirdPerson_AnimBP_C:ExecuteUbergraph_ThirdPerson_AnimBP
[2018.06.10-17.56.40:690][297]LogUObjectGlobals: Destroyed PersistentFrame Addr=0x0000024d17396440, Size=64
[2018.06.10-17.56.40:690][297]LogUObjectGlobals: Created PersistentFrame Addr=0x0000024d17396640, Size=64, Default__ThirdPerson_AnimBP_C Function /Engine/Transient.REINST_ThirdPerson_AnimBP_C_0:ExecuteUbergraph_ThirdPerson_AnimBP
[2018.06.10-17.56.40:705][297]LogUObjectGlobals: Created PersistentFrame Addr=0x0000024d172a55d0, Size=72, Default__ThirdPerson_AnimBP_C Function /Game/Mannequin/Animations/ThirdPerson_AnimBP.ThirdPerson_AnimBP_C:ExecuteUbergraph_ThirdPerson_AnimBP
[2018.06.10-17.56.40:791][297]LogUObjectGlobals: Created PersistentFrame Addr=0x0000024d1723f880, Size=296, Default__ThirdPersonCharacter_C Function /Game/ThirdPersonBP/Blueprints/ThirdPersonCharacter.ThirdPersonCharacter_C:ExecuteUbergraph_ThirdPersonCharacter
[2018.06.10-17.56.40:803][297]LogUObjectGlobals: Destroyed PersistentFrame Addr=0x0000024d1723f880, Size=296
[2018.06.10-17.56.40:804][297]LogUObjectGlobals: Created PersistentFrame Addr=0x0000024d1723f880, Size=296, Default__ThirdPersonCharacter_C Function /Engine/Transient.REINST_ThirdPersonCharacter_C_4:ExecuteUbergraph_ThirdPersonCharacter
[2018.06.10-17.56.40:813][297]LogUObjectGlobals: Created PersistentFrame Addr=0x0000024d1723dbc0, Size=296, Default__ThirdPersonCharacter_C Function /Game/ThirdPersonBP/Blueprints/ThirdPersonCharacter.ThirdPersonCharacter_C:ExecuteUbergraph_ThirdPersonCharacter
[2018.06.10-17.56.40:955][297]LogSkeletalMesh: Skeletal Mesh found in DDC [19.074728ms] /Game/Mannequin/Character/Mesh/SK_Mannequin.SK_Mannequin
[2018.06.10-17.56.41:053][297]LogSlate: FSceneViewport::OnFocusLost() reason 2
[2018.06.10-17.56.44:775][590]LogSlate: Took 0.000557 seconds to synchronously load lazily loaded font '../../../Engine/Content/Slate/Fonts/Roboto-Light.ttf' (167K)
[2018.06.10-17.56.45:672][590]LogContentBrowser: Native class hierarchy updated for 'BlueprintGraph' in 0.0011 seconds. Added 116 classes and 0 folders.
[2018.06.10-17.56.46:254][590]LogUObjectGlobals: Created PersistentFrame Addr=0x0000024d2d844d48, Size=4, Default__SKEL_PROTO_BP_AnimBlueprint_0_C Function /Engine/Transient.SKEL_PROTO_BP_AnimBlueprint_0_C:ExecuteUbergraph_PROTO_BP_AnimBlueprint_0
[2018.06.10-17.56.46:255][590]LogUObjectGlobals: Created PersistentFrame Addr=0x0000024d2d844d40, Size=4, Default__PROTO_BP_AnimBlueprint_0_C Function /Engine/Transient.PROTO_BP_AnimBlueprint_0_C:ExecuteUbergraph_PROTO_BP_AnimBlueprint_0
[2018.06.10-17.56.47:357][590]LogSlate: Took 0.000761 seconds to synchronously load lazily loaded font '../../../Engine/Content/Slate/Fonts/Roboto-BoldCondensed.ttf' (158K)
[2018.06.10-17.56.47:810][591]LogSlate: Took 0.037479 seconds to synchronously load lazily loaded font '../../../Engine/Content/Slate/Fonts/Roboto-Italic.ttf' (157K)
[2018.06.10-17.57.14:598][743]LogUObjectGlobals: Created PersistentFrame Addr=0x0000024d33997590, Size=4, Default__SKEL_ThirdPersonCharacter_C Function /Game/ThirdPersonBP/Blueprints/ThirdPersonCharacter.SKEL_ThirdPersonCharacter_C:ExecuteUbergraph_ThirdPersonCharacter
[2018.06.10-17.57.18:738][922]BlueprintLog: New page: Compile ThirdPersonCharacter
[2018.06.10-17.57.18:754][922]LogUObjectGlobals: Destroyed PersistentFrame Addr=0x0000024d33997590, Size=4
[2018.06.10-17.57.18:754][922]LogUObjectGlobals: Created PersistentFrame Addr=0x0000024d34268e90, Size=4, Default__SKEL_ThirdPersonCharacter_C Function /Engine/Transient.REINST_SKEL_ThirdPersonCharacter_C_22:ExecuteUbergraph_ThirdPersonCharacter
[2018.06.10-17.57.18:772][922]LogUObjectGlobals: Destroyed PersistentFrame Addr=0x0000024d1723dbc0, Size=296
[2018.06.10-17.57.18:772][922]LogUObjectGlobals: Created PersistentFrame Addr=0x0000024d30d656c0, Size=296, ThirdPersonCharacter_C_10 Function /Engine/Transient.REINST_ThirdPersonCharacter_C_24:ExecuteUbergraph_ThirdPersonCharacter
[2018.06.10-17.57.18:782][922]LogUObjectGlobals: Created PersistentFrame Addr=0x0000024d326c0700, Size=328, Default__ThirdPersonCharacter_C Function /Game/ThirdPersonBP/Blueprints/ThirdPersonCharacter.ThirdPersonCharacter_C:ExecuteUbergraph_ThirdPersonCharacter
[2018.06.10-17.57.19:338][922]LogUObjectGlobals: Destroyed PersistentFrame Addr=0x0000024d17396640, Size=64
[2018.06.10-17.57.19:338][922]LogUObjectGlobals: Destroyed PersistentFrame Addr=0x0000024d1723f880, Size=296
[2018.06.10-17.57.19:339][922]LogUObjectGlobals: Destroyed PersistentFrame Addr=0x0000024d34268e90, Size=4
[2018.06.10-17.57.32:097][401]LogSlate: Window 'ThirdPersonCharacter*' being destroyed
[2018.06.10-17.57.32:103][401]LogSlate: Window 'ThirdPersonCharacter*' being destroyed
[2018.06.10-17.57.36:701][704]SourceControl: fatal: D:/Program Files/Epic Games/UE_4.19/Engine/Content: 'D:/Program Files/Epic Games/UE_4.19/Engine/Content' is outside repository
[2018.06.10-17.57.36:905][704]EditorErrors: Warning: No assets to check in!
[2018.06.10-17.57.40:584][977]Cmd: OBJ SAVEPACKAGE PACKAGE="/Game/ThirdPersonBP/Blueprints/ThirdPersonCharacter" FILE="C:/Users/optim/Documents/GitHub/Calio/Content/ThirdPersonBP/Blueprints/ThirdPersonCharacter.uasset" SILENT=true
[2018.06.10-17.57.40:732][977]LogSavePackage: Save=87.47ms
[2018.06.10-17.57.40:732][977]LogSavePackage: Moving 'C:/Users/optim/Documents/GitHub/Calio/Saved/ThirdPersonCharacterB56277894DD234C7E9A204994E17B90F.tmp' to 'C:/Users/optim/Documents/GitHub/Calio/Content/ThirdPersonBP/Blueprints/ThirdPersonCharacter.uasset'
[2018.06.10-17.57.40:740][977]LogSavePackage: Display: Finished SavePackage C:/Users/optim/Documents/GitHub/Calio/Content/ThirdPersonBP/Blueprints/ThirdPersonCharacter.uasset
[2018.06.10-17.57.48:606][549]SourceControl: fatal: D:/Program Files/Epic Games/UE_4.19/Engine/Content: 'D:/Program Files/Epic Games/UE_4.19/Engine/Content' is outside repository
[2018.06.10-17.58.00:951][549]LogSlate: Window 'Submit Files' being destroyed
[2018.06.10-17.58.03:959][549]LogSourceControl: commit successful: [master ecbde23] schrift test
[2018.06.10-17.58.04:125][549]SourceControl: [master ecbde23] schrift test
[2018.06.10-17.58.04:125][549]SourceControl:  1 file changed, 2 insertions(+), 2 deletions(-)
[2018.06.10-17.58.04:135][549]SourceControl: Commited [master ecbde23] schrift test.
[2018.06.10-17.58.13:522][385]LogUObjectGlobals: Destroyed PersistentFrame Addr=0x0000024d30d656c0, Size=296
[2018.06.10-17.58.13:653][385]LogSlate: Window 'Calio - Unreal Editor' being destroyed
[2018.06.10-17.58.13:654][385]LogWindowsTextInputMethodSystem: Display: IME system now deactivated.
[2018.06.10-17.58.13:987][386]Cmd: QUIT_EDITOR
[2018.06.10-17.58.14:031][386]LogSlate: Slate User Destroyed.  User Index 0, Is Virtual User: 0
[2018.06.10-17.58.14:031][386]LogExit: Preparing to exit.
[2018.06.10-17.58.15:036][386]LogExit: Editor shut down
[2018.06.10-17.58.15:081][386]LogExit: Transaction tracking system shut down
[2018.06.10-17.58.15:091][386]LogUObjectGlobals: Destroyed PersistentFrame Addr=0x0000024d172a55d0, Size=72
[2018.06.10-17.58.15:094][386]LogUObjectGlobals: Destroyed PersistentFrame Addr=0x0000024d2d844d48, Size=4
[2018.06.10-17.58.15:094][386]LogUObjectGlobals: Destroyed PersistentFrame Addr=0x0000024d2d844d40, Size=4
[2018.06.10-17.58.15:097][386]LogUObjectGlobals: Destroyed PersistentFrame Addr=0x0000024d326c0700, Size=328
[2018.06.10-17.58.15:254][386]LogDirectoryWatcher: A directory notification for '../../../Engine/Content/' was aborted.
[2018.06.10-17.58.15:255][386]LogDirectoryWatcher: A directory notification for 'C:/Users/optim/Documents/GitHub/Calio/Content/' was aborted.
[2018.06.10-17.58.15:255][386]LogDirectoryWatcher: A directory notification for '../../Plugins/2D/Paper2D/Content/' was aborted.
[2018.06.10-17.58.15:255][386]LogDirectoryWatcher: A directory notification for '../../Plugins/Enterprise/DatasmithContent/Content/' was aborted.
[2018.06.10-17.58.15:255][386]LogDirectoryWatcher: A directory notification for '../../Plugins/Media/MediaCompositing/Content/' was aborted.
[2018.06.10-17.58.15:256][386]LogDirectoryWatcher: A directory notification for '../../Plugins/Runtime/AppleARKit/Content/' was aborted.
[2018.06.10-17.58.15:256][386]LogDirectoryWatcher: A directory notification for '../../Plugins/Runtime/Oculus/OculusVR/Content/' was aborted.
[2018.06.10-17.58.15:256][386]LogDirectoryWatcher: A directory notification for '../../Plugins/Runtime/Steam/SteamVR/Content/' was aborted.
[2018.06.10-17.58.16:030][386]LogExit: Object subsystem successfully closed.
[2018.06.10-17.58.16:058][386]LogShaderCompilers: Display: Shaders left to compile 0
[2018.06.10-17.58.16:066][386]LogD3D11RHI: Shutdown
[2018.06.10-17.58.16:066][386]LogD3D11RHI: CleanupD3DDevice
[2018.06.10-17.58.16:072][386]LogD3D11RHI: ~FD3D11DynamicRHI
[2018.06.10-17.58.16:092][386]LogModuleManager: Shutting down and abandoning module BlueprintGraph (584)
[2018.06.10-17.58.16:092][386]LogModuleManager: Shutting down and abandoning module HierarchicalLODOutliner (582)
[2018.06.10-17.58.16:092][386]LogModuleManager: Shutting down and abandoning module SceneOutliner (580)
[2018.06.10-17.58.16:092][386]LogModuleManager: Shutting down and abandoning module AddContentDialog (578)
[2018.06.10-17.58.16:092][386]LogDirectoryWatcher: A directory notification for 'D:/Program Files/Epic Games/UE_4.19/FeaturePacks/' was aborted.
[2018.06.10-17.58.16:096][386]LogModuleManager: Shutting down and abandoning module WidgetCarousel (577)
[2018.06.10-17.58.16:096][386]LogModuleManager: Shutting down and abandoning module EditorWidgets (574)
[2018.06.10-17.58.16:096][386]LogModuleManager: Shutting down and abandoning module CollectionManager (572)
[2018.06.10-17.58.16:097][386]LogDirectoryWatcher: A directory notification for 'C:/Users/optim/Documents/GitHub/Calio/Content/Collections/' was aborted.
[2018.06.10-17.58.16:097][386]LogDirectoryWatcher: A directory notification for 'C:/Users/optim/Documents/GitHub/Calio/Content/Developers/optim/Collections/' was aborted.
[2018.06.10-17.58.16:097][386]LogDirectoryWatcher: A directory notification for 'C:/Users/optim/Documents/GitHub/Calio/Saved/Collections/' was aborted.
[2018.06.10-17.58.16:097][386]LogModuleManager: Shutting down and abandoning module StatsViewer (570)
[2018.06.10-17.58.16:097][386]LogModuleManager: Shutting down and abandoning module FoliageEdit (568)
[2018.06.10-17.58.16:097][386]LogModuleManager: Shutting down and abandoning module LandscapeEditor (566)
[2018.06.10-17.58.16:098][386]LogModuleManager: Shutting down and abandoning module MeshPaintMode (564)
[2018.06.10-17.58.16:098][386]LogModuleManager: Shutting down and abandoning module SceneDepthPickerMode (562)
[2018.06.10-17.58.16:098][386]LogModuleManager: Shutting down and abandoning module ActorPickerMode (560)
[2018.06.10-17.58.16:098][386]LogModuleManager: Shutting down and abandoning module GeometryMode (558)
[2018.06.10-17.58.16:098][386]LogModuleManager: Shutting down and abandoning module TextureAlignMode (556)
[2018.06.10-17.58.16:098][386]LogModuleManager: Shutting down and abandoning module BspMode (554)
[2018.06.10-17.58.16:098][386]LogModuleManager: Shutting down and abandoning module PIEPreviewDeviceProfileSelector (552)
[2018.06.10-17.58.16:098][386]LogModuleManager: Shutting down and abandoning module HardwareSurvey (550)
[2018.06.10-17.58.16:098][386]LogModuleManager: Shutting down and abandoning module SequenceRecorderSections (548)
[2018.06.10-17.58.16:098][386]LogModuleManager: Shutting down and abandoning module AutomationWorker (546)
[2018.06.10-17.58.16:098][386]LogModuleManager: Shutting down and abandoning module AudioCaptureEditor (544)
[2018.06.10-17.58.16:098][386]LogModuleManager: Shutting down and abandoning module SequenceRecorder (543)
[2018.06.10-17.58.16:098][386]LogModuleManager: Shutting down and abandoning module MatineeToLevelSequence (540)
[2018.06.10-17.58.16:098][386]LogModuleManager: Shutting down and abandoning module LevelSequenceEditor (538)
[2018.06.10-17.58.16:098][386]LogModuleManager: Shutting down and abandoning module PlacementMode (537)
[2018.06.10-17.58.16:098][386]LogModuleManager: Shutting down and abandoning module MaterialEditor (536)
[2018.06.10-17.58.16:098][386]LogModuleManager: Shutting down and abandoning module WmfMediaFactory (532)
[2018.06.10-17.58.16:098][386]LogModuleManager: Shutting down and abandoning module WmfMediaEditor (530)
[2018.06.10-17.58.16:098][386]LogModuleManager: Shutting down and abandoning module MediaPlayerEditor (528)
[2018.06.10-17.58.16:099][386]LogModuleManager: Shutting down and abandoning module OpenExrWrapper (526)
[2018.06.10-17.58.16:099][386]LogModuleManager: Shutting down and abandoning module ImgMediaFactory (524)
[2018.06.10-17.58.16:099][386]LogModuleManager: Shutting down and abandoning module ImgMediaEditor (522)
[2018.06.10-17.58.16:099][386]LogModuleManager: Shutting down and abandoning module AvfMediaFactory (520)
[2018.06.10-17.58.16:099][386]LogModuleManager: Shutting down and abandoning module AvfMediaEditor (518)
[2018.06.10-17.58.16:099][386]LogModuleManager: Shutting down and abandoning module AndroidMediaFactory (516)
[2018.06.10-17.58.16:099][386]LogModuleManager: Shutting down and abandoning module AndroidMediaEditor (514)
[2018.06.10-17.58.16:099][386]LogModuleManager: Shutting down and abandoning module CharacterAI (512)
[2018.06.10-17.58.16:099][386]LogModuleManager: Shutting down and abandoning module SmartSnapping (510)
[2018.06.10-17.58.16:099][386]LogModuleManager: Shutting down and abandoning module SessionServices (508)
[2018.06.10-17.58.16:099][386]LogModuleManager: Shutting down and abandoning module ViewportSnapping (506)
[2018.06.10-17.58.16:099][386]LogModuleManager: Shutting down and abandoning module ViewportInteraction (504)
[2018.06.10-17.58.16:099][386]LogModuleManager: Shutting down and abandoning module ClothPainter (502)
[2018.06.10-17.58.16:099][386]LogModuleManager: Shutting down and abandoning module SkeletalMeshEditor (501)
[2018.06.10-17.58.16:099][386]LogModuleManager: Shutting down and abandoning module LogVisualizer (498)
[2018.06.10-17.58.16:099][386]LogModuleManager: Shutting down and abandoning module IntroTutorials (496)
[2018.06.10-17.58.16:099][386]LogModuleManager: Shutting down and abandoning module GameProjectGeneration (495)
[2018.06.10-17.58.16:099][386]LogModuleManager: Shutting down and abandoning module IOSPlatformEditor (492)
[2018.06.10-17.58.16:099][386]LogModuleManager: Shutting down and abandoning module HTML5PlatformEditor (490)
[2018.06.10-17.58.16:099][386]LogModuleManager: Shutting down and abandoning module AndroidPlatformEditor (488)
[2018.06.10-17.58.16:099][386]LogModuleManager: Shutting down and abandoning module AndroidDeviceDetection (487)
[2018.06.10-17.58.16:786][386]LogModuleManager: Shutting down and abandoning module WindowsPlatformEditor (484)
[2018.06.10-17.58.16:786][386]LogModuleManager: Shutting down and abandoning module IOSRuntimeSettings (482)
[2018.06.10-17.58.16:786][386]LogModuleManager: Shutting down and abandoning module AndroidRuntimeSettings (480)
[2018.06.10-17.58.16:786][386]LogModuleManager: Shutting down and abandoning module InputBindingEditor (478)
[2018.06.10-17.58.16:786][386]LogModuleManager: Shutting down and abandoning module MergeActors (476)
[2018.06.10-17.58.16:786][386]LogModuleManager: Shutting down and abandoning module LocalizationDashboard (474)
[2018.06.10-17.58.16:786][386]LogModuleManager: Shutting down and abandoning module LocalizationService (473)
[2018.06.10-17.58.16:786][386]LogModuleManager: Shutting down and abandoning module HardwareTargeting (470)
[2018.06.10-17.58.16:786][386]LogModuleManager: Shutting down and abandoning module DeviceProfileEditor (468)
[2018.06.10-17.58.16:786][386]LogModuleManager: Shutting down and abandoning module UndoHistory (466)
[2018.06.10-17.58.16:786][386]LogModuleManager: Shutting down and abandoning module XmlParser (464)
[2018.06.10-17.58.16:786][386]LogModuleManager: Shutting down and abandoning module Blutility (462)
[2018.06.10-17.58.16:786][386]LogModuleManager: Shutting down and abandoning module ProjectSettingsViewer (460)
[2018.06.10-17.58.16:786][386]LogModuleManager: Shutting down and abandoning module ProjectTargetPlatformEditor (459)
[2018.06.10-17.58.16:786][386]LogModuleManager: Shutting down and abandoning module EditorSettingsViewer (456)
[2018.06.10-17.58.16:787][386]LogModuleManager: Shutting down and abandoning module SettingsEditor (454)
[2018.06.10-17.58.16:787][386]LogModuleManager: Shutting down and abandoning module ProjectLauncher (452)
[2018.06.10-17.58.16:787][386]LogModuleManager: Shutting down and abandoning module SessionFrontend (450)
[2018.06.10-17.58.16:787][386]LogModuleManager: Shutting down and abandoning module ProfilerClient (448)
[2018.06.10-17.58.16:787][386]LogModuleManager: Shutting down and abandoning module DeviceManager (446)
[2018.06.10-17.58.16:787][386]LogModuleManager: Shutting down and abandoning module TargetDeviceServices (445)
[2018.06.10-17.58.17:463][386]LogModuleManager: Shutting down and abandoning module AutomationController (442)
[2018.06.10-17.58.17:463][386]LogModuleManager: Shutting down and abandoning module AutomationWindow (440)
[2018.06.10-17.58.17:464][386]LogModuleManager: Shutting down and abandoning module Layers (438)
[2018.06.10-17.58.17:465][386]LogModuleManager: Shutting down and abandoning module ComponentVisualizers (436)
[2018.06.10-17.58.17:465][386]LogModuleManager: Shutting down and abandoning module DetailCustomizations (434)
[2018.06.10-17.58.17:466][386]LogModuleManager: Shutting down and abandoning module PackagesDialog (432)
[2018.06.10-17.58.17:466][386]LogModuleManager: Shutting down and abandoning module Persona (430)
[2018.06.10-17.58.17:466][386]LogModuleManager: Shutting down and abandoning module AdvancedPreviewScene (429)
[2018.06.10-17.58.17:466][386]LogModuleManager: Shutting down and abandoning module AnimGraph (427)
[2018.06.10-17.58.17:466][386]LogModuleManager: Shutting down and abandoning module Kismet (424)
[2018.06.10-17.58.17:504][386]LogModuleManager: Shutting down and abandoning module GraphEditor (422)
[2018.06.10-17.58.17:504][386]LogModuleManager: Shutting down and abandoning module ClassViewer (420)
[2018.06.10-17.58.17:504][386]LogModuleManager: Shutting down and abandoning module Toolbox (418)
[2018.06.10-17.58.17:505][386]LogModuleManager: Shutting down and abandoning module ModuleUI (416)
[2018.06.10-17.58.17:505][386]LogModuleManager: Shutting down and abandoning module MovieSceneTools (414)
[2018.06.10-17.58.17:505][386]LogModuleManager: Shutting down and abandoning module OutputLog (412)
[2018.06.10-17.58.17:505][386]LogModuleManager: Shutting down and abandoning module GammaUI (410)
[2018.06.10-17.58.17:505][386]LogModuleManager: Shutting down and abandoning module Documentation (408)
[2018.06.10-17.58.17:505][386]LogModuleManager: Shutting down and abandoning module MovieSceneTracks (406)
[2018.06.10-17.58.17:505][386]LogModuleManager: Shutting down and abandoning module MovieScene (404)
[2018.06.10-17.58.17:505][386]LogModuleManager: Shutting down and abandoning module StreamingPauseRendering (402)
[2018.06.10-17.58.17:505][386]LogModuleManager: Shutting down and abandoning module LauncherPlatform (400)
[2018.06.10-17.58.17:505][386]LogModuleManager: Shutting down and abandoning module AnalyticsET (398)
[2018.06.10-17.58.17:505][386]LogModuleManager: Shutting down and abandoning module PortalServices (396)
[2018.06.10-17.58.17:505][386]LogModuleManager: Shutting down and abandoning module PortalRpc (394)
[2018.06.10-17.58.17:505][386]LogModuleManager: Shutting down and abandoning module MessagingRpc (392)
[2018.06.10-17.58.17:505][386]LogModuleManager: Shutting down and abandoning module AIModule (390)
[2018.06.10-17.58.17:505][386]LogModuleManager: Shutting down and abandoning module GameplayDebugger (389)
[2018.06.10-17.58.17:506][386]LogModuleManager: Shutting down and abandoning module AITestSuite (387)
[2018.06.10-17.58.17:506][386]LogModuleManager: Shutting down and abandoning module DesktopPlatform (384)
[2018.06.10-17.58.17:506][386]LogModuleManager: Shutting down and abandoning module ProfilerService (382)
[2018.06.10-17.58.17:656][386]LogModuleManager: Shutting down and abandoning module TaskGraph (380)
[2018.06.10-17.58.17:658][386]LogModuleManager: Shutting down and abandoning module SubstanceLiveLink (378)
[2018.06.10-17.58.17:659][386]LogModuleManager: Shutting down and abandoning module SubstanceSource (376)
[2018.06.10-17.58.17:659][386]LogModuleManager: Shutting down and abandoning module SubstanceEditor (374)
[2018.06.10-17.58.17:659][386]LogModuleManager: Shutting down and abandoning module SteamVRController (372)
[2018.06.10-17.58.17:659][386]LogModuleManager: Shutting down and abandoning module ProceduralMeshComponentEditor (370)
[2018.06.10-17.58.17:659][386]LogModuleManager: Shutting down and abandoning module ProceduralMeshComponent (368)
[2018.06.10-17.58.17:661][386]LogModuleManager: Shutting down and abandoning module OculusInput (366)
[2018.06.10-17.58.17:661][386]LogModuleManager: Shutting down and abandoning module MobilePatchingUtils (364)
[2018.06.10-17.58.17:661][386]LogModuleManager: Shutting down and abandoning module CustomMeshComponent (362)
[2018.06.10-17.58.17:661][386]LogModuleManager: Shutting down and abandoning module CableComponent (360)
[2018.06.10-17.58.17:661][386]LogModuleManager: Shutting down and abandoning module AudioCapture (358)
[2018.06.10-17.58.17:661][386]LogModuleManager: Shutting down and abandoning module ArchVisCharacter (356)
[2018.06.10-17.58.17:661][386]LogModuleManager: Shutting down and abandoning module AndroidPermission (354)
[2018.06.10-17.58.17:661][386]LogModuleManager: Shutting down and abandoning module NUTUnrealEngine4 (350)
[2018.06.10-17.58.17:661][386]LogModuleManager: Shutting down and abandoning module NetcodeUnitTest (348)
[2018.06.10-17.58.17:661][386]LogModuleManager: Shutting down and abandoning module MediaCompositingEditor (346)
[2018.06.10-17.58.17:661][386]LogModuleManager: Shutting down and abandoning module MediaCompositing (344)
[2018.06.10-17.58.17:661][386]LogModuleManager: Shutting down and abandoning module LinearTimecode (342)
[2018.06.10-17.58.17:661][386]LogModuleManager: Shutting down and abandoning module ImgMedia (340)
[2018.06.10-17.58.17:747][386]LogModuleManager: Shutting down and abandoning module HTML5Networking (338)
[2018.06.10-17.58.17:748][386]LogModuleManager: Shutting down and abandoning module AlembicImporter (336)
[2018.06.10-17.58.17:748][386]LogModuleManager: Shutting down and abandoning module AlembicLibrary (335)
[2018.06.10-17.58.17:748][386]LogModuleManager: Shutting down and abandoning module GeometryCache (334)
[2018.06.10-17.58.17:748][386]LogModuleManager: Shutting down and abandoning module GeometryCacheEd (333)
[2018.06.10-17.58.17:748][386]LogModuleManager: Shutting down and abandoning module DatasmithContent (328)
[2018.06.10-17.58.17:748][386]LogModuleManager: Shutting down and abandoning module SpeedTreeImporter (326)
[2018.06.10-17.58.17:749][386]LogModuleManager: Shutting down and abandoning module PluginBrowser (324)
[2018.06.10-17.58.17:749][386]LogModuleManager: Shutting down and abandoning module MobileLauncherProfileWizard (322)
[2018.06.10-17.58.17:749][386]LogModuleManager: Shutting down and abandoning module CryptoKeysOpenSSL (320)
[2018.06.10-17.58.17:749][386]LogModuleManager: Shutting down and abandoning module CryptoKeys (318)
[2018.06.10-17.58.17:749][386]LogModuleManager: Shutting down and abandoning module VisualStudioSourceCodeAccess (316)
[2018.06.10-17.58.17:750][386]LogModuleManager: Shutting down and abandoning module VisualStudioCodeSourceCodeAccess (314)
[2018.06.10-17.58.17:750][386]LogModuleManager: Shutting down and abandoning module UObjectPlugin (312)
[2018.06.10-17.58.17:753][386]LogModuleManager: Shutting down and abandoning module SubversionSourceControl (310)
[2018.06.10-17.58.17:779][386]LogModuleManager: Shutting down and abandoning module PerforceSourceControl (308)
[2018.06.10-17.58.17:780][386]LogModuleManager: Shutting down and abandoning module GitSourceControl (306)
[2018.06.10-17.58.17:780][386]LogModuleManager: Shutting down and abandoning module SourceControl (305)
[2018.06.10-17.58.17:780][386]LogModuleManager: Shutting down and abandoning module CLionSourceCodeAccess (302)
[2018.06.10-17.58.17:780][386]LogModuleManager: Shutting down and abandoning module LightPropagationVolumeEditor (300)
[2018.06.10-17.58.17:781][386]LogModuleManager: Shutting down and abandoning module PaperTiledImporter (298)
[2018.06.10-17.58.17:783][386]LogModuleManager: Shutting down and abandoning module PaperSpriteSheetImporter (296)
[2018.06.10-17.58.17:783][386]LogModuleManager: Shutting down and abandoning module Paper2DEditor (294)
[2018.06.10-17.58.17:809][386]LogModuleManager: Shutting down and abandoning module MeshPaint (293)
[2018.06.10-17.58.17:809][386]LogModuleManager: Shutting down and abandoning module RuntimePhysXCooking (290)
[2018.06.10-17.58.17:809][386]LogModuleManager: Shutting down and abandoning module PhysXVehiclesEditor (288)
[2018.06.10-17.58.17:810][386]LogModuleManager: Shutting down and abandoning module PhysXVehicles (286)
[2018.06.10-17.58.17:810][386]LogModuleManager: Shutting down and abandoning module OculusEditor (284)
[2018.06.10-17.58.17:810][386]LogModuleManager: Shutting down and abandoning module LocationServicesBPLibrary (282)
[2018.06.10-17.58.17:810][386]LogModuleManager: Shutting down and abandoning module ImmediatePhysicsEditor (280)
[2018.06.10-17.58.17:810][386]LogModuleManager: Shutting down and abandoning module ImmediatePhysics (278)
[2018.06.10-17.58.17:811][386]LogModuleManager: Shutting down and abandoning module ActorSequence (276)
[2018.06.10-17.58.17:812][386]LogModuleManager: Shutting down and abandoning module UdpMessaging (274)
[2018.06.10-17.58.17:923][386]LogModuleManager: Shutting down and abandoning module TcpMessaging (272)
[2018.06.10-17.58.18:040][386]LogModuleManager: Shutting down and abandoning module SubstanceCore (270)
[2018.06.10-17.58.18:040][386]LogModuleManager: Shutting down and abandoning module GameplayTagsEditor (268)
[2018.06.10-17.58.18:041][386]LogModuleManager: Shutting down and abandoning module FacialAnimationEditor (266)
[2018.06.10-17.58.18:041][386]LogModuleManager: Shutting down and abandoning module FacialAnimation (264)
[2018.06.10-17.58.18:041][386]LogModuleManager: Shutting down and abandoning module DataValidation (262)
[2018.06.10-17.58.18:041][386]LogModuleManager: Shutting down and abandoning module AssetManagerEditor (260)
[2018.06.10-17.58.18:041][386]LogModuleManager: Shutting down and abandoning module LevelEditor (259)
[2018.06.10-17.58.18:043][386]LogModuleManager: Shutting down and abandoning module PixelInspectorModule (258)
[2018.06.10-17.58.18:043][386]LogModuleManager: Shutting down and abandoning module CommonMenuExtensions (256)
[2018.06.10-17.58.18:044][386]LogModuleManager: Shutting down and abandoning module MainFrame (254)
[2018.06.10-17.58.18:050][386]LogModuleManager: Shutting down and abandoning module HotReload (253)
[2018.06.10-17.58.18:051][386]LogModuleManager: Shutting down and abandoning module ContentBrowser (249)
[2018.06.10-17.58.18:053][386]LogModuleManager: Shutting down and abandoning module TreeMap (247)
[2018.06.10-17.58.18:053][386]LogModuleManager: Shutting down and abandoning module LightPropagationVolumeRuntime (244)
[2018.06.10-17.58.18:054][386]LogModuleManager: Shutting down and abandoning module LiveLinkEditor (242)
[2018.06.10-17.58.18:054][386]LogModuleManager: Shutting down and abandoning module LiveLink (240)
[2018.06.10-17.58.18:754][386]LogModuleManager: Shutting down and abandoning module Paper2D (238)
[2018.06.10-17.58.18:755][386]LogModuleManager: Shutting down and abandoning module WindowsMoviePlayer (236)
[2018.06.10-17.58.18:755][386]LogModuleManager: Shutting down and abandoning module WmfMedia (234)
[2018.06.10-17.58.18:757][386]LogModuleManager: Shutting down and abandoning module Media (233)
[2018.06.10-17.58.18:766][386]LogModuleManager: Shutting down and abandoning module PacketHandler (230)
[2018.06.10-17.58.18:766][386]LogModuleManager: Shutting down and abandoning module ClothingSystemEditor (228)
[2018.06.10-17.58.18:766][386]LogModuleManager: Shutting down and abandoning module ClothingSystemRuntime (226)
[2018.06.10-17.58.18:766][386]LogModuleManager: Shutting down and abandoning module MediaAssets (224)
[2018.06.10-17.58.18:766][386]LogModuleManager: Shutting down and abandoning module Overlay (222)
[2018.06.10-17.58.18:766][386]LogModuleManager: Shutting down and abandoning module OverlayEditor (221)
[2018.06.10-17.58.18:766][386]LogModuleManager: Shutting down and abandoning module VREditor (218)
[2018.06.10-17.58.18:766][386]LogModuleManager: Shutting down and abandoning module StringTableEditor (216)
[2018.06.10-17.58.18:766][386]LogModuleManager: Shutting down and abandoning module GameplayTasksEditor (214)
[2018.06.10-17.58.18:766][386]LogModuleManager: Shutting down and abandoning module BehaviorTreeEditor (212)
[2018.06.10-17.58.18:766][386]LogModuleManager: Shutting down and abandoning module FunctionalTesting (210)
[2018.06.10-17.58.18:766][386]LogModuleManager: Shutting down and abandoning module CollisionAnalyzer (208)
[2018.06.10-17.58.18:767][386]LogModuleManager: Shutting down and abandoning module WorkspaceMenuStructure (207)
[2018.06.10-17.58.18:767][386]LogModuleManager: Shutting down and abandoning module UMG (204)
[2018.06.10-17.58.18:767][386]LogModuleManager: Shutting down and abandoning module UMGEditor (203)
[2018.06.10-17.58.18:767][386]LogModuleManager: Shutting down and abandoning module Sequencer (202)
[2018.06.10-17.58.18:772][386]LogModuleManager: Shutting down and abandoning module MessageLog (199)
[2018.06.10-17.58.18:772][386]LogModuleManager: Shutting down and abandoning module SlateReflector (194)
[2018.06.10-17.58.18:785][386]LogModuleManager: Shutting down and abandoning module Slate (192)
[2018.06.10-17.58.18:785][386]LogModuleManager: Shutting down and abandoning module EditorStyle (190)
[2018.06.10-17.58.18:790][386]LogModuleManager: Shutting down and abandoning module MRMesh (188)
[2018.06.10-17.58.18:790][386]LogModuleManager: Shutting down and abandoning module SourceCodeAccess (186)
[2018.06.10-17.58.18:790][386]LogModuleManager: Shutting down and abandoning module HeadMountedDisplay (184)
[2018.06.10-17.58.18:790][386]LogModuleManager: Shutting down and abandoning module XAudio2 (182)
[2018.06.10-17.58.18:790][386]LogModuleManager: Shutting down and abandoning module Networking (180)
[2018.06.10-17.58.18:790][386]LogModuleManager: Shutting down and abandoning module Core (178)
[2018.06.10-17.58.18:790][386]LogModuleManager: Shutting down and abandoning module LevelSequence (176)
[2018.06.10-17.58.18:790][386]LogModuleManager: Shutting down and abandoning module KismetCompiler (174)
[2018.06.10-17.58.18:790][386]LogModuleManager: Shutting down and abandoning module MeshUtilities (172)
[2018.06.10-17.58.18:790][386]LogModuleManager: Shutting down and abandoning module MeshMergeUtilities (171)
[2018.06.10-17.58.18:790][386]LogModuleManager: Shutting down and abandoning module MeshReductionInterface (170)
[2018.06.10-17.58.18:790][386]LogModuleManager: Shutting down and abandoning module SimplygonSwarm (169)
[2018.06.10-17.58.18:790][386]LogModuleManager: Shutting down and abandoning module SimplygonMeshReduction (167)
[2018.06.10-17.58.18:790][386]LogModuleManager: Shutting down and abandoning module QuadricMeshReduction (165)
[2018.06.10-17.58.18:790][386]LogModuleManager: Shutting down and abandoning module MaterialBaking (161)
[2018.06.10-17.58.18:790][386]LogModuleManager: Shutting down and abandoning module DirectoryWatcher (157)
[2018.06.10-17.58.18:795][386]LogModuleManager: Shutting down and abandoning module DerivedDataCache (154)
[2018.06.10-17.58.18:890][386]LogDerivedDataCache: Shutdown
[2018.06.10-17.58.18:890][386]LogModuleManager: Shutting down and abandoning module XGEController (152)
[2018.06.10-17.58.18:890][386]LogModuleManager: Shutting down and abandoning module TargetPlatform (150)
[2018.06.10-17.58.18:890][386]LogModuleManager: Shutting down and abandoning module VulkanShaderFormat (149)
[2018.06.10-17.58.18:891][386]LogModuleManager: Shutting down and abandoning module ShaderFormatVectorVM (147)
[2018.06.10-17.58.18:891][386]LogModuleManager: Shutting down and abandoning module ShaderFormatOpenGL (145)
[2018.06.10-17.58.18:891][386]LogModuleManager: Shutting down and abandoning module ShaderFormatD3D (143)
[2018.06.10-17.58.18:891][386]LogModuleManager: Shutting down and abandoning module MetalShaderFormat (141)
[2018.06.10-17.58.18:891][386]LogModuleManager: Shutting down and abandoning module TextureFormatUncompressed (139)
[2018.06.10-17.58.18:891][386]LogModuleManager: Shutting down and abandoning module TextureFormatPVR (137)
[2018.06.10-17.58.18:891][386]LogModuleManager: Shutting down and abandoning module TextureFormatDXT (135)
[2018.06.10-17.58.18:891][386]LogModuleManager: Shutting down and abandoning module TextureFormatIntelISPCTexComp (133)
[2018.06.10-17.58.18:892][386]LogModuleManager: Shutting down and abandoning module TextureFormatASTC (131)
[2018.06.10-17.58.18:892][386]LogModuleManager: Shutting down and abandoning module ImageWrapper (130)
[2018.06.10-17.58.18:892][386]LogModuleManager: Shutting down and abandoning module TextureFormatAndroid (127)
[2018.06.10-17.58.18:892][386]LogModuleManager: Shutting down and abandoning module AudioFormatOpus (125)
[2018.06.10-17.58.18:892][386]LogModuleManager: Shutting down and abandoning module AudioFormatOgg (123)
[2018.06.10-17.58.18:892][386]LogModuleManager: Shutting down and abandoning module AudioFormatADPCM (121)
[2018.06.10-17.58.18:892][386]LogModuleManager: Shutting down and abandoning module LinuxTargetPlatform (119)
[2018.06.10-17.58.18:892][386]LogModuleManager: Shutting down and abandoning module LinuxServerTargetPlatform (117)
[2018.06.10-17.58.18:892][386]LogModuleManager: Shutting down and abandoning module LinuxNoEditorTargetPlatform (115)
[2018.06.10-17.58.18:892][386]LogModuleManager: Shutting down and abandoning module LinuxClientTargetPlatform (113)
[2018.06.10-17.58.18:892][386]LogModuleManager: Shutting down and abandoning module TVOSTargetPlatform (111)
[2018.06.10-17.58.18:892][386]LogModuleManager: Shutting down and abandoning module Messaging (109)
[2018.06.10-17.58.18:892][386]LogModuleManager: Shutting down and abandoning module IOSTargetPlatform (107)
[2018.06.10-17.58.18:892][386]LogModuleManager: Shutting down and abandoning module HTML5TargetPlatform (105)
[2018.06.10-17.58.18:892][386]LogModuleManager: Shutting down and abandoning module AndroidTargetPlatform (103)
[2018.06.10-17.58.18:892][386]LogModuleManager: Shutting down and abandoning module Android_PVRTCTargetPlatform (101)
[2018.06.10-17.58.18:892][386]LogModuleManager: Shutting down and abandoning module Android_MultiTargetPlatform (99)
[2018.06.10-17.58.18:892][386]LogModuleManager: Shutting down and abandoning module Android_ETC2TargetPlatform (97)
[2018.06.10-17.58.18:892][386]LogModuleManager: Shutting down and abandoning module Android_ETC1TargetPlatform (95)
[2018.06.10-17.58.18:892][386]LogModuleManager: Shutting down and abandoning module Android_ETC1aTargetPlatform (93)
[2018.06.10-17.58.18:892][386]LogModuleManager: Shutting down and abandoning module Android_DXTTargetPlatform (91)
[2018.06.10-17.58.18:892][386]LogModuleManager: Shutting down and abandoning module Android_ATCTargetPlatform (89)
[2018.06.10-17.58.18:892][386]LogModuleManager: Shutting down and abandoning module Android_ASTCTargetPlatform (87)
[2018.06.10-17.58.18:892][386]LogModuleManager: Shutting down and abandoning module WindowsTargetPlatform (85)
[2018.06.10-17.58.18:892][386]LogModuleManager: Shutting down and abandoning module WindowsServerTargetPlatform (83)
[2018.06.10-17.58.18:893][386]LogModuleManager: Shutting down and abandoning module WindowsNoEditorTargetPlatform (81)
[2018.06.10-17.58.18:893][386]LogModuleManager: Shutting down and abandoning module WindowsClientTargetPlatform (79)
[2018.06.10-17.58.18:893][386]LogModuleManager: Shutting down and abandoning module MacTargetPlatform (77)
[2018.06.10-17.58.18:893][386]LogModuleManager: Shutting down and abandoning module MacServerTargetPlatform (75)
[2018.06.10-17.58.18:893][386]LogModuleManager: Shutting down and abandoning module MacNoEditorTargetPlatform (73)
[2018.06.10-17.58.18:893][386]LogModuleManager: Shutting down and abandoning module MacClientTargetPlatform (71)
[2018.06.10-17.58.18:893][386]LogModuleManager: Shutting down and abandoning module AllDesktopTargetPlatform (69)
[2018.06.10-17.58.18:893][386]LogModuleManager: Shutting down and abandoning module InputCore (66)
[2018.06.10-17.58.18:893][386]LogModuleManager: Shutting down and abandoning module Settings (64)
[2018.06.10-17.58.18:893][386]LogModuleManager: Shutting down and abandoning module PhysXCooking (62)
[2018.06.10-17.58.18:893][386]LogModuleManager: Shutting down and abandoning module SteamVR (60)
[2018.06.10-17.58.18:893][386]LogModuleManager: Shutting down and abandoning module OculusHMD (58)
[2018.06.10-17.58.18:893][386]LogModuleManager: Shutting down and abandoning module ExampleDeviceProfileSelector (56)
[2018.06.10-17.58.18:893][386]LogModuleManager: Shutting down and abandoning module AppleARKit (54)
[2018.06.10-17.58.18:893][386]LogModuleManager: Shutting down and abandoning module AugmentedReality (51)
[2018.06.10-17.58.18:893][386]LogModuleManager: Shutting down and abandoning module OnlineBlueprintSupport (48)
[2018.06.10-17.58.18:893][386]LogModuleManager: Shutting down and abandoning module OnlineSubsystem (44)
[2018.06.10-17.58.18:894][386]LogModuleManager: Shutting down and abandoning module XMPP (43)
[2018.06.10-17.58.18:894][386]LogModuleManager: Shutting down and abandoning module HTTP (41)
[2018.06.10-17.58.18:894][386]LogHttp: Display: Http module shutting down, but needs to wait on 1 outstanding Http requests:
[2018.06.10-17.58.18:894][386]LogHttp: Display: 	verb=[POST] url=[https://datarouter.ol.epicgames.com/datarouter/api/v1/public/data?SessionID=%7B697B1CDD-4F75-1F92-24C4-0E8285B95BF5%7D&AppID=UEEditor.Rocket.Release&AppVersion=4.19.2-4033788%2B%2B%2BUE4%2BRelease-4.19&UserID=2d1bd55b424107d96656a0809f6b9627%7C6f702caeaff9479190d4f504dc56d755%7Cdc60a97f-34c2-44fb-868d-d4032baf65e3&AppEnvironment=datacollector-binary&UploadType=eteventstream] status=Processing
[2018.06.10-17.58.18:908][386]LogModuleManager: Shutting down and abandoning module SSL (40)
[2018.06.10-17.58.18:921][386]LogModuleManager: Shutting down and abandoning module AnimationModifiers (36)
[2018.06.10-17.58.18:921][386]LogModuleManager: Shutting down and abandoning module PropertyEditor (35)
[2018.06.10-17.58.18:921][386]LogModuleManager: Shutting down and abandoning module AudioEditor (32)
[2018.06.10-17.58.18:921][386]LogModuleManager: Shutting down and abandoning module TextureCompressor (30)
[2018.06.10-17.58.18:922][386]LogModuleManager: Shutting down and abandoning module ShaderCore (28)
[2018.06.10-17.58.18:923][386]LogModuleManager: Shutting down and abandoning module Landscape (26)
[2018.06.10-17.58.18:925][386]LogModuleManager: Shutting down and abandoning module SlateRHIRenderer (24)
[2018.06.10-17.58.18:953][386]LogModuleManager: Shutting down and abandoning module OpenGLDrv (22)
[2018.06.10-17.58.18:953][386]LogModuleManager: Shutting down and abandoning module D3D11RHI (20)
[2018.06.10-17.58.18:953][386]LogModuleManager: Shutting down and abandoning module AnimGraphRuntime (18)
[2018.06.10-17.58.18:953][386]LogModuleManager: Shutting down and abandoning module Renderer (16)
[2018.06.10-17.58.18:953][386]LogModuleManager: Shutting down and abandoning module Engine (14)
[2018.06.10-17.58.18:954][386]LogModuleManager: Shutting down and abandoning module CoreUObject (12)
[2018.06.10-17.58.18:954][386]LogModuleManager: Shutting down and abandoning module NetworkFile (10)
[2018.06.10-17.58.18:954][386]LogModuleManager: Shutting down and abandoning module CookedIterativeFile (8)
[2018.06.10-17.58.18:954][386]LogModuleManager: Shutting down and abandoning module StreamingFile (6)
[2018.06.10-17.58.18:954][386]LogModuleManager: Shutting down and abandoning module SandboxFile (4)
[2018.06.10-17.58.18:954][386]LogModuleManager: Shutting down and abandoning module PakFile (2)
[2018.06.10-17.58.18:973][386]LogExit: Exiting.
[2018.06.10-17.58.19:077][386]Log file closed, 06/10/18 19:58:19
