Log file open, 06/10/18 15:34:41
LogWindows: Failed to load 'aqProf.dll' (GetLastError=126)
LogWindows: File 'aqProf.dll' does not exist
LogWindows: Failed to load 'VtuneApi.dll' (GetLastError=126)
LogWindows: File 'VtuneApi.dll' does not exist
LogWindows: Failed to load 'VtuneApi32e.dll' (GetLastError=126)
LogWindows: File 'VtuneApi32e.dll' does not exist
LogInit: Display: Running engine for game: Calio
LogPlatformFile: Not using cached read wrapper
LogInit: Display: RandInit(-1887117991) SRandInit(-1887117991).
LogInit: Read version file with build ID '3944462'
LogInit: Overriding engine version to CL 4033788, compatible CL 3944462
LogInit: Registered custom module enumerator with build ID '3944462'
LogTaskGraph: Started task graph with 5 named threads and 23 total threads with 3 sets of task threads.
LogStats: Stats thread started at 0.253936
LogD3D11RHI: Aftermath initialized
LogICUInternationalization: Display: ICU TimeZone Detection - Raw Offset: +1:00, Platform Override: ''
LogModuleManager: Display: Found up-to-date module file ../../../Engine/Plugins/Marketplace/Substance/Binaries/Win64/UE4Editor-SubstanceCore.dll (API version 3944462).
LogModuleManager: Display: Found up-to-date module file ../../../Engine/Plugins/Marketplace/Substance/Binaries/Win64/UE4Editor-SubstanceEditor.dll (API version 3944462).
LogModuleManager: Display: Found up-to-date module file ../../../Engine/Plugins/Marketplace/Substance/Binaries/Win64/UE4Editor-SubstanceSource.dll (API version 3944462).
LogModuleManager: Display: Found up-to-date module file ../../../Engine/Plugins/Marketplace/Substance/Binaries/Win64/UE4Editor-SubstanceLiveLink.dll (API version 3944462).
LogModuleManager: Display: Found up-to-date module file ../../../Engine/Plugins/2D/Paper2D/Binaries/Win64/UE4Editor-Paper2D.dll (API version 3944462).
LogModuleManager: Display: Found up-to-date module file ../../../Engine/Plugins/2D/Paper2D/Binaries/Win64/UE4Editor-Paper2DEditor.dll (API version 3944462).
LogModuleManager: Display: Found up-to-date module file ../../../Engine/Plugins/2D/Paper2D/Binaries/Win64/UE4Editor-PaperSpriteSheetImporter.dll (API version 3944462).
LogModuleManager: Display: Found up-to-date module file ../../../Engine/Plugins/2D/Paper2D/Binaries/Win64/UE4Editor-PaperTiledImporter.dll (API version 3944462).
LogModuleManager: Display: Found up-to-date module file ../../../Engine/Plugins/2D/Paper2D/Binaries/Win64/UE4Editor-SmartSnapping.dll (API version 3944462).
LogModuleManager: Display: Found up-to-date module file ../../../Engine/Plugins/Blendables/LightPropagationVolume/Binaries/Win64/UE4Editor-LightPropagationVolumeRuntime.dll (API version 3944462).
LogModuleManager: Display: Found up-to-date module file ../../../Engine/Plugins/Blendables/LightPropagationVolume/Binaries/Win64/UE4Editor-LightPropagationVolumeEditor.dll (API version 3944462).
LogModuleManager: Display: Found up-to-date module file ../../../Engine/Plugins/Developer/CLionSourceCodeAccess/Binaries/Win64/UE4Editor-CLionSourceCodeAccess.dll (API version 3944462).
LogModuleManager: Display: Found up-to-date module file ../../../Engine/Plugins/Developer/GitSourceControl/Binaries/Win64/UE4Editor-GitSourceControl.dll (API version 3944462).
LogModuleManager: Display: Found up-to-date module file ../../../Engine/Plugins/Developer/PerforceSourceControl/Binaries/Win64/UE4Editor-PerforceSourceControl.dll (API version 3944462).
LogModuleManager: Display: Found up-to-date module file ../../../Engine/Plugins/Developer/SubversionSourceControl/Binaries/Win64/UE4Editor-SubversionSourceControl.dll (API version 3944462).
LogModuleManager: Display: Found up-to-date module file ../../../Engine/Plugins/Developer/UObjectPlugin/Binaries/Win64/UE4Editor-UObjectPlugin.dll (API version 3944462).
LogModuleManager: Display: Found up-to-date module file ../../../Engine/Plugins/Developer/VisualStudioCodeSourceCodeAccess/Binaries/Win64/UE4Editor-VisualStudioCodeSourceCodeAccess.dll (API version 3944462).
LogModuleManager: Display: Found up-to-date module file ../../../Engine/Plugins/Developer/VisualStudioSourceCodeAccess/Binaries/Win64/UE4Editor-VisualStudioSourceCodeAccess.dll (API version 3944462).
LogModuleManager: Display: Found up-to-date module file ../../../Engine/Plugins/Editor/AssetManagerEditor/Binaries/Win64/UE4Editor-AssetManagerEditor.dll (API version 3944462).
LogModuleManager: Display: Found up-to-date module file ../../../Engine/Plugins/Editor/CryptoKeys/Binaries/Win64/UE4Editor-CryptoKeys.dll (API version 3944462).
LogModuleManager: Display: Found up-to-date module file ../../../Engine/Plugins/Editor/CryptoKeys/Binaries/Win64/UE4Editor-CryptoKeysOpenSSL.dll (API version 3944462).
LogModuleManager: Display: Found up-to-date module file ../../../Engine/Plugins/Editor/DataValidation/Binaries/Win64/UE4Editor-DataValidation.dll (API version 3944462).
LogModuleManager: Display: Found up-to-date module file ../../../Engine/Plugins/Editor/FacialAnimation/Binaries/Win64/UE4Editor-FacialAnimation.dll (API version 3944462).
LogModuleManager: Display: Found up-to-date module file ../../../Engine/Plugins/Editor/FacialAnimation/Binaries/Win64/UE4Editor-FacialAnimationEditor.dll (API version 3944462).
LogModuleManager: Display: Found up-to-date module file ../../../Engine/Plugins/Editor/GameplayTagsEditor/Binaries/Win64/UE4Editor-GameplayTagsEditor.dll (API version 3944462).
LogModuleManager: Display: Found up-to-date module file ../../../Engine/Plugins/Editor/MobileLauncherProfileWizard/Binaries/Win64/UE4Editor-MobileLauncherProfileWizard.dll (API version 3944462).
LogModuleManager: Display: Found up-to-date module file ../../../Engine/Plugins/Editor/PluginBrowser/Binaries/Win64/UE4Editor-PluginBrowser.dll (API version 3944462).
LogModuleManager: Display: Found up-to-date module file ../../../Engine/Plugins/Editor/SpeedTreeImporter/Binaries/Win64/UE4Editor-SpeedTreeImporter.dll (API version 3944462).
LogModuleManager: Display: Found up-to-date module file ../../../Engine/Plugins/Enterprise/DatasmithContent/Binaries/Win64/UE4Editor-DatasmithContent.dll (API version 3944462).
LogModuleManager: Display: Found up-to-date module file ../../../Engine/Plugins/Experimental/AlembicImporter/Binaries/Win64/UE4Editor-AlembicImporter.dll (API version 3944462).
LogModuleManager: Display: Found up-to-date module file ../../../Engine/Plugins/Experimental/AlembicImporter/Binaries/Win64/UE4Editor-AlembicLibrary.dll (API version 3944462).
LogModuleManager: Display: Found up-to-date module file ../../../Engine/Plugins/Experimental/CharacterAI/Binaries/Win64/UE4Editor-CharacterAI.dll (API version 3944462).
LogModuleManager: Display: Found up-to-date module file ../../../Engine/Plugins/Experimental/HTML5Networking/Binaries/Win64/UE4Editor-HTML5Networking.dll (API version 3944462).
LogModuleManager: Display: Found up-to-date module file ../../../Engine/Plugins/Media/AndroidMedia/Binaries/Win64/UE4Editor-AndroidMediaEditor.dll (API version 3944462).
LogModuleManager: Display: Found up-to-date module file ../../../Engine/Plugins/Media/AndroidMedia/Binaries/Win64/UE4Editor-AndroidMediaFactory.dll (API version 3944462).
LogModuleManager: Display: Found up-to-date module file ../../../Engine/Plugins/Media/AvfMedia/Binaries/Win64/UE4Editor-AvfMediaEditor.dll (API version 3944462).
LogModuleManager: Display: Found up-to-date module file ../../../Engine/Plugins/Media/AvfMedia/Binaries/Win64/UE4Editor-AvfMediaFactory.dll (API version 3944462).
LogModuleManager: Display: Found up-to-date module file ../../../Engine/Plugins/Media/AvfMedia/Binaries/Win64/UE4Editor-AvfMediaFactory.dll (API version 3944462).
LogModuleManager: Display: Found up-to-date module file ../../../Engine/Plugins/Media/ImgMedia/Binaries/Win64/UE4Editor-ImgMedia.dll (API version 3944462).
LogModuleManager: Display: Found up-to-date module file ../../../Engine/Plugins/Media/ImgMedia/Binaries/Win64/UE4Editor-ImgMediaEditor.dll (API version 3944462).
LogModuleManager: Display: Found up-to-date module file ../../../Engine/Plugins/Media/ImgMedia/Binaries/Win64/UE4Editor-ImgMediaFactory.dll (API version 3944462).
LogModuleManager: Display: Found up-to-date module file ../../../Engine/Plugins/Media/ImgMedia/Binaries/Win64/UE4Editor-ImgMediaFactory.dll (API version 3944462).
LogModuleManager: Display: Found up-to-date module file ../../../Engine/Plugins/Media/ImgMedia/Binaries/Win64/UE4Editor-OpenExrWrapper.dll (API version 3944462).
LogModuleManager: Display: Found up-to-date module file ../../../Engine/Plugins/Media/LinearTimecode/Binaries/Win64/UE4Editor-LinearTimecode.dll (API version 3944462).
LogModuleManager: Display: Found up-to-date module file ../../../Engine/Plugins/Media/MediaCompositing/Binaries/Win64/UE4Editor-MediaCompositing.dll (API version 3944462).
LogModuleManager: Display: Found up-to-date module file ../../../Engine/Plugins/Media/MediaCompositing/Binaries/Win64/UE4Editor-MediaCompositingEditor.dll (API version 3944462).
LogModuleManager: Display: Found up-to-date module file ../../../Engine/Plugins/Media/MediaPlayerEditor/Binaries/Win64/UE4Editor-MediaPlayerEditor.dll (API version 3944462).
LogModuleManager: Display: Found up-to-date module file ../../../Engine/Plugins/Media/WmfMedia/Binaries/Win64/UE4Editor-WmfMedia.dll (API version 3944462).
LogModuleManager: Display: Found up-to-date module file ../../../Engine/Plugins/Media/WmfMedia/Binaries/Win64/UE4Editor-WmfMediaEditor.dll (API version 3944462).
LogModuleManager: Display: Found up-to-date module file ../../../Engine/Plugins/Media/WmfMedia/Binaries/Win64/UE4Editor-WmfMediaFactory.dll (API version 3944462).
LogModuleManager: Display: Found up-to-date module file ../../../Engine/Plugins/Media/WmfMedia/Binaries/Win64/UE4Editor-WmfMediaFactory.dll (API version 3944462).
LogModuleManager: Display: Found up-to-date module file ../../../Engine/Plugins/Messaging/TcpMessaging/Binaries/Win64/UE4Editor-TcpMessaging.dll (API version 3944462).
LogModuleManager: Display: Found up-to-date module file ../../../Engine/Plugins/Messaging/UdpMessaging/Binaries/Win64/UE4Editor-UdpMessaging.dll (API version 3944462).
LogModuleManager: Display: Found up-to-date module file ../../../Engine/Plugins/MovieScene/ActorSequence/Binaries/Win64/UE4Editor-ActorSequence.dll (API version 3944462).
LogModuleManager: Display: Found up-to-date module file ../../../Engine/Plugins/MovieScene/LevelSequenceEditor/Binaries/Win64/UE4Editor-LevelSequenceEditor.dll (API version 3944462).
LogModuleManager: Display: Found up-to-date module file ../../../Engine/Plugins/MovieScene/MatineeToLevelSequence/Binaries/Win64/UE4Editor-MatineeToLevelSequence.dll (API version 3944462).
LogModuleManager: Display: Found up-to-date module file ../../../Engine/Plugins/NetcodeUnitTest/NetcodeUnitTest/Binaries/Win64/UE4Editor-NetcodeUnitTest.dll (API version 3944462).
LogModuleManager: Display: Found up-to-date module file ../../../Engine/Plugins/NetcodeUnitTest/NUTUnrealEngine4/Binaries/Win64/UE4Editor-NUTUnrealEngine4.dll (API version 3944462).
LogModuleManager: Display: Found up-to-date module file ../../../Engine/Plugins/Online/OnlineSubsystem/Binaries/Win64/UE4Editor-OnlineSubsystem.dll (API version 3944462).
LogModuleManager: Display: Found up-to-date module file ../../../Engine/Plugins/Runtime/AndroidPermission/Binaries/Win64/UE4Editor-AndroidPermission.dll (API version 3944462).
LogModuleManager: Display: Found up-to-date module file ../../../Engine/Plugins/Online/OnlineSubsystemNull/Binaries/Win64/UE4Editor-OnlineSubsystemNull.dll (API version 3944462).
LogModuleManager: Display: Found up-to-date module file ../../../Engine/Plugins/Online/OnlineSubsystemUtils/Binaries/Win64/UE4Editor-OnlineSubsystemUtils.dll (API version 3944462).
LogModuleManager: Display: Found up-to-date module file ../../../Engine/Plugins/Online/OnlineSubsystemUtils/Binaries/Win64/UE4Editor-OnlineBlueprintSupport.dll (API version 3944462).
LogModuleManager: Display: Found up-to-date module file ../../../Engine/Plugins/Runtime/AndroidDeviceProfileSelector/Binaries/Win64/UE4Editor-AndroidDeviceProfileSelector.dll (API version 3944462).
LogModuleManager: Display: Found up-to-date module file ../../../Engine/Plugins/Runtime/AppleARKit/Binaries/Win64/UE4Editor-AppleARKit.dll (API version 3944462).
LogModuleManager: Display: Found up-to-date module file ../../../Engine/Plugins/Runtime/ProceduralMeshComponent/Binaries/Win64/UE4Editor-ProceduralMeshComponent.dll (API version 3944462).
LogModuleManager: Display: Found up-to-date module file ../../../Engine/Plugins/Runtime/ProceduralMeshComponent/Binaries/Win64/UE4Editor-ProceduralMeshComponentEditor.dll (API version 3944462).
LogModuleManager: Display: Found up-to-date module file ../../../Engine/Plugins/Animation/LiveLink/Binaries/Win64/UE4Editor-LiveLink.dll (API version 3944462).
LogModuleManager: Display: Found up-to-date module file ../../../Engine/Plugins/Animation/LiveLink/Binaries/Win64/UE4Editor-LiveLinkEditor.dll (API version 3944462).
LogModuleManager: Display: Found up-to-date module file ../../../Engine/Plugins/Runtime/ArchVisCharacter/Binaries/Win64/UE4Editor-ArchVisCharacter.dll (API version 3944462).
LogModuleManager: Display: Found up-to-date module file ../../../Engine/Plugins/Runtime/AudioCapture/Binaries/Win64/UE4Editor-AudioCapture.dll (API version 3944462).
LogModuleManager: Display: Found up-to-date module file ../../../Engine/Plugins/Runtime/AudioCapture/Binaries/Win64/UE4Editor-AudioCaptureEditor.dll (API version 3944462).
LogModuleManager: Display: Found up-to-date module file ../../../Engine/Plugins/Runtime/CableComponent/Binaries/Win64/UE4Editor-CableComponent.dll (API version 3944462).
LogModuleManager: Display: Found up-to-date module file ../../../Engine/Plugins/Runtime/CustomMeshComponent/Binaries/Win64/UE4Editor-CustomMeshComponent.dll (API version 3944462).
LogModuleManager: Display: Found up-to-date module file ../../../Engine/Plugins/Runtime/ExampleDeviceProfileSelector/Binaries/Win64/UE4Editor-ExampleDeviceProfileSelector.dll (API version 3944462).
LogModuleManager: Display: Found up-to-date module file ../../../Engine/Plugins/Runtime/ImmediatePhysics/Binaries/Win64/UE4Editor-ImmediatePhysics.dll (API version 3944462).
LogModuleManager: Display: Found up-to-date module file ../../../Engine/Plugins/Runtime/ImmediatePhysics/Binaries/Win64/UE4Editor-ImmediatePhysicsEditor.dll (API version 3944462).
LogModuleManager: Display: Found up-to-date module file ../../../Engine/Plugins/Runtime/LocationServicesBPLibrary/Binaries/Win64/UE4Editor-LocationServicesBPLibrary.dll (API version 3944462).
LogModuleManager: Display: Found up-to-date module file ../../../Engine/Plugins/Runtime/MobilePatchingUtils/Binaries/Win64/UE4Editor-MobilePatchingUtils.dll (API version 3944462).
LogModuleManager: Display: Found up-to-date module file ../../../Engine/Plugins/Runtime/Oculus/OculusVR/Binaries/Win64/UE4Editor-OculusHMD.dll (API version 3944462).
LogModuleManager: Display: Found up-to-date module file ../../../Engine/Plugins/Runtime/Oculus/OculusVR/Binaries/Win64/UE4Editor-OculusInput.dll (API version 3944462).
LogModuleManager: Display: Found up-to-date module file ../../../Engine/Plugins/Runtime/Oculus/OculusVR/Binaries/Win64/UE4Editor-OculusEditor.dll (API version 3944462).
LogModuleManager: Display: Found up-to-date module file ../../../Engine/Plugins/Runtime/PhysXVehicles/Binaries/Win64/UE4Editor-PhysXVehicles.dll (API version 3944462).
LogModuleManager: Display: Found up-to-date module file ../../../Engine/Plugins/Runtime/PhysXVehicles/Binaries/Win64/UE4Editor-PhysXVehiclesEditor.dll (API version 3944462).
LogModuleManager: Display: Found up-to-date module file ../../../Engine/Plugins/Runtime/RuntimePhysXCooking/Binaries/Win64/UE4Editor-RuntimePhysXCooking.dll (API version 3944462).
LogModuleManager: Display: Found up-to-date module file ../../../Engine/Plugins/Runtime/Steam/SteamVR/Binaries/Win64/UE4Editor-SteamVR.dll (API version 3944462).
LogModuleManager: Display: Found up-to-date module file ../../../Engine/Plugins/Runtime/Steam/SteamVR/Binaries/Win64/UE4Editor-SteamVRController.dll (API version 3944462).
LogModuleManager: Display: Found up-to-date module file ../../../Engine/Plugins/Runtime/WindowsMoviePlayer/Binaries/Win64/UE4Editor-WindowsMoviePlayer.dll (API version 3944462).
LogPluginManager: Mounting plugin Paper2D
LogPluginManager: Mounting plugin LiveLink
LogPluginManager: Mounting plugin LightPropagationVolume
LogPluginManager: Mounting plugin CLionSourceCodeAccess
LogPluginManager: Mounting plugin CodeLiteSourceCodeAccess
LogPluginManager: Mounting plugin GitSourceControl
LogPluginManager: Mounting plugin KDevelopSourceCodeAccess
LogPluginManager: Mounting plugin NullSourceCodeAccess
LogPluginManager: Mounting plugin PerforceSourceControl
LogPluginManager: Mounting plugin SubversionSourceControl
LogPluginManager: Mounting plugin UObjectPlugin
LogPluginManager: Mounting plugin VisualStudioCodeSourceCodeAccess
LogPluginManager: Mounting plugin VisualStudioSourceCodeAccess
LogPluginManager: Mounting plugin XCodeSourceCodeAccess
LogPluginManager: Mounting plugin AssetManagerEditor
LogPluginManager: Mounting plugin CryptoKeys
LogPluginManager: Mounting plugin DataValidation
LogPluginManager: Mounting plugin FacialAnimation
LogPluginManager: Mounting plugin GameplayTagsEditor
LogPluginManager: Mounting plugin MobileLauncherProfileWizard
LogPluginManager: Mounting plugin PluginBrowser
LogPluginManager: Mounting plugin SpeedTreeImporter
LogPluginManager: Mounting plugin DatasmithContent
LogPluginManager: Mounting plugin AlembicImporter
LogPluginManager: Mounting plugin CharacterAI
LogPluginManager: Mounting plugin HTML5Networking
LogPluginManager: Mounting plugin Substance
LogPluginManager: Mounting plugin AndroidMedia
LogPluginManager: Mounting plugin AvfMedia
LogPluginManager: Mounting plugin ImgMedia
LogPluginManager: Mounting plugin LinearTimecode
LogPluginManager: Mounting plugin MediaCompositing
LogPluginManager: Mounting plugin MediaPlayerEditor
LogPluginManager: Mounting plugin WmfMedia
LogPluginManager: Mounting plugin TcpMessaging
LogPluginManager: Mounting plugin UdpMessaging
LogPluginManager: Mounting plugin ActorSequence
LogPluginManager: Mounting plugin LevelSequenceEditor
LogPluginManager: Mounting plugin MatineeToLevelSequence
LogPluginManager: Mounting plugin NetcodeUnitTest
LogPluginManager: Mounting plugin NUTUnrealEngine4
LogPluginManager: Mounting plugin OnlineSubsystemGooglePlay
LogPluginManager: Mounting plugin OnlineSubsystemIOS
LogPluginManager: Mounting plugin OnlineSubsystem
LogPluginManager: Mounting plugin OnlineSubsystemNull
LogPluginManager: Mounting plugin OnlineSubsystemUtils
LogPluginManager: Mounting plugin AndroidDeviceProfileSelector
LogPluginManager: Mounting plugin AndroidMoviePlayer
LogPluginManager: Mounting plugin AndroidPermission
LogPluginManager: Mounting plugin AppleARKit
LogPluginManager: Mounting plugin AppleMoviePlayer
LogPluginManager: Mounting plugin ArchVisCharacter
LogPluginManager: Mounting plugin AudioCapture
LogPluginManager: Mounting plugin CableComponent
LogPluginManager: Mounting plugin CustomMeshComponent
LogPluginManager: Mounting plugin ExampleDeviceProfileSelector
LogPluginManager: Mounting plugin GoogleCloudMessaging
LogPluginManager: Mounting plugin ImmediatePhysics
LogPluginManager: Mounting plugin IOSDeviceProfileSelector
LogPluginManager: Mounting plugin LinuxDeviceProfileSelector
LogPluginManager: Mounting plugin LocationServicesBPLibrary
LogPluginManager: Mounting plugin MobilePatchingUtils
LogPluginManager: Mounting plugin OculusVR
LogPluginManager: Plugin shader directory ../../../Engine/Plugins/Runtime/Oculus/OculusVR/Shaders found
LogPluginManager: Mapping shader source directory ../../../Engine/Plugins/Runtime/Oculus/OculusVR/Shaders to virtual directory /Plugin/OculusVR
LogPluginManager: Mounting plugin PhysXVehicles
LogPluginManager: Mounting plugin ProceduralMeshComponent
LogPluginManager: Mounting plugin RuntimePhysXCooking
LogPluginManager: Mounting plugin SteamVR
LogPluginManager: Mounting plugin WindowsMoviePlayer
LogStreaming: Display: Took  0.847s to configure plugins.
LogInit: Using libcurl 7.47.1
LogInit:  - built for x86_64-pc-win32
LogInit:  - supports SSL with OpenSSL/1.0.2g
LogInit:  - supports HTTP deflate (compression) using libz 1.2.8
LogInit:  - other features:
LogInit:      CURL_VERSION_SSL
LogInit:      CURL_VERSION_LIBZ
LogInit:      CURL_VERSION_IPV6
LogInit:      CURL_VERSION_ASYNCHDNS
LogInit:      CURL_VERSION_LARGEFILE
LogInit:      CURL_VERSION_IDN
LogInit:  CurlRequestOptions (configurable via config and command line):
LogInit:  - bVerifyPeer = false  - Libcurl will NOT verify peer certificate
LogInit:  - bUseHttpProxy = false  - Libcurl will NOT use HTTP proxy
LogInit:  - bDontReuseConnections = false  - Libcurl will reuse connections
LogInit:  - CertBundlePath = nullptr  - Libcurl will use whatever was configured at build time.
LogInit:  - MaxHostConnections = 16  - Libcurl will limit the number of connections to a host
LogInit:  - LocalHostAddr = Default
LogInit: WinSock: version 1.1 (2.2), MaxSocks=32767, MaxUdp=65467
LogInit: WinSock: I am Leons-PC (192.168.178.39:0)
LogInit: Build: ++UE4+Release-4.19-CL-4033788
LogInit: Engine Version: 4.19.2-4033788+++UE4+Release-4.19
LogInit: Compatible Engine Version: 4.19.0-3944462+++UE4+Release-4.19
LogInit: Net CL: 3944462
LogDevObjectVersion: Number of dev versions registered: 18
LogDevObjectVersion:   Dev-Blueprints (B0D832E4-1F89-4F0D-ACCF-7EB736FD4AA2): 10
LogDevObjectVersion:   Dev-Build (E1C64328-A22C-4D53-A36C-8E866417BD8C): 0
LogDevObjectVersion:   Dev-Core (375EC13C-06E4-48FB-B500-84F0262A717E): 2
LogDevObjectVersion:   Dev-Editor (E4B068ED-F494-42E9-A231-DA0B2E46BB41): 23
LogDevObjectVersion:   Dev-Framework (CFFC743F-43B0-4480-9391-14DF171D2073): 33
LogDevObjectVersion:   Dev-Mobile (B02B49B5-BB20-44E9-A304-32B752E40360): 2
LogDevObjectVersion:   Dev-Networking (A4E4105C-59A1-49B5-A7C5-40C4547EDFEE): 0
LogDevObjectVersion:   Dev-Online (39C831C9-5AE6-47DC-9A44-9C173E1C8E7C): 0
LogDevObjectVersion:   Dev-Physics (78F01B33-EBEA-4F98-B9B4-84EACCB95AA2): 0
LogDevObjectVersion:   Dev-Platform (6631380F-2D4D-43E0-8009-CF276956A95A): 0
LogDevObjectVersion:   Dev-Rendering (12F88B9F-8875-4AFC-A67C-D90C383ABD29): 25
LogDevObjectVersion:   Dev-Sequencer (7B5AE74C-D270-4C10-A958-57980B212A5A): 6
LogDevObjectVersion:   Dev-VR (D7296918-1DD6-4BDD-9DE2-64A83CC13884): 1
LogDevObjectVersion:   Dev-LoadTimes (C2A15278-BFE7-4AFE-6C17-90FF531DF755): 1
LogDevObjectVersion:   Private-Geometry (6EACA3D4-40EC-4CC1-B786-8BED09428FC5): 2
LogDevObjectVersion:   Dev-AnimPhys (29E575DD-E0A3-4627-9D10-D276232CDCEA): 16
LogDevObjectVersion:   Dev-ReflectionCapture (6B266CEC-1EC7-4B8F-A30B-E4D90942FC07): 1
LogDevObjectVersion:   Dev-Automation (0DF73D61-A23F-47EA-B727-89E90C41499A): 1
LogInit: Compiled (64-bit): Apr 27 2018 02:06:57
LogInit: Compiled with Visual C++: 19.00.24215.01
LogInit: Build Configuration: Development
LogInit: Branch Name: ++UE4+Release-4.19
LogInit: Command Line: -EpicPortal 
LogInit: Base Directory: I:/UnrealEngine/UE_4.19/Engine/Binaries/Win64/
LogInit: Installed Engine Build: 1
LogStreaming: Display: Took  0.000s to delete old logs.
LogInit: Presizing for max 8388607 objects, including 0 objects not considered by GC, pre-allocating 0 bytes for permanent pool.
LogInit: Object subsystem initialized
[2018.06.10-13.34.42:535][  0]LogInit: Selected Device Profile: [Windows]
[2018.06.10-13.34.42:535][  0]LogInit: Applying CVar settings loaded from the selected device profile: [Windows]
[2018.06.10-13.34.42:544][  0]LogInit: Computer: LEONS-PC
[2018.06.10-13.34.42:544][  0]LogInit: User: Leon
[2018.06.10-13.34.42:544][  0]LogInit: CPU Page size=4096, Cores=4
[2018.06.10-13.34.42:544][  0]LogInit: High frequency timer resolution =3.914067 MHz
[2018.06.10-13.34.42:544][  0]LogMemory: Memory total: Physical=6.4GB (7GB approx)
[2018.06.10-13.34.42:544][  0]LogMemory: Platform Memory Stats for Windows
[2018.06.10-13.34.42:544][  0]LogMemory: Process Physical Memory: 275.09 MB used, 275.09 MB peak
[2018.06.10-13.34.42:544][  0]LogMemory: Process Virtual Memory: 264.58 MB used, 264.58 MB peak
[2018.06.10-13.34.42:544][  0]LogMemory: Physical Memory: 5898.63 MB used,  653.57 MB free, 6552.20 MB total
[2018.06.10-13.34.42:544][  0]LogMemory: Virtual Memory: 645.19 MB used,  653.57 MB free, 134217728.00 MB total
[2018.06.10-13.34.42:584][  0]LogInit: Using OS detected language (de-DE).
[2018.06.10-13.34.42:584][  0]LogInit: Using OS detected locale (de-DE).
[2018.06.10-13.34.42:589][  0]LogTextLocalizationManager: No localization for 'de-DE' exists, so 'en' will be used for the language.
[2018.06.10-13.34.43:015][  0]LogStreaming: Display: Took  0.430s to EndInitTextLocalization.
[2018.06.10-13.34.43:015][  0]LogInit: Setting process to per monitor DPI aware
[2018.06.10-13.34.43:056][  0]LogSlate: New Slate User Created.  User Index 0, Is Virtual User: 0
[2018.06.10-13.34.43:056][  0]LogSlate: Slate User Registered.  User Index 0, Is Virtual User: 0
[2018.06.10-13.34.43:294][  0]LogD3D11RHI: D3D11 adapters:
[2018.06.10-13.34.43:348][  0]LogD3D11RHI:    0. 'NVIDIA GeForce GTX 980 Ti' (Feature Level 11_0)
[2018.06.10-13.34.43:348][  0]LogD3D11RHI:       6097/0/3276 MB DedicatedVideo/DedicatedSystem/SharedSystem, Outputs:3, VendorId:0x10de
[2018.06.10-13.34.43:350][  0]LogD3D11RHI:    1. 'Microsoft Basic Render Driver' (Feature Level 11_0)
[2018.06.10-13.34.43:350][  0]LogD3D11RHI:       0/0/3276 MB DedicatedVideo/DedicatedSystem/SharedSystem, Outputs:0, VendorId:0x1414
[2018.06.10-13.34.43:350][  0]LogD3D11RHI: Chosen D3D11 Adapter: 0
[2018.06.10-13.34.43:358][  0]LogD3D11RHI: Creating new Direct3DDevice
[2018.06.10-13.34.43:358][  0]LogD3D11RHI:     GPU DeviceId: 0x17c8 (for the marketing name, search the web for "GPU Device Id")
[2018.06.10-13.34.43:358][  0]LogWindows: EnumDisplayDevices:
[2018.06.10-13.34.43:358][  0]LogWindows:    0. 'NVIDIA GeForce GTX 980 Ti' (P:0 D:1)
[2018.06.10-13.34.43:358][  0]LogWindows:    1. 'NVIDIA GeForce GTX 980 Ti' (P:1 D:1)
[2018.06.10-13.34.43:359][  0]LogWindows:    2. 'NVIDIA GeForce GTX 980 Ti' (P:0 D:1)
[2018.06.10-13.34.43:359][  0]LogWindows:    3. 'NVIDIA GeForce GTX 980 Ti' (P:0 D:0)
[2018.06.10-13.34.43:359][  0]LogWindows: DebugString: FoundDriverCount:4 
[2018.06.10-13.34.43:359][  0]LogD3D11RHI:     Adapter Name: NVIDIA GeForce GTX 980 Ti
[2018.06.10-13.34.43:359][  0]LogD3D11RHI:   Driver Version: 391.35 (internal:23.21.13.9135, unified:391.35)
[2018.06.10-13.34.43:359][  0]LogD3D11RHI:      Driver Date: 3-23-2018
[2018.06.10-13.34.43:359][  0]LogRHI: Texture pool is 4268 MB (70% of 6097 MB)
[2018.06.10-13.34.43:393][  0]LogD3D11RHI: [Aftermath] Aftermath enabled and primed
[2018.06.10-13.34.43:393][  0]LogD3D11RHI: [Aftermath] Aftermath enabled and primed
[2018.06.10-13.34.43:393][  0]LogD3D11RHI: Async texture creation enabled
[2018.06.10-13.34.43:415][  0]LogD3D11RHI: GPU Timing Frequency: 1000.000000 (Debug: 2 2)
[2018.06.10-13.34.43:552][  0]LogShaderCompilers: Guid format shader working directory is 8 characters bigger than the processId version (../../../../../Unreal Engine 4/Calio/Intermediate/Shaders/WorkingDirectory/12828/).
[2018.06.10-13.34.43:552][  0]LogShaderCompilers: Cleaned the shader compiler working directory 'C:/Users/Leon/AppData/Local/Temp/UnrealShaderWorkingDir/8217A4AA48DB4C379E1340A606E19DF1/'.
[2018.06.10-13.34.43:756][  0]LogTemp: Display: Loaded TP AllDesktopTargetPlatform
[2018.06.10-13.34.43:767][  0]LogTemp: Display: Loaded TP MacClientTargetPlatform
[2018.06.10-13.34.43:778][  0]LogTemp: Display: Loaded TP MacNoEditorTargetPlatform
[2018.06.10-13.34.43:788][  0]LogTemp: Display: Loaded TP MacServerTargetPlatform
[2018.06.10-13.34.43:800][  0]LogTemp: Display: Loaded TP MacTargetPlatform
[2018.06.10-13.34.43:811][  0]LogTemp: Display: Loaded TP WindowsClientTargetPlatform
[2018.06.10-13.34.43:821][  0]LogTemp: Display: Loaded TP WindowsNoEditorTargetPlatform
[2018.06.10-13.34.43:833][  0]LogTemp: Display: Loaded TP WindowsServerTargetPlatform
[2018.06.10-13.34.43:838][  0]LogTemp: Display: Loaded TP WindowsTargetPlatform
[2018.06.10-13.34.43:847][  0]LogTemp: Display: Loaded TP Android_ASTCTargetPlatform
[2018.06.10-13.34.43:856][  0]LogTemp: Display: Loaded TP Android_ATCTargetPlatform
[2018.06.10-13.34.43:867][  0]LogTemp: Display: Loaded TP Android_DXTTargetPlatform
[2018.06.10-13.34.43:876][  0]LogTemp: Display: Loaded TP Android_ETC1aTargetPlatform
[2018.06.10-13.34.43:886][  0]LogTemp: Display: Loaded TP Android_ETC1TargetPlatform
[2018.06.10-13.34.43:895][  0]LogTemp: Display: Loaded TP Android_ETC2TargetPlatform
[2018.06.10-13.34.43:914][  0]LogTemp: Display: Loaded TP Android_MultiTargetPlatform
[2018.06.10-13.34.43:914][  0]LogTemp: Display: Loaded TP Android_PVRTCTargetPlatform
[2018.06.10-13.34.43:923][  0]LogTemp: Display: Loaded TP AndroidTargetPlatform
[2018.06.10-13.34.43:924][  0]LogTemp: Display: Loaded TP HTML5TargetPlatform
[2018.06.10-13.34.43:957][  0]LogTemp: Display: Loaded TP IOSTargetPlatform
[2018.06.10-13.34.43:966][  0]LogTemp: Display: Loaded TP TVOSTargetPlatform
[2018.06.10-13.34.43:975][  0]LogTemp: Display: Loaded TP LinuxClientTargetPlatform
[2018.06.10-13.34.43:985][  0]LogTemp: Display: Loaded TP LinuxNoEditorTargetPlatform
[2018.06.10-13.34.43:994][  0]LogTemp: Display: Loaded TP LinuxServerTargetPlatform
[2018.06.10-13.34.44:004][  0]LogTemp: Display: Loaded TP LinuxTargetPlatform
[2018.06.10-13.34.44:004][  0]LogTargetPlatformManager: Display: Building Assets For Windows
[2018.06.10-13.34.44:086][  0]LogXGEController: Cannot use XGE Controller as Incredibuild is not installed on this machine.
[2018.06.10-13.34.44:086][  0]LogShaderCompilers: Cannot use XGE Shader Compiler as Incredibuild is not installed on this machine.
[2018.06.10-13.34.44:086][  0]LogShaderCompilers: Display: Using Local Shader Compiler.
[2018.06.10-13.34.44:618][  0]LogDerivedDataCache: Display: Max Cache Size: 512 MB
[2018.06.10-13.34.44:718][  0]LogDerivedDataCache: Loaded boot cache 0.10s 74MB C:/Users/Leon/AppData/Local/UnrealEngine/4.19/DerivedDataCache/Boot.ddc.
[2018.06.10-13.34.44:718][  0]LogDerivedDataCache: Display: Loaded Boot cache: C:/Users/Leon/AppData/Local/UnrealEngine/4.19/DerivedDataCache/Boot.ddc
[2018.06.10-13.34.44:719][  0]LogDerivedDataCache: FDerivedDataBackendGraph:  Pak pak cache file ../../../../../Unreal Engine 4/Calio/DerivedDataCache/DDC.ddp not found, will not use a pak cache.
[2018.06.10-13.34.44:719][  0]LogDerivedDataCache: Unable to find inner node Pak for hierarchical cache Hierarchy.
[2018.06.10-13.34.44:719][  0]LogDerivedDataCache: FDerivedDataBackendGraph:  CompressedPak pak cache file ../../../../../Unreal Engine 4/Calio/DerivedDataCache/Compressed.ddp not found, will not use a pak cache.
[2018.06.10-13.34.44:719][  0]LogDerivedDataCache: Unable to find inner node CompressedPak for hierarchical cache Hierarchy.
[2018.06.10-13.34.44:732][  0]LogDerivedDataCache: Display: Pak cache opened for reading ../../../Engine/DerivedDataCache/Compressed.ddp.
[2018.06.10-13.34.44:744][  0]LogDerivedDataCache: Using Local data cache path C:/Users/Leon/AppData/Local/UnrealEngine/Common/DerivedDataCache: Writable
[2018.06.10-13.34.44:744][  0]LogDerivedDataCache: Shared data cache path not found in *engine.ini, will not use an Shared cache.
[2018.06.10-13.34.44:744][  0]LogDerivedDataCache: Unable to find inner node Shared for hierarchical cache Hierarchy.
[2018.06.10-13.34.44:755][  0]LogMaterial: Verifying Global Shaders for PCD3D_SM5
[2018.06.10-13.34.44:755][  0]LogSlate: Using Freetype 2.6.0
[2018.06.10-13.34.44:755][  0]LogSlate: SlateFontCache - WITH_FREETYPE: 1, WITH_HARFBUZZ: 1
[2018.06.10-13.34.44:755][  0]LogSlate: SlateFontCache - WITH_FREETYPE: 1, WITH_HARFBUZZ: 1
[2018.06.10-13.34.44:860][  0]LogAssetRegistry: FAssetRegistry took 0.0250 seconds to start up
[2018.06.10-13.34.45:111][  0]LogInit: Selected Device Profile: [Windows]
[2018.06.10-13.34.45:166][  0]LogSimplygon: Simplygon DLL not present - disabling.
[2018.06.10-13.34.45:168][  0]LogMeshReduction: Using SimplygonSwarm for distributed automatic mesh merging
[2018.06.10-13.34.45:168][  0]LogMeshReduction: Using QuadricMeshReduction for automatic static mesh reduction
[2018.06.10-13.34.45:168][  0]LogMeshReduction: No automatic skeletal mesh reduction module available
[2018.06.10-13.34.45:168][  0]LogMeshReduction: No automatic mesh merging module available
[2018.06.10-13.34.45:168][  0]LogMeshMerging: No automatic mesh merging module available
[2018.06.10-13.34.45:279][  0]LogNetVersion: Calio , NetCL: 3944462, EngineNetVer: 2, GameNetVer: 0 (Checksum: 3925421375)
[2018.06.10-13.34.45:670][  0]LogPackageLocalizationCache: Processed 9 localized package path(s) for 1 prioritized culture(s) in 0.030597 seconds
[2018.06.10-13.34.45:676][  0]LogUObjectArray: 36728 objects as part of root set at end of initial load.
[2018.06.10-13.34.45:677][  0]LogUObjectAllocator: 7314304 out of 0 bytes used by permanent object pool.
[2018.06.10-13.34.45:677][  0]LogUObjectArray: CloseDisregardForGC: 0/0 objects in disregard for GC pool
[2018.06.10-13.34.47:208][  0]LogSubstanceCoreModule: Substance [CPU] Engine Loaded, Max Texture Size = 2048
[2018.06.10-13.34.47:232][  0]LogTcpMessaging: Initializing TcpMessaging bridge
[2018.06.10-13.34.47:269][  0]LogUdpMessaging: Initializing bridge on interface 0.0.0.0:0 to multicast group 230.0.0.1:6666.
[2018.06.10-13.34.47:579][  0]SourceControl: Source control is disabled
[2018.06.10-13.34.47:580][  0]LogWindows: Warning: CreateProc failed: Das System kann die angegebene Datei nicht finden. (0x00000002)
[2018.06.10-13.34.47:580][  0]LogWindows: Warning: URL: C:/Program Files/Git/bin/git.exe version
[2018.06.10-13.34.47:580][  0]LogWindows: Warning: CreateProc failed: Das System kann die angegebene Datei nicht finden. (0x00000002)
[2018.06.10-13.34.47:580][  0]LogWindows: Warning: URL: C:/Program Files (x86)/Git/bin/git.exe version
[2018.06.10-13.34.47:580][  0]LogWindows: Warning: CreateProc failed: Das System kann die angegebene Datei nicht finden. (0x00000002)
[2018.06.10-13.34.47:580][  0]LogWindows: Warning: URL: C:\Users\Leon\AppData\Local/Programs/Git/cmd/git.exe version
[2018.06.10-13.34.47:581][  0]LogWindows: Warning: CreateProc failed: Das System kann die angegebene Datei nicht finden. (0x00000002)
[2018.06.10-13.34.47:581][  0]LogWindows: Warning: URL: C:/Program Files (x86)/SmartGit/git/bin/git.exe version
[2018.06.10-13.34.47:581][  0]LogWindows: Warning: CreateProc failed: Das System kann die angegebene Datei nicht finden. (0x00000002)
[2018.06.10-13.34.47:581][  0]LogWindows: Warning: URL: C:/Program Files (x86)/SmartGit/bin/git.exe version
[2018.06.10-13.34.48:623][  0]LogAndroidPermission: UAndroidPermissionCallbackProxy::GetInstance
[2018.06.10-13.34.48:822][  0]LogOcInput: OculusInput pre-init called
[2018.06.10-13.34.49:088][  0]LogEngine: Initializing Engine...
[2018.06.10-13.34.49:089][  0]LogHMD: Failed to initialize OpenVR with code 110
[2018.06.10-13.34.49:090][  0]LogStats: UGameplayTagsManager::ConstructGameplayTagTree: Construct from data asset -  0.000 s
[2018.06.10-13.34.49:090][  0]LogStats: UGameplayTagsManager::ConstructGameplayTagTree: GameplayTagTreeChangedEvent.Broadcast -  0.000 s
[2018.06.10-13.34.49:365][  0]LogAIModule: Creating AISystem for world Untitled
[2018.06.10-13.34.49:388][  0]LogInit: XAudio2 using 'Lautsprecher (Sound Blaster Z)' : 6 channels at 48 kHz using 32 bits per sample (channel mask 0x3f)
[2018.06.10-13.34.49:398][  0]LogInit: FAudioDevice initialized.
[2018.06.10-13.34.49:824][  0]LogDerivedDataCache: Saved boot cache 0.42s 74MB C:/Users/Leon/AppData/Local/UnrealEngine/4.19/DerivedDataCache/Boot.ddc.
[2018.06.10-13.34.49:845][  0]LogInit: Texture streaming: Enabled
[2018.06.10-13.34.49:859][  0]LogEngineSessionManager: EngineSessionManager initialized
[2018.06.10-13.34.49:870][  0]LogInit: Transaction tracking system initialized
[2018.06.10-13.34.49:886][  0]BlueprintLog: New page: Editor Load
[2018.06.10-13.34.49:951][  0]LocalizationService: Localization service is disabled
[2018.06.10-13.34.50:042][  0]LogConsoleResponse: Display: 
[2018.06.10-13.34.50:167][  0]LogCook: Display: Max memory allowance for cook 16384mb min free memory 0mb
[2018.06.10-13.34.50:168][  0]LogCook: Display: Mobile HDR setting 1
[2018.06.10-13.34.50:168][  0]LogGameplayTags: Display: UGameplayTagsManager::DoneAddingNativeTags. DelegateIsBound: 0
[2018.06.10-13.34.50:168][  0]LogStats: UGameplayTagsManager::ConstructGameplayTagTree: Construct from data asset -  0.000 s
[2018.06.10-13.34.50:168][  0]LogStats: UGameplayTagsManager::ConstructGameplayTagTree: GameplayTagTreeChangedEvent.Broadcast -  0.000 s
[2018.06.10-13.34.50:475][  0]LogFileCache: Scanning file cache for directory 'I:/Unreal Engine 4/Calio/Content/' took 0.01s
[2018.06.10-13.34.50:475][  0]Cmd: MAP LOAD FILE="../../../../../Unreal Engine 4/Calio/Content/ThirdPersonBP/Maps/ThirdPersonExampleMap.umap" TEMPLATE=0 SHOWPROGRESS=1 FEATURELEVEL=3
[2018.06.10-13.34.50:476][  0]LightingResults: New page: Lighting Build
[2018.06.10-13.34.50:478][  0]MapCheck: New page: Map Check
[2018.06.10-13.34.50:478][  0]LightingResults: New page: Lighting Build
[2018.06.10-13.34.50:556][  0]LogUObjectGlobals: Created PersistentFrame Addr=0x00000258a0faa6c0, Size=64, Default__ThirdPerson_AnimBP_C Function /Game/Mannequin/Animations/ThirdPerson_AnimBP.ThirdPerson_AnimBP_C:ExecuteUbergraph_ThirdPerson_AnimBP
[2018.06.10-13.34.50:570][  0]LogUObjectGlobals: Destroyed PersistentFrame Addr=0x00000258a0faa6c0, Size=64
[2018.06.10-13.34.50:570][  0]LogUObjectGlobals: Created PersistentFrame Addr=0x00000258a0faa8c0, Size=64, Default__ThirdPerson_AnimBP_C Function /Engine/Transient.REINST_ThirdPerson_AnimBP_C_0:ExecuteUbergraph_ThirdPerson_AnimBP
[2018.06.10-13.34.50:579][  0]LogUObjectGlobals: Created PersistentFrame Addr=0x0000025897f150d0, Size=72, Default__ThirdPerson_AnimBP_C Function /Game/Mannequin/Animations/ThirdPerson_AnimBP.ThirdPerson_AnimBP_C:ExecuteUbergraph_ThirdPerson_AnimBP
[2018.06.10-13.34.50:620][  0]LogUObjectGlobals: Created PersistentFrame Addr=0x0000025897ead1c0, Size=296, Default__ThirdPersonCharacter_C Function /Game/ThirdPersonBP/Blueprints/ThirdPersonCharacter.ThirdPersonCharacter_C:ExecuteUbergraph_ThirdPersonCharacter
[2018.06.10-13.34.50:625][  0]LogUObjectGlobals: Destroyed PersistentFrame Addr=0x0000025897ead1c0, Size=296
[2018.06.10-13.34.50:625][  0]LogUObjectGlobals: Created PersistentFrame Addr=0x0000025897e93880, Size=296, Default__ThirdPersonCharacter_C Function /Engine/Transient.REINST_ThirdPersonCharacter_C_4:ExecuteUbergraph_ThirdPersonCharacter
[2018.06.10-13.34.50:630][  0]LogUObjectGlobals: Created PersistentFrame Addr=0x0000025897e92ac0, Size=296, Default__ThirdPersonCharacter_C Function /Game/ThirdPersonBP/Blueprints/ThirdPersonCharacter.ThirdPersonCharacter_C:ExecuteUbergraph_ThirdPersonCharacter
[2018.06.10-13.34.50:791][  0]LogSkeletalMesh: Skeletal Mesh found in DDC [14.694690ms] /Game/Mannequin/Character/Mesh/SK_Mannequin.SK_Mannequin
[2018.06.10-13.34.50:926][  0]LogAIModule: Creating AISystem for world ThirdPersonExampleMap
[2018.06.10-13.34.50:937][  0]LogEditorServer: Finished looking for orphan Actors (0.000 secs)
[2018.06.10-13.34.50:950][  0]LogUObjectGlobals: Destroyed PersistentFrame Addr=0x00000258a0faa8c0, Size=64
[2018.06.10-13.34.50:950][  0]LogUObjectGlobals: Destroyed PersistentFrame Addr=0x0000025897e93880, Size=296
[2018.06.10-13.34.50:951][  0]Cmd: MAP CHECKDEP NOCLEARLOG
[2018.06.10-13.34.50:992][  0]MapCheck: Map check complete: 0 Error(s), 0 Warning(s), took 40,907ms to complete.
[2018.06.10-13.34.50:992][  0]LogFileHelpers: Loading map 'ThirdPersonExampleMap' took 0.517
[2018.06.10-13.34.51:079][  0]LogWindowsTextInputMethodSystem: Display: IME system now deactivated.
[2018.06.10-13.34.51:080][  0]LogWindowsTextInputMethodSystem: Display: IME system now deactivated.
[2018.06.10-13.34.51:172][  0]LogCollectionManager: Loaded 0 collections in 0.001794 seconds
[2018.06.10-13.34.51:234][  0]LogFileCache: Scanning file cache for directory 'I:/Unreal Engine 4/Calio/Saved/Collections/' took 0.01s
[2018.06.10-13.34.51:234][  0]LogFileCache: Scanning file cache for directory 'I:/Unreal Engine 4/Calio/Content/Developers/Leon/Collections/' took 0.01s
[2018.06.10-13.34.51:234][  0]LogFileCache: Scanning file cache for directory 'I:/Unreal Engine 4/Calio/Content/Collections/' took 0.01s
[2018.06.10-13.34.51:234][  0]LogCollectionManager: Rebuilt the GUID cache for 0 collections in 0.000001 seconds
[2018.06.10-13.34.51:242][  0]LogContentBrowser: Native class hierarchy populated in 0.0078 seconds. Added 2466 classes and 564 folders.
[2018.06.10-13.34.51:251][  0]LogContentBrowser: Native class hierarchy updated for 'WidgetCarousel' in 0.0002 seconds. Added 0 classes and 0 folders.
[2018.06.10-13.34.51:354][  0]LogContentBrowser: Native class hierarchy updated for 'AddContentDialog' in 0.0003 seconds. Added 0 classes and 0 folders.
[2018.06.10-13.34.51:360][  0]LogContentBrowser: Native class hierarchy updated for 'SceneOutliner' in 0.0002 seconds. Added 1 classes and 2 folders.
[2018.06.10-13.34.51:384][  0]LogSlate: Took 0.000527 seconds to synchronously load lazily loaded font '../../../Engine/Content/Slate/Fonts/Roboto-Regular.ttf' (155K)
[2018.06.10-13.34.51:394][  0]LogSlate: Took 0.000649 seconds to synchronously load lazily loaded font '../../../Engine/Content/Slate/Fonts/Roboto-Bold.ttf' (160K)
[2018.06.10-13.34.51:404][  0]LogSlate: Took 0.001344 seconds to synchronously load lazily loaded font '../../../Engine/Content/Editor/Slate/Fonts/FontAwesome.ttf' (139K)
[2018.06.10-13.34.51:514][  0]LogRenderer: Reallocating scene render targets to support 1092x572 Format 10 NumSamples 1 (Frame:1).
[2018.06.10-13.34.51:676][  0]LogContentBrowser: Native class hierarchy updated for 'HierarchicalLODOutliner' in 0.0002 seconds. Added 0 classes and 0 folders.
[2018.06.10-13.34.51:676][  0]LogLoad: (Engine Initialization) Total time: 11.29 seconds
[2018.06.10-13.34.51:676][  0]LogLoad: (Engine Initialization) Total Blueprint compile time: 0.00 seconds
[2018.06.10-13.34.51:703][  0]LogAssetRegistry: Asset discovery search completed in 6.8654 seconds
[2018.06.10-13.34.51:705][  0]LogCollectionManager: Rebuilt the object cache for 0 collections in 0.000000 seconds (found 0 objects)
[2018.06.10-13.34.51:705][  0]LogCollectionManager: Fixed up redirectors for 0 collections in 0.000039 seconds (updated 0 objects)
[2018.06.10-13.34.51:708][  0]LogContentStreaming: Texture pool size now 1000 MB
[2018.06.10-13.34.51:740][  0]LogSlate: Took 0.002527 seconds to synchronously load lazily loaded font '../../../Engine/Content/Slate/Fonts/Roboto-Light.ttf' (167K)
[2018.06.10-13.34.51:749][  1]LogSubstanceLiveLink: Warning: Unable to send data along socket, closing connection
[2018.06.10-13.34.57:979][216]LogSlate: FSceneViewport::OnFocusLost() reason 0
[2018.06.10-13.34.58:123][230]LogSlate: Took 0.000205 seconds to synchronously load lazily loaded font '../../../Engine/Content/Slate/Fonts/Roboto-Light.ttf' (167K)
[2018.06.10-13.34.58:147][230]LogAIModule: Creating AISystem for world FinalTest
[2018.06.10-13.35.03:035][727]SourceControl: Error: git-lfs clean -- 'Content/ThirdPersonBP/FinalTest.umap': git-lfs: command not found
[2018.06.10-13.35.03:035][727]SourceControl: Error: error: external filter git-lfs clean -- %f failed -1
[2018.06.10-13.35.03:035][727]SourceControl: Error: error: external filter git-lfs clean -- %f failed
[2018.06.10-13.35.03:035][727]SourceControl: Error: fatal: Content/ThirdPersonBP/FinalTest.umap: clean filter 'lfs' failed
[2018.06.10-13.35.09:392][440]SourceControl: Error: git-lfs clean -- 'Content/ThirdPersonBP/testbp.uasset': git-lfs: command not found
[2018.06.10-13.35.09:392][440]SourceControl: Error: error: external filter git-lfs clean -- %f failed -1
[2018.06.10-13.35.09:392][440]SourceControl: Error: error: external filter git-lfs clean -- %f failed
[2018.06.10-13.35.09:392][440]SourceControl: Error: fatal: Content/ThirdPersonBP/testbp.uasset: clean filter 'lfs' failed
[2018.06.10-13.35.27:240][263]SourceControl: Error: git-lfs clean -- 'Content/ThirdPersonBP/FinalTest.umap': git-lfs: command not found
[2018.06.10-13.35.27:240][263]SourceControl: Error: error: external filter git-lfs clean -- %f failed -1
[2018.06.10-13.35.27:240][263]SourceControl: Error: error: external filter git-lfs clean -- %f failed
[2018.06.10-13.35.27:240][263]SourceControl: Error: fatal: Content/ThirdPersonBP/FinalTest.umap: clean filter 'lfs' failed
[2018.06.10-13.35.32:215][828]SourceControl: fatal: I:/UnrealEngine/UE_4.19/Engine/Content: 'I:/UnrealEngine/UE_4.19/Engine/Content' is outside repository
[2018.06.10-13.35.32:305][828]LogPackageName: Error: Illegal call to DoesPackageExist: '../../../../../Unreal Engine 4/Calio/Calio.uproject' is not a standard unreal filename or a long path name. Reason: Path should be no less than 4 characters long.
[2018.06.10-13.35.32:728][828]LogStats: FPlatformStackWalk::StackWalkAndDump -  0.422 s
[2018.06.10-13.35.32:728][828]LogOutputDevice: Error: === Handled ensure: ===
[2018.06.10-13.35.32:728][828]LogOutputDevice: Error: 
[2018.06.10-13.35.32:728][828]LogOutputDevice: Error: Ensure condition failed: false [File:D:\Build\++UE4+Release-4.19+Compile\Sync\Engine\Source\Runtime\CoreUObject\Private\Misc\PackageName.cpp] [Line: 818]
[2018.06.10-13.35.32:728][828]LogOutputDevice: Error: Illegal call to DoesPackageExist: '../../../../../Unreal Engine 4/Calio/Calio.uproject' is not a standard unreal filename or a long path name. Reason: Path should be no less than 4 characters long.
[2018.06.10-13.35.32:728][828]LogOutputDevice: Error: Stack: 
[2018.06.10-13.35.32:728][828]LogOutputDevice: Error: [Callstack] 0x000000006BA9B706 UE4Editor-Core.dll!UnknownFunction []
[2018.06.10-13.35.32:728][828]LogOutputDevice: Error: [Callstack] 0x000000006B7FAE3A UE4Editor-Core.dll!UnknownFunction []
[2018.06.10-13.35.32:728][828]LogOutputDevice: Error: [Callstack] 0x000000006B80ECD6 UE4Editor-Core.dll!UnknownFunction []
[2018.06.10-13.35.32:728][828]LogOutputDevice: Error: [Callstack] 0x000000006B06DD3B UE4Editor-CoreUObject.dll!UnknownFunction []
[2018.06.10-13.35.32:728][828]LogOutputDevice: Error: [Callstack] 0x0000000062046A12 UE4Editor-SourceControl.dll!UnknownFunction []
[2018.06.10-13.35.32:728][828]LogOutputDevice: Error: [Callstack] 0x0000000062046BA7 UE4Editor-SourceControl.dll!UnknownFunction []
[2018.06.10-13.35.32:728][828]LogOutputDevice: Error: [Callstack] 0x000000005E9450CE UE4Editor-SourceControlWindows.dll!UnknownFunction []
[2018.06.10-13.35.32:728][828]LogOutputDevice: Error: [Callstack] 0x000000005E904805 UE4Editor-SourceControlWindows.dll!UnknownFunction []
[2018.06.10-13.35.32:728][828]LogOutputDevice: Error: [Callstack] 0x000000005E903DDD UE4Editor-SourceControlWindows.dll!UnknownFunction []
[2018.06.10-13.35.32:728][828]LogOutputDevice: Error: [Callstack] 0x000000005E9190B4 UE4Editor-SourceControlWindows.dll!UnknownFunction []
[2018.06.10-13.35.32:728][828]LogOutputDevice: Error: [Callstack] 0x0000000054EF4669 UE4Editor-GitSourceControl.dll!UnknownFunction []
[2018.06.10-13.35.32:728][828]LogOutputDevice: Error: [Callstack] 0x000000006204B9BC UE4Editor-SourceControl.dll!UnknownFunction []
[2018.06.10-13.35.32:728][828]LogOutputDevice: Error: [Callstack] 0x000000006685DF0A UE4Editor-UnrealEd.dll!UnknownFunction []
[2018.06.10-13.35.32:728][828]LogOutputDevice: Error: [Callstack] 0x00000000670F9626 UE4Editor-UnrealEd.dll!UnknownFunction []
[2018.06.10-13.35.32:728][828]LogOutputDevice: Error: [Callstack] 0x00000000B5475EAC UE4Editor.exe!UnknownFunction []
[2018.06.10-13.35.32:728][828]LogOutputDevice: Error: [Callstack] 0x00000000B5486BD0 UE4Editor.exe!UnknownFunction []
[2018.06.10-13.35.32:728][828]LogOutputDevice: Error: [Callstack] 0x00000000B5486C4A UE4Editor.exe!UnknownFunction []
[2018.06.10-13.35.32:728][828]LogOutputDevice: Error: [Callstack] 0x00000000B5494177 UE4Editor.exe!UnknownFunction []
[2018.06.10-13.35.32:728][828]LogOutputDevice: Error: [Callstack] 0x00000000B5495B87 UE4Editor.exe!UnknownFunction []
[2018.06.10-13.35.32:728][828]LogOutputDevice: Error: [Callstack] 0x00000000C14F2774 KERNEL32.DLL!UnknownFunction []
[2018.06.10-13.35.32:728][828]LogOutputDevice: Error: [Callstack] 0x00000000C1AD0D61 ntdll.dll!UnknownFunction []
[2018.06.10-13.35.32:728][828]LogOutputDevice: Error: 
[2018.06.10-13.35.32:729][828]LogStats:                SubmitErrorReport -  0.000 s
[2018.06.10-13.35.33:107][828]LogStats:                    SendNewReport -  0.378 s
[2018.06.10-13.35.33:107][828]LogStats:             FDebug::EnsureFailed -  0.802 s
[2018.06.10-13.35.41:815][828]LogSlate: Window 'Submit Files' being destroyed
[2018.06.10-13.35.42:106][828]SourceControl: Error: git-lfs clean -- 'Content/ThirdPersonBP/FinalTest.umap': git-lfs: command not found
[2018.06.10-13.35.42:106][828]SourceControl: Error: error: external filter git-lfs clean -- %f failed -1
[2018.06.10-13.35.42:106][828]SourceControl: Error: error: external filter git-lfs clean -- %f failed
[2018.06.10-13.35.42:106][828]SourceControl: Error: fatal: Content/ThirdPersonBP/FinalTest.umap: clean filter 'lfs' failed
[2018.06.10-13.35.42:209][828]LogWindows: Windows GetLastError: Der Vorgang wurde erfolgreich beendet. (0)
[2018.06.10-13.35.42:410][828]LogThreadingWindows: Error: Runnable thread PoolThread 4 crashed.
[2018.06.10-13.35.42:410][828]LogWindows: Error: === Critical error: ===
[2018.06.10-13.35.42:410][828]LogWindows: Error: 
[2018.06.10-13.35.42:410][828]LogWindows: Error: Assertion failed: (Index >= 0) & (Index < ArrayNum) [File:D:\Build\++UE4+Release-4.19+Compile\Sync\Engine\Source\Runtime\Core\Public\Containers/Array.h] [Line: 610] 
[2018.06.10-13.35.42:410][828]LogWindows: Error: Array index out of bounds: 0 from an array of size 0
[2018.06.10-13.35.42:410][828]LogWindows: Error: 
[2018.06.10-13.35.42:410][828]LogWindows: Error: 
[2018.06.10-13.35.42:410][828]LogWindows: Error: [Callstack] 0x00000000BE409E08 KERNELBASE.dll!UnknownFunction []
[2018.06.10-13.35.42:410][828]LogWindows: Error: [Callstack] 0x0000000088497884 UE4Editor-ApplicationCore.dll!UnknownFunction []
[2018.06.10-13.35.42:410][828]LogWindows: Error: [Callstack] 0x000000006B8B6D9B UE4Editor-Core.dll!UnknownFunction []
[2018.06.10-13.35.42:410][828]LogWindows: Error: [Callstack] 0x000000006B7F1949 UE4Editor-Core.dll!UnknownFunction []
[2018.06.10-13.35.42:410][828]LogWindows: Error: [Callstack] 0x0000000054EDEDD7 UE4Editor-GitSourceControl.dll!UnknownFunction []
[2018.06.10-13.35.42:410][828]LogWindows: Error: [Callstack] 0x0000000054EDDC75 UE4Editor-GitSourceControl.dll!UnknownFunction []
[2018.06.10-13.35.42:410][828]LogWindows: Error: [Callstack] 0x000000006B73FA55 UE4Editor-Core.dll!UnknownFunction []
[2018.06.10-13.35.42:410][828]LogWindows: Error: [Callstack] 0x000000006BA99FFC UE4Editor-Core.dll!UnknownFunction []
[2018.06.10-13.35.42:410][828]LogWindows: Error: [Callstack] 0x000000006BA8ED63 UE4Editor-Core.dll!UnknownFunction []
[2018.06.10-13.35.42:410][828]LogWindows: Error: [Callstack] 0x00000000C14F2774 KERNEL32.DLL!UnknownFunction []
[2018.06.10-13.35.42:410][828]LogWindows: Error: [Callstack] 0x00000000C1AD0D61 ntdll.dll!UnknownFunction []
[2018.06.10-13.35.42:410][828]LogWindows: Error: [Callstack] 0x00000000C1AD0D61 ntdll.dll!UnknownFunction []
[2018.06.10-13.35.42:410][828]LogWindows: Error: 
[2018.06.10-13.35.42:410][828]LogWindows: Error: Crash in runnable thread PoolThread 4
[2018.06.10-13.35.42:419][828]LogExit: Executing StaticShutdownAfterError
[2018.06.10-13.35.42:419][828]LogWindows: FPlatformMisc::RequestExit(1)
[2018.06.10-13.35.42:419][828]Log file closed, 06/10/18 15:35:42
